[WARN]  Running against a source checkout. In order to get our runtime dependencies we'll have to invoke Maven. Depending on the state of your system, this may take ~30-45 seconds
[DEBUG]  Running 'mvn -pl com.yahoo.ycsb:dblei-binding -am package -DskipTests dependency:build-classpath -DincludeScope=compile -Dmdep.outputFilterFile=true'
java -cp /home/jose/Desktop/LEI/Graficos/Key-DocumentDBv1/YCSB-master/dblei/conf:/home/jose/Desktop/LEI/Graficos/Key-DocumentDBv1/YCSB-master/dblei/target/dblei-binding-0.16.0-SNAPSHOT.jar:/home/jose/.m2/repository/org/apache/htrace/htrace-core4/4.1.0-incubating/htrace-core4-4.1.0-incubating.jar:/home/jose/.m2/repository/org/slf4j/slf4j-api/1.7.25/slf4j-api-1.7.25.jar:/home/jose/.m2/repository/org/rocksdb/rocksdbjni/5.11.3/rocksdbjni-5.11.3.jar:/home/jose/.m2/repository/net/jcip/jcip-annotations/1.0/jcip-annotations-1.0.jar:/home/jose/Desktop/LEI/Graficos/Key-DocumentDBv1/YCSB-master/core/target/core-0.16.0-SNAPSHOT.jar:/home/jose/.m2/repository/org/hdrhistogram/HdrHistogram/2.1.4/HdrHistogram-2.1.4.jar:/home/jose/Desktop/LEI/Key-DocumentDB/DB/target/bd-serverless-1.0-SNAPSHOT.jar:/home/jose/.m2/repository/org/codehaus/jackson/jackson-mapper-asl/1.9.4/jackson-mapper-asl-1.9.4.jar:/home/jose/.m2/repository/org/codehaus/jackson/jackson-core-asl/1.9.4/jackson-core-asl-1.9.4.jar com.yahoo.ycsb.Client -db com.yahoo.ycsb.db.dblei.DBLEIClient -P workloads/workloadaC -p operationcount=200 -s -t
Command line: -db com.yahoo.ycsb.db.dblei.DBLEIClient -P workloads/workloadaC -p operationcount=200 -s -t
YCSB Client 0.16.0-SNAPSHOT

Loading workload...
Starting test.
2019-06-24 12:17:28:777 0 sec: 0 operations; est completion in 0 second 
Vou conectar ao spread
[Thread-3] WARN io.atomix.cluster.messaging.impl.NettyMessagingService - Disabling TLS for intra-cluster messaging; Could not load cluster key store: ../config/atomix.jks (No such file or directory)
[netty-messaging-event-epoll-server-0] INFO io.atomix.cluster.messaging.impl.NettyMessagingService - localhost/127.0.0.1 accepting incoming connections on port 22657
[Thread-3] INFO io.atomix.cluster.messaging.impl.NettyMessagingService - Started
DBWrapper: report latency for each error is false and specific error codes to track for latency are: []
[ForkJoinPool.commonPool-worker-1] INFO io.atomix.cluster.messaging.impl.NettyMessagingService - Stopped
2019-06-24 12:17:31:955 3 sec: 200 operations; 62,56 current ops/sec; [CLEANUP: Count=1, Max=2250751, Min=2248704, Avg=2249728, 90=2250751, 99=2250751, 99.9=2250751, 99.99=2250751] [UPDATE: Count=200, Max=55583, Min=1491, Avg=2408,81, 90=2351, 99=7623, 99.9=55583, 99.99=55583] 
[OVERALL], RunTime(ms), 3197
[OVERALL], Throughput(ops/sec), 62.55864873318736
[TOTAL_GCS_PS_Scavenge], Count, 1
[TOTAL_GC_TIME_PS_Scavenge], Time(ms), 6
[TOTAL_GC_TIME_%_PS_Scavenge], Time(%), 0.1876759461995621
[TOTAL_GCS_PS_MarkSweep], Count, 0
[TOTAL_GC_TIME_PS_MarkSweep], Time(ms), 0
[TOTAL_GC_TIME_%_PS_MarkSweep], Time(%), 0.0
[TOTAL_GCs], Count, 1
[TOTAL_GC_TIME], Time(ms), 6
[TOTAL_GC_TIME_%], Time(%), 0.1876759461995621
[CLEANUP], Operations, 1
[CLEANUP], AverageLatency(us), 2249728.0
[CLEANUP], MinLatency(us), 2248704
[CLEANUP], MaxLatency(us), 2250751
[CLEANUP], 95thPercentileLatency(us), 2250751
[CLEANUP], 99thPercentileLatency(us), 2250751
[UPDATE], Operations, 200
[UPDATE], AverageLatency(us), 2408.81
[UPDATE], MinLatency(us), 1491
[UPDATE], MaxLatency(us), 55583
[UPDATE], 95thPercentileLatency(us), 3733
[UPDATE], 99thPercentileLatency(us), 7623
[UPDATE], Return=OK, 200
dblei-binding
CENAS
['java', '-cp', '/home/jose/Desktop/LEI/Graficos/Key-DocumentDBv1/YCSB-master/dblei/conf:/home/jose/Desktop/LEI/Graficos/Key-DocumentDBv1/YCSB-master/dblei/target/dblei-binding-0.16.0-SNAPSHOT.jar:/home/jose/.m2/repository/org/apache/htrace/htrace-core4/4.1.0-incubating/htrace-core4-4.1.0-incubating.jar:/home/jose/.m2/repository/org/slf4j/slf4j-api/1.7.25/slf4j-api-1.7.25.jar:/home/jose/.m2/repository/org/rocksdb/rocksdbjni/5.11.3/rocksdbjni-5.11.3.jar:/home/jose/.m2/repository/net/jcip/jcip-annotations/1.0/jcip-annotations-1.0.jar:/home/jose/Desktop/LEI/Graficos/Key-DocumentDBv1/YCSB-master/core/target/core-0.16.0-SNAPSHOT.jar:/home/jose/.m2/repository/org/hdrhistogram/HdrHistogram/2.1.4/HdrHistogram-2.1.4.jar:/home/jose/Desktop/LEI/Key-DocumentDB/DB/target/bd-serverless-1.0-SNAPSHOT.jar:/home/jose/.m2/repository/org/codehaus/jackson/jackson-mapper-asl/1.9.4/jackson-mapper-asl-1.9.4.jar:/home/jose/.m2/repository/org/codehaus/jackson/jackson-core-asl/1.9.4/jackson-core-asl-1.9.4.jar', 'com.yahoo.ycsb.Client', '-db', 'com.yahoo.ycsb.db.dblei.DBLEIClient', '-P', 'workloads/workloadaC', '-p', 'operationcount=200', '-s']
FIM
