[WARN]  Running against a source checkout. In order to get our runtime dependencies we'll have to invoke Maven. Depending on the state of your system, this may take ~30-45 seconds
[DEBUG]  Running 'mvn -pl com.yahoo.ycsb:dblei-binding -am package -DskipTests dependency:build-classpath -DincludeScope=compile -Dmdep.outputFilterFile=true'
java -cp /home/jose/Desktop/LEI/Key-DocumentDB/YCSB-master/dblei/conf:/home/jose/Desktop/LEI/Key-DocumentDB/YCSB-master/dblei/target/dblei-binding-0.16.0-SNAPSHOT.jar:/home/jose/.m2/repository/org/apache/htrace/htrace-core4/4.1.0-incubating/htrace-core4-4.1.0-incubating.jar:/home/jose/.m2/repository/org/slf4j/slf4j-api/1.7.25/slf4j-api-1.7.25.jar:/home/jose/.m2/repository/org/rocksdb/rocksdbjni/5.11.3/rocksdbjni-5.11.3.jar:/home/jose/.m2/repository/net/jcip/jcip-annotations/1.0/jcip-annotations-1.0.jar:/home/jose/Desktop/LEI/Key-DocumentDB/YCSB-master/core/target/core-0.16.0-SNAPSHOT.jar:/home/jose/.m2/repository/org/hdrhistogram/HdrHistogram/2.1.4/HdrHistogram-2.1.4.jar:/home/jose/Desktop/LEI/Key-DocumentDB/DB/target/bd-serverless-1.0-SNAPSHOT.jar:/home/jose/.m2/repository/org/codehaus/jackson/jackson-mapper-asl/1.9.4/jackson-mapper-asl-1.9.4.jar:/home/jose/.m2/repository/org/codehaus/jackson/jackson-core-asl/1.9.4/jackson-core-asl-1.9.4.jar com.yahoo.ycsb.Client -db com.yahoo.ycsb.db.dblei.DBLEIClient -P workloads/workloade -p operationcount=1000 -s -t
Command line: -db com.yahoo.ycsb.db.dblei.DBLEIClient -P workloads/workloade -p operationcount=1000 -s -t
YCSB Client 0.16.0-SNAPSHOT

Loading workload...
Starting test.
2019-07-02 12:49:49:104 0 sec: 0 operations; est completion in 0 second 
Vou conectar ao spread
[Thread-3] WARN io.atomix.cluster.messaging.impl.NettyMessagingService - Disabling TLS for intra-cluster messaging; Could not load cluster key store: ../config/atomix.jks (No such file or directory)
[netty-messaging-event-epoll-server-0] INFO io.atomix.cluster.messaging.impl.NettyMessagingService - localhost/127.0.0.1 accepting incoming connections on port 29366
[Thread-3] INFO io.atomix.cluster.messaging.impl.NettyMessagingService - Started
DBWrapper: report latency for each error is false and specific error codes to track for latency are: []
java.lang.Exception: Não existem mais
java.lang.Exception: Não existem mais
java.lang.Exception: Não existem mais
java.lang.Exception: Não existem mais
java.lang.Exception: Não existem mais
java.lang.Exception: Não existem mais
java.lang.Exception: Não existem mais
java.lang.Exception: Não existem mais
java.lang.Exception: Não existem mais
java.lang.Exception: Não existem mais
java.lang.Exception: Não existem mais
java.lang.Exception: Não existem mais
java.lang.Exception: Não existem mais
java.lang.Exception: Não existem mais
java.lang.Exception: Não existem mais
java.lang.Exception: Não existem mais
java.lang.Exception: Não existem mais
java.lang.Exception: Não existem mais
java.lang.Exception: Não existem mais
java.lang.Exception: Não existem mais
java.lang.Exception: Não existem mais
java.lang.Exception: Não existem mais
java.lang.Exception: Não existem mais
java.lang.Exception: Não existem mais
java.lang.Exception: Não existem mais
java.lang.Exception: Não existem mais
java.lang.Exception: Não existem mais
java.lang.Exception: Não existem mais
java.lang.Exception: Não existem mais
java.lang.Exception: Não existem mais
java.lang.Exception: Não existem mais
java.lang.Exception: Não existem mais
java.lang.Exception: Não existem mais
java.lang.Exception: Não existem mais
java.lang.Exception: Não existem mais
java.lang.Exception: Não existem mais
java.lang.Exception: Não existem mais
java.lang.Exception: Não existem mais
java.lang.Exception: Não existem mais
java.lang.Exception: Não existem mais
java.lang.Exception: Não existem mais
java.lang.Exception: Não existem mais
java.lang.Exception: Não existem mais
java.lang.Exception: Não existem mais
java.lang.Exception: Não existem mais
java.lang.Exception: Não existem mais
java.lang.Exception: Não existem mais
java.lang.Exception: Não existem mais
java.lang.Exception: Não existem mais
java.lang.Exception: Não existem mais
java.lang.Exception: Não existem mais
java.lang.Exception: Não existem mais
java.lang.Exception: Não existem mais
java.lang.Exception: Não existem mais
java.lang.Exception: Não existem mais
java.lang.Exception: Não existem mais
java.lang.Exception: Não existem mais
java.lang.Exception: Não existem mais
java.lang.Exception: Não existem mais
java.lang.Exception: Não existem mais
java.lang.Exception: Não existem mais
java.lang.Exception: Não existem mais
java.lang.Exception: Não existem mais
java.lang.Exception: Não existem mais
java.lang.Exception: Não existem mais
java.lang.Exception: Não existem mais
java.lang.Exception: Não existem mais
java.lang.Exception: Não existem mais
java.lang.Exception: Não existem mais
java.lang.Exception: Não existem mais
java.lang.Exception: Não existem mais
java.lang.Exception: Não existem mais
java.lang.Exception: Não existem mais
java.lang.Exception: Não existem mais
java.lang.Exception: Não existem mais
java.lang.Exception: Não existem mais
java.lang.Exception: Não existem mais
java.lang.Exception: Não existem mais
java.lang.Exception: Não existem mais
java.lang.Exception: Não existem mais
java.lang.Exception: Não existem mais
java.lang.Exception: Não existem mais
java.lang.Exception: Não existem mais
java.lang.Exception: Não existem mais
java.lang.Exception: Não existem mais
java.lang.Exception: Não existem mais
java.lang.Exception: Não existem mais
java.lang.Exception: Não existem mais
java.lang.Exception: Não existem mais
java.lang.Exception: Não existem mais
java.lang.Exception: Não existem mais
java.lang.Exception: Não existem mais
java.lang.Exception: Não existem mais
java.lang.Exception: Não existem mais
java.lang.Exception: Não existem mais
java.lang.Exception: Não existem mais
java.lang.Exception: Não existem mais
java.lang.Exception: Não existem mais
java.lang.Exception: Não existem mais
java.lang.Exception: Não existem mais
java.lang.Exception: Não existem mais
java.lang.Exception: Não existem mais
java.lang.Exception: Não existem mais
java.lang.Exception: Não existem mais
java.lang.Exception: Não existem mais
java.lang.Exception: Não existem mais
java.lang.Exception: Não existem mais
java.lang.Exception: Não existem mais
java.lang.Exception: Não existem mais
java.lang.Exception: Não existem mais
java.lang.Exception: Não existem mais
java.lang.Exception: Não existem mais
java.lang.Exception: Não existem mais
java.lang.Exception: Não existem mais
java.lang.Exception: Não existem mais
java.lang.Exception: Não existem mais
java.lang.Exception: Não existem mais
java.lang.Exception: Não existem mais
java.lang.Exception: Não existem mais
java.lang.Exception: Não existem mais
java.lang.Exception: Não existem mais
java.lang.Exception: Não existem mais
java.lang.Exception: Não existem mais
java.lang.Exception: Não existem mais
java.lang.Exception: Não existem mais
java.lang.Exception: Não existem mais
java.lang.Exception: Não existem mais
java.lang.Exception: Não existem mais
java.lang.Exception: Não existem mais
java.lang.Exception: Não existem mais
java.lang.Exception: Não existem mais
java.lang.Exception: Não existem mais
java.lang.Exception: Não existem mais
java.lang.Exception: Não existem mais
java.lang.Exception: Não existem mais
java.lang.Exception: Não existem mais
java.lang.Exception: Não existem mais
java.lang.Exception: Não existem mais
java.lang.Exception: Não existem mais
java.lang.Exception: Não existem mais
java.lang.Exception: Não existem mais
java.lang.Exception: Não existem mais
java.lang.Exception: Não existem mais
java.lang.Exception: Não existem mais
java.lang.Exception: Não existem mais
java.lang.Exception: Não existem mais
java.lang.Exception: Não existem mais
java.lang.Exception: Não existem mais
java.lang.Exception: Não existem mais
java.lang.Exception: Não existem mais
java.lang.Exception: Não existem mais
java.lang.Exception: Não existem mais
java.lang.Exception: Não existem mais
java.lang.Exception: Não existem mais
java.lang.Exception: Não existem mais
java.lang.Exception: Não existem mais
java.lang.Exception: Não existem mais
java.lang.Exception: Não existem mais
java.lang.Exception: Não existem mais
java.lang.Exception: Não existem mais
java.lang.Exception: Não existem mais
java.lang.Exception: Não existem mais
java.lang.Exception: Não existem mais
java.lang.Exception: Não existem mais
java.lang.Exception: Não existem mais
java.lang.Exception: Não existem mais
java.lang.Exception: Não existem mais
java.lang.Exception: Não existem mais
java.lang.Exception: Não existem mais
java.lang.Exception: Não existem mais
java.lang.Exception: Não existem mais
java.lang.Exception: Não existem mais
java.lang.Exception: Não existem mais
java.lang.Exception: Não existem mais
java.lang.Exception: Não existem mais
java.lang.Exception: Não existem mais
java.lang.Exception: Não existem mais
java.lang.Exception: Não existem mais
java.lang.Exception: Não existem mais
java.lang.Exception: Não existem mais
java.lang.Exception: Não existem mais
java.lang.Exception: Não existem mais
java.lang.Exception: Não existem mais
java.lang.Exception: Não existem mais
java.lang.Exception: Não existem mais
java.lang.Exception: Não existem mais
java.lang.Exception: Não existem mais
java.lang.Exception: Não existem mais
java.lang.Exception: Não existem mais
java.lang.Exception: Não existem mais
java.lang.Exception: Não existem mais
java.lang.Exception: Não existem mais
java.lang.Exception: Não existem mais
java.lang.Exception: Não existem mais
java.lang.Exception: Não existem mais
java.lang.Exception: Não existem mais
java.lang.Exception: Não existem mais
java.lang.Exception: Não existem mais
java.lang.Exception: Não existem mais
java.lang.Exception: Não existem mais
java.lang.Exception: Não existem mais
java.lang.Exception: Não existem mais
java.lang.Exception: Não existem mais
java.lang.Exception: Não existem mais
java.lang.Exception: Não existem mais
java.lang.Exception: Não existem mais
java.lang.Exception: Não existem mais
java.lang.Exception: Não existem mais
java.lang.Exception: Não existem mais
java.lang.Exception: Não existem mais
java.lang.Exception: Não existem mais
java.lang.Exception: Não existem mais
java.lang.Exception: Não existem mais
java.lang.Exception: Não existem mais
java.lang.Exception: Não existem mais
java.lang.Exception: Não existem mais
java.lang.Exception: Não existem mais
java.lang.Exception: Não existem mais
java.lang.Exception: Não existem mais
java.lang.Exception: Não existem mais
java.lang.Exception: Não existem mais
java.lang.Exception: Não existem mais
java.lang.Exception: Não existem mais
java.lang.Exception: Não existem mais
java.lang.Exception: Não existem mais
java.lang.Exception: Não existem mais
java.lang.Exception: Não existem mais
java.lang.Exception: Não existem mais
java.lang.Exception: Não existem mais
java.lang.Exception: Não existem mais
java.lang.Exception: Não existem mais
java.lang.Exception: Não existem mais
java.lang.Exception: Não existem mais
java.lang.Exception: Não existem mais
java.lang.Exception: Não existem mais
java.lang.Exception: Não existem mais
java.lang.Exception: Não existem mais
java.lang.Exception: Não existem mais
java.lang.Exception: Não existem mais
java.lang.Exception: Não existem mais
java.lang.Exception: Não existem mais
2019-07-02 12:49:59:075 10 sec: 891 operations; 89,1 current ops/sec; est completion in 2 second [INSERT: Count=628, Max=79615, Min=574, Avg=1396,18, 90=1852, 99=3543, 99.9=8007, 99.99=79615] [SCAN: Count=263, Max=92863, Min=24992, Avg=32422,3, 90=37599, 99=51711, 99.9=92863, 99.99=92863] 
java.lang.Exception: Não existem mais
java.lang.Exception: Não existem mais
java.lang.Exception: Não existem mais
java.lang.Exception: Não existem mais
java.lang.Exception: Não existem mais
java.lang.Exception: Não existem mais
java.lang.Exception: Não existem mais
java.lang.Exception: Não existem mais
java.lang.Exception: Não existem mais
java.lang.Exception: Não existem mais
java.lang.Exception: Não existem mais
java.lang.Exception: Não existem mais
java.lang.Exception: Não existem mais
java.lang.Exception: Não existem mais
java.lang.Exception: Não existem mais
java.lang.Exception: Não existem mais
java.lang.Exception: Não existem mais
java.lang.Exception: Não existem mais
java.lang.Exception: Não existem mais
java.lang.Exception: Não existem mais
java.lang.Exception: Não existem mais
java.lang.Exception: Não existem mais
java.lang.Exception: Não existem mais
java.lang.Exception: Não existem mais
java.lang.Exception: Não existem mais
java.lang.Exception: Não existem mais
java.lang.Exception: Não existem mais
[ForkJoinPool.commonPool-worker-1] INFO io.atomix.cluster.messaging.impl.NettyMessagingService - Stopped
2019-07-02 12:50:02:366 13 sec: 1000 operations; 33,12 current ops/sec; [CLEANUP: Count=1, Max=2246655, Min=2244608, Avg=2245632, 90=2246655, 99=2246655, 99.9=2246655, 99.99=2246655] [INSERT: Count=77, Max=1267, Min=621, Avg=893,32, 90=1124, 99=1217, 99.9=1267, 99.99=1267] [SCAN: Count=32, Max=40479, Min=23920, Avg=30953,75, 90=34175, 99=40479, 99.9=40479, 99.99=40479] 
[OVERALL], RunTime(ms), 13291
[OVERALL], Throughput(ops/sec), 75.23888345496952
[TOTAL_GCS_PS_Scavenge], Count, 29
[TOTAL_GC_TIME_PS_Scavenge], Time(ms), 79
[TOTAL_GC_TIME_%_PS_Scavenge], Time(%), 0.5943871792942592
[TOTAL_GCS_PS_MarkSweep], Count, 0
[TOTAL_GC_TIME_PS_MarkSweep], Time(ms), 0
[TOTAL_GC_TIME_%_PS_MarkSweep], Time(%), 0.0
[TOTAL_GCs], Count, 29
[TOTAL_GC_TIME], Time(ms), 79
[TOTAL_GC_TIME_%], Time(%), 0.5943871792942592
[CLEANUP], Operations, 1
[CLEANUP], AverageLatency(us), 2245632.0
[CLEANUP], MinLatency(us), 2244608
[CLEANUP], MaxLatency(us), 2246655
[CLEANUP], 95thPercentileLatency(us), 2246655
[CLEANUP], 99thPercentileLatency(us), 2246655
[INSERT], Operations, 705
[INSERT], AverageLatency(us), 1341.2624113475176
[INSERT], MinLatency(us), 574
[INSERT], MaxLatency(us), 79615
[INSERT], 95thPercentileLatency(us), 2143
[INSERT], 99thPercentileLatency(us), 3335
[INSERT], Return=OK, 705
[SCAN], Operations, 295
[SCAN], AverageLatency(us), 32262.99661016949
[SCAN], MinLatency(us), 23920
[SCAN], MaxLatency(us), 92863
[SCAN], 95thPercentileLatency(us), 39647
[SCAN], 99thPercentileLatency(us), 51711
[SCAN], Return=OK, 295
dblei-binding
CENAS
['java', '-cp', '/home/jose/Desktop/LEI/Key-DocumentDB/YCSB-master/dblei/conf:/home/jose/Desktop/LEI/Key-DocumentDB/YCSB-master/dblei/target/dblei-binding-0.16.0-SNAPSHOT.jar:/home/jose/.m2/repository/org/apache/htrace/htrace-core4/4.1.0-incubating/htrace-core4-4.1.0-incubating.jar:/home/jose/.m2/repository/org/slf4j/slf4j-api/1.7.25/slf4j-api-1.7.25.jar:/home/jose/.m2/repository/org/rocksdb/rocksdbjni/5.11.3/rocksdbjni-5.11.3.jar:/home/jose/.m2/repository/net/jcip/jcip-annotations/1.0/jcip-annotations-1.0.jar:/home/jose/Desktop/LEI/Key-DocumentDB/YCSB-master/core/target/core-0.16.0-SNAPSHOT.jar:/home/jose/.m2/repository/org/hdrhistogram/HdrHistogram/2.1.4/HdrHistogram-2.1.4.jar:/home/jose/Desktop/LEI/Key-DocumentDB/DB/target/bd-serverless-1.0-SNAPSHOT.jar:/home/jose/.m2/repository/org/codehaus/jackson/jackson-mapper-asl/1.9.4/jackson-mapper-asl-1.9.4.jar:/home/jose/.m2/repository/org/codehaus/jackson/jackson-core-asl/1.9.4/jackson-core-asl-1.9.4.jar', 'com.yahoo.ycsb.Client', '-db', 'com.yahoo.ycsb.db.dblei.DBLEIClient', '-P', 'workloads/workloade', '-p', 'operationcount=1000', '-s']
FIM
