[WARN]  Running against a source checkout. In order to get our runtime dependencies we'll have to invoke Maven. Depending on the state of your system, this may take ~30-45 seconds
[DEBUG]  Running 'mvn -pl com.yahoo.ycsb:dblei-binding -am package -DskipTests dependency:build-classpath -DincludeScope=compile -Dmdep.outputFilterFile=true'
java -cp /home/jose/Desktop/LEI/Key-DocumentDB/YCSB-master/dblei/conf:/home/jose/Desktop/LEI/Key-DocumentDB/YCSB-master/dblei/target/dblei-binding-0.16.0-SNAPSHOT.jar:/home/jose/.m2/repository/org/apache/htrace/htrace-core4/4.1.0-incubating/htrace-core4-4.1.0-incubating.jar:/home/jose/.m2/repository/org/slf4j/slf4j-api/1.7.25/slf4j-api-1.7.25.jar:/home/jose/.m2/repository/org/rocksdb/rocksdbjni/5.11.3/rocksdbjni-5.11.3.jar:/home/jose/.m2/repository/net/jcip/jcip-annotations/1.0/jcip-annotations-1.0.jar:/home/jose/Desktop/LEI/Key-DocumentDB/YCSB-master/core/target/core-0.16.0-SNAPSHOT.jar:/home/jose/.m2/repository/org/hdrhistogram/HdrHistogram/2.1.4/HdrHistogram-2.1.4.jar:/home/jose/Desktop/LEI/Key-DocumentDB/DB/target/bd-serverless-1.0-SNAPSHOT.jar:/home/jose/.m2/repository/org/codehaus/jackson/jackson-mapper-asl/1.9.4/jackson-mapper-asl-1.9.4.jar:/home/jose/.m2/repository/org/codehaus/jackson/jackson-core-asl/1.9.4/jackson-core-asl-1.9.4.jar com.yahoo.ycsb.Client -db com.yahoo.ycsb.db.dblei.DBLEIClient -P workloads/workloada -p operationcount=2000 -s -t
Command line: -db com.yahoo.ycsb.db.dblei.DBLEIClient -P workloads/workloada -p operationcount=2000 -s -t
YCSB Client 0.16.0-SNAPSHOT

Loading workload...
Starting test.
2019-06-24 16:40:26:077 0 sec: 0 operations; est completion in 0 second 
Vou conectar ao spread
[Thread-3] WARN io.atomix.cluster.messaging.impl.NettyMessagingService - Disabling TLS for intra-cluster messaging; Could not load cluster key store: ../config/atomix.jks (No such file or directory)
[netty-messaging-event-epoll-server-0] INFO io.atomix.cluster.messaging.impl.NettyMessagingService - localhost/127.0.0.1 accepting incoming connections on port 22519
[Thread-3] INFO io.atomix.cluster.messaging.impl.NettyMessagingService - Started
DBWrapper: report latency for each error is false and specific error codes to track for latency are: []
[ForkJoinPool.commonPool-worker-1] INFO io.atomix.cluster.messaging.impl.NettyMessagingService - Stopped
2019-06-24 16:40:30:560 4 sec: 2000 operations; 444,25 current ops/sec; [READ: Count=1005, Max=54943, Min=264, Avg=664,81, 90=832, 99=1150, 99.9=5591, 99.99=54943] [CLEANUP: Count=1, Max=2248703, Min=2246656, Avg=2247680, 90=2248703, 99=2248703, 99.9=2248703, 99.99=2248703] [UPDATE: Count=995, Max=7763, Min=553, Avg=1071, 90=1309, 99=1718, 99.9=7759, 99.99=7763] 
[OVERALL], RunTime(ms), 4502
[OVERALL], Throughput(ops/sec), 444.247001332741
[TOTAL_GCS_PS_Scavenge], Count, 1
[TOTAL_GC_TIME_PS_Scavenge], Time(ms), 6
[TOTAL_GC_TIME_%_PS_Scavenge], Time(%), 0.13327410039982232
[TOTAL_GCS_PS_MarkSweep], Count, 0
[TOTAL_GC_TIME_PS_MarkSweep], Time(ms), 0
[TOTAL_GC_TIME_%_PS_MarkSweep], Time(%), 0.0
[TOTAL_GCs], Count, 1
[TOTAL_GC_TIME], Time(ms), 6
[TOTAL_GC_TIME_%], Time(%), 0.13327410039982232
[READ], Operations, 1005
[READ], AverageLatency(us), 664.8149253731343
[READ], MinLatency(us), 264
[READ], MaxLatency(us), 54943
[READ], 95thPercentileLatency(us), 926
[READ], 99thPercentileLatency(us), 1150
[READ], Return=OK, 1005
[CLEANUP], Operations, 1
[CLEANUP], AverageLatency(us), 2247680.0
[CLEANUP], MinLatency(us), 2246656
[CLEANUP], MaxLatency(us), 2248703
[CLEANUP], 95thPercentileLatency(us), 2248703
[CLEANUP], 99thPercentileLatency(us), 2248703
[UPDATE], Operations, 995
[UPDATE], AverageLatency(us), 1071.0
[UPDATE], MinLatency(us), 553
[UPDATE], MaxLatency(us), 7763
[UPDATE], 95thPercentileLatency(us), 1411
[UPDATE], 99thPercentileLatency(us), 1718
[UPDATE], Return=OK, 995
dblei-binding
CENAS
['java', '-cp', '/home/jose/Desktop/LEI/Key-DocumentDB/YCSB-master/dblei/conf:/home/jose/Desktop/LEI/Key-DocumentDB/YCSB-master/dblei/target/dblei-binding-0.16.0-SNAPSHOT.jar:/home/jose/.m2/repository/org/apache/htrace/htrace-core4/4.1.0-incubating/htrace-core4-4.1.0-incubating.jar:/home/jose/.m2/repository/org/slf4j/slf4j-api/1.7.25/slf4j-api-1.7.25.jar:/home/jose/.m2/repository/org/rocksdb/rocksdbjni/5.11.3/rocksdbjni-5.11.3.jar:/home/jose/.m2/repository/net/jcip/jcip-annotations/1.0/jcip-annotations-1.0.jar:/home/jose/Desktop/LEI/Key-DocumentDB/YCSB-master/core/target/core-0.16.0-SNAPSHOT.jar:/home/jose/.m2/repository/org/hdrhistogram/HdrHistogram/2.1.4/HdrHistogram-2.1.4.jar:/home/jose/Desktop/LEI/Key-DocumentDB/DB/target/bd-serverless-1.0-SNAPSHOT.jar:/home/jose/.m2/repository/org/codehaus/jackson/jackson-mapper-asl/1.9.4/jackson-mapper-asl-1.9.4.jar:/home/jose/.m2/repository/org/codehaus/jackson/jackson-core-asl/1.9.4/jackson-core-asl-1.9.4.jar', 'com.yahoo.ycsb.Client', '-db', 'com.yahoo.ycsb.db.dblei.DBLEIClient', '-P', 'workloads/workloada', '-p', 'operationcount=2000', '-s']
FIM
