[WARN]  Running against a source checkout. In order to get our runtime dependencies we'll have to invoke Maven. Depending on the state of your system, this may take ~30-45 seconds
[DEBUG]  Running 'mvn -pl com.yahoo.ycsb:dblei-binding -am package -DskipTests dependency:build-classpath -DincludeScope=compile -Dmdep.outputFilterFile=true'
java -cp /home/jose/Desktop/LEI/Key-DocumentDB/YCSB-master/dblei/conf:/home/jose/Desktop/LEI/Key-DocumentDB/YCSB-master/dblei/target/dblei-binding-0.16.0-SNAPSHOT.jar:/home/jose/.m2/repository/org/apache/htrace/htrace-core4/4.1.0-incubating/htrace-core4-4.1.0-incubating.jar:/home/jose/.m2/repository/org/slf4j/slf4j-api/1.7.25/slf4j-api-1.7.25.jar:/home/jose/.m2/repository/org/rocksdb/rocksdbjni/5.11.3/rocksdbjni-5.11.3.jar:/home/jose/.m2/repository/net/jcip/jcip-annotations/1.0/jcip-annotations-1.0.jar:/home/jose/Desktop/LEI/Key-DocumentDB/YCSB-master/core/target/core-0.16.0-SNAPSHOT.jar:/home/jose/.m2/repository/org/hdrhistogram/HdrHistogram/2.1.4/HdrHistogram-2.1.4.jar:/home/jose/Desktop/LEI/Key-DocumentDB/DB/target/bd-serverless-1.0-SNAPSHOT.jar:/home/jose/.m2/repository/org/codehaus/jackson/jackson-mapper-asl/1.9.4/jackson-mapper-asl-1.9.4.jar:/home/jose/.m2/repository/org/codehaus/jackson/jackson-core-asl/1.9.4/jackson-core-asl-1.9.4.jar com.yahoo.ycsb.Client -db com.yahoo.ycsb.db.dblei.DBLEIClient -P workloads/workloada -p operationcount=500 -s -t
Command line: -db com.yahoo.ycsb.db.dblei.DBLEIClient -P workloads/workloada -p operationcount=500 -s -t
YCSB Client 0.16.0-SNAPSHOT

Loading workload...
Starting test.
2019-06-24 16:40:00:286 0 sec: 0 operations; est completion in 0 second 
Vou conectar ao spread
[Thread-3] WARN io.atomix.cluster.messaging.impl.NettyMessagingService - Disabling TLS for intra-cluster messaging; Could not load cluster key store: ../config/atomix.jks (No such file or directory)
[netty-messaging-event-epoll-server-0] INFO io.atomix.cluster.messaging.impl.NettyMessagingService - localhost/127.0.0.1 accepting incoming connections on port 37434
[netty-messaging-event-epoll-server-0] INFO io.atomix.cluster.messaging.impl.NettyMessagingService - Started
DBWrapper: report latency for each error is false and specific error codes to track for latency are: []
[ForkJoinPool.commonPool-worker-1] INFO io.atomix.cluster.messaging.impl.NettyMessagingService - Stopped
2019-06-24 16:40:03:838 3 sec: 500 operations; 139,98 current ops/sec; [READ: Count=234, Max=14511, Min=593, Avg=1403,61, 90=1807, 99=10375, 99.9=14511, 99.99=14511] [CLEANUP: Count=1, Max=2242559, Min=2240512, Avg=2241536, 90=2242559, 99=2242559, 99.9=2242559, 99.99=2242559] [UPDATE: Count=266, Max=57311, Min=979, Avg=1960,21, 90=2157, 99=5123, 99.9=57311, 99.99=57311] 
[OVERALL], RunTime(ms), 3572
[OVERALL], Throughput(ops/sec), 139.97760358342666
[TOTAL_GCS_PS_Scavenge], Count, 1
[TOTAL_GC_TIME_PS_Scavenge], Time(ms), 6
[TOTAL_GC_TIME_%_PS_Scavenge], Time(%), 0.16797312430011196
[TOTAL_GCS_PS_MarkSweep], Count, 0
[TOTAL_GC_TIME_PS_MarkSweep], Time(ms), 0
[TOTAL_GC_TIME_%_PS_MarkSweep], Time(%), 0.0
[TOTAL_GCs], Count, 1
[TOTAL_GC_TIME], Time(ms), 6
[TOTAL_GC_TIME_%], Time(%), 0.16797312430011196
[READ], Operations, 234
[READ], AverageLatency(us), 1403.611111111111
[READ], MinLatency(us), 593
[READ], MaxLatency(us), 14511
[READ], 95thPercentileLatency(us), 2401
[READ], 99thPercentileLatency(us), 10375
[READ], Return=OK, 234
[CLEANUP], Operations, 1
[CLEANUP], AverageLatency(us), 2241536.0
[CLEANUP], MinLatency(us), 2240512
[CLEANUP], MaxLatency(us), 2242559
[CLEANUP], 95thPercentileLatency(us), 2242559
[CLEANUP], 99thPercentileLatency(us), 2242559
[UPDATE], Operations, 266
[UPDATE], AverageLatency(us), 1960.2067669172932
[UPDATE], MinLatency(us), 979
[UPDATE], MaxLatency(us), 57311
[UPDATE], 95thPercentileLatency(us), 2941
[UPDATE], 99thPercentileLatency(us), 5123
[UPDATE], Return=OK, 266
dblei-binding
CENAS
['java', '-cp', '/home/jose/Desktop/LEI/Key-DocumentDB/YCSB-master/dblei/conf:/home/jose/Desktop/LEI/Key-DocumentDB/YCSB-master/dblei/target/dblei-binding-0.16.0-SNAPSHOT.jar:/home/jose/.m2/repository/org/apache/htrace/htrace-core4/4.1.0-incubating/htrace-core4-4.1.0-incubating.jar:/home/jose/.m2/repository/org/slf4j/slf4j-api/1.7.25/slf4j-api-1.7.25.jar:/home/jose/.m2/repository/org/rocksdb/rocksdbjni/5.11.3/rocksdbjni-5.11.3.jar:/home/jose/.m2/repository/net/jcip/jcip-annotations/1.0/jcip-annotations-1.0.jar:/home/jose/Desktop/LEI/Key-DocumentDB/YCSB-master/core/target/core-0.16.0-SNAPSHOT.jar:/home/jose/.m2/repository/org/hdrhistogram/HdrHistogram/2.1.4/HdrHistogram-2.1.4.jar:/home/jose/Desktop/LEI/Key-DocumentDB/DB/target/bd-serverless-1.0-SNAPSHOT.jar:/home/jose/.m2/repository/org/codehaus/jackson/jackson-mapper-asl/1.9.4/jackson-mapper-asl-1.9.4.jar:/home/jose/.m2/repository/org/codehaus/jackson/jackson-core-asl/1.9.4/jackson-core-asl-1.9.4.jar', 'com.yahoo.ycsb.Client', '-db', 'com.yahoo.ycsb.db.dblei.DBLEIClient', '-P', 'workloads/workloada', '-p', 'operationcount=500', '-s']
FIM
