[WARN]  Running against a source checkout. In order to get our runtime dependencies we'll have to invoke Maven. Depending on the state of your system, this may take ~30-45 seconds
[DEBUG]  Running 'mvn -pl com.yahoo.ycsb:dblei-binding -am package -DskipTests dependency:build-classpath -DincludeScope=compile -Dmdep.outputFilterFile=true'
java -cp /home/jose/Desktop/LEI/Graficos/Key-DocumentDBv1/YCSB-master/dblei/conf:/home/jose/Desktop/LEI/Graficos/Key-DocumentDBv1/YCSB-master/dblei/target/dblei-binding-0.16.0-SNAPSHOT.jar:/home/jose/.m2/repository/org/apache/htrace/htrace-core4/4.1.0-incubating/htrace-core4-4.1.0-incubating.jar:/home/jose/.m2/repository/org/slf4j/slf4j-api/1.7.25/slf4j-api-1.7.25.jar:/home/jose/.m2/repository/org/rocksdb/rocksdbjni/5.11.3/rocksdbjni-5.11.3.jar:/home/jose/.m2/repository/net/jcip/jcip-annotations/1.0/jcip-annotations-1.0.jar:/home/jose/Desktop/LEI/Graficos/Key-DocumentDBv1/YCSB-master/core/target/core-0.16.0-SNAPSHOT.jar:/home/jose/.m2/repository/org/hdrhistogram/HdrHistogram/2.1.4/HdrHistogram-2.1.4.jar:/home/jose/Desktop/LEI/Key-DocumentDB/DB/target/bd-serverless-1.0-SNAPSHOT.jar:/home/jose/.m2/repository/org/codehaus/jackson/jackson-mapper-asl/1.9.4/jackson-mapper-asl-1.9.4.jar:/home/jose/.m2/repository/org/codehaus/jackson/jackson-core-asl/1.9.4/jackson-core-asl-1.9.4.jar com.yahoo.ycsb.Client -db com.yahoo.ycsb.db.dblei.DBLEIClient -P workloads/workloade -p operationcount=1000 -s -t
Command line: -db com.yahoo.ycsb.db.dblei.DBLEIClient -P workloads/workloade -p operationcount=1000 -s -t
YCSB Client 0.16.0-SNAPSHOT

Loading workload...
Starting test.
2019-06-23 17:14:08:264 0 sec: 0 operations; est completion in 0 second 
Vou conectar ao spread
[Thread-3] WARN io.atomix.cluster.messaging.impl.NettyMessagingService - Disabling TLS for intra-cluster messaging; Could not load cluster key store: ../config/atomix.jks (No such file or directory)
[netty-messaging-event-epoll-server-0] WARN io.atomix.cluster.messaging.impl.NettyMessagingService - localhost/127.0.0.1 failed to bind to port 12340 due to {}
io.netty.channel.unix.Errors$NativeIoException: bind(..) failed: Address already in use
	at io.netty.channel.unix.Errors.newIOException(Errors.java:122)
	at io.netty.channel.unix.Socket.bind(Socket.java:287)
	at io.netty.channel.epoll.AbstractEpollChannel.doBind(AbstractEpollChannel.java:684)
	at io.netty.channel.epoll.EpollServerSocketChannel.doBind(EpollServerSocketChannel.java:70)
	at io.netty.channel.AbstractChannel$AbstractUnsafe.bind(AbstractChannel.java:558)
	at io.netty.channel.DefaultChannelPipeline$HeadContext.bind(DefaultChannelPipeline.java:1358)
	at io.netty.channel.AbstractChannelHandlerContext.invokeBind(AbstractChannelHandlerContext.java:501)
	at io.netty.channel.AbstractChannelHandlerContext.bind(AbstractChannelHandlerContext.java:486)
	at io.netty.channel.DefaultChannelPipeline.bind(DefaultChannelPipeline.java:1019)
	at io.netty.channel.AbstractChannel.bind(AbstractChannel.java:254)
	at io.netty.bootstrap.AbstractBootstrap$2.run(AbstractBootstrap.java:366)
	at io.netty.util.concurrent.AbstractEventExecutor.safeExecute(AbstractEventExecutor.java:163)
	at io.netty.util.concurrent.SingleThreadEventExecutor.runAllTasks(SingleThreadEventExecutor.java:404)
	at io.netty.channel.epoll.EpollEventLoop.run(EpollEventLoop.java:322)
	at io.netty.util.concurrent.SingleThreadEventExecutor$5.run(SingleThreadEventExecutor.java:884)
	at java.lang.Thread.run(Thread.java:748)
Porta em uso: 12340
[Thread-3] WARN io.atomix.cluster.messaging.impl.NettyMessagingService - Disabling TLS for intra-cluster messaging; Could not load cluster key store: ../config/atomix.jks (No such file or directory)
[netty-messaging-event-epoll-server-0] WARN io.atomix.cluster.messaging.impl.NettyMessagingService - localhost/127.0.0.1 failed to bind to port 12341 due to {}
io.netty.channel.unix.Errors$NativeIoException: bind(..) failed: Address already in use
	at io.netty.channel.unix.Errors.newIOException(Errors.java:122)
	at io.netty.channel.unix.Socket.bind(Socket.java:287)
	at io.netty.channel.epoll.AbstractEpollChannel.doBind(AbstractEpollChannel.java:684)
	at io.netty.channel.epoll.EpollServerSocketChannel.doBind(EpollServerSocketChannel.java:70)
	at io.netty.channel.AbstractChannel$AbstractUnsafe.bind(AbstractChannel.java:558)
	at io.netty.channel.DefaultChannelPipeline$HeadContext.bind(DefaultChannelPipeline.java:1358)
	at io.netty.channel.AbstractChannelHandlerContext.invokeBind(AbstractChannelHandlerContext.java:501)
	at io.netty.channel.AbstractChannelHandlerContext.bind(AbstractChannelHandlerContext.java:486)
	at io.netty.channel.DefaultChannelPipeline.bind(DefaultChannelPipeline.java:1019)
	at io.netty.channel.AbstractChannel.bind(AbstractChannel.java:254)
	at io.netty.bootstrap.AbstractBootstrap$2.run(AbstractBootstrap.java:366)
	at io.netty.util.concurrent.AbstractEventExecutor.safeExecute(AbstractEventExecutor.java:163)
	at io.netty.util.concurrent.SingleThreadEventExecutor.runAllTasks(SingleThreadEventExecutor.java:404)
	at io.netty.channel.epoll.EpollEventLoop.run(EpollEventLoop.java:322)
	at io.netty.util.concurrent.SingleThreadEventExecutor$5.run(SingleThreadEventExecutor.java:884)
	at java.lang.Thread.run(Thread.java:748)
Porta em uso: 12341
[Thread-3] WARN io.atomix.cluster.messaging.impl.NettyMessagingService - Disabling TLS for intra-cluster messaging; Could not load cluster key store: ../config/atomix.jks (No such file or directory)
[netty-messaging-event-epoll-server-0] WARN io.atomix.cluster.messaging.impl.NettyMessagingService - localhost/127.0.0.1 failed to bind to port 12342 due to {}
io.netty.channel.unix.Errors$NativeIoException: bind(..) failed: Address already in use
	at io.netty.channel.unix.Errors.newIOException(Errors.java:122)
	at io.netty.channel.unix.Socket.bind(Socket.java:287)
	at io.netty.channel.epoll.AbstractEpollChannel.doBind(AbstractEpollChannel.java:684)
	at io.netty.channel.epoll.EpollServerSocketChannel.doBind(EpollServerSocketChannel.java:70)
	at io.netty.channel.AbstractChannel$AbstractUnsafe.bind(AbstractChannel.java:558)
	at io.netty.channel.DefaultChannelPipeline$HeadContext.bind(DefaultChannelPipeline.java:1358)
	at io.netty.channel.AbstractChannelHandlerContext.invokeBind(AbstractChannelHandlerContext.java:501)
	at io.netty.channel.AbstractChannelHandlerContext.bind(AbstractChannelHandlerContext.java:486)
	at io.netty.channel.DefaultChannelPipeline.bind(DefaultChannelPipeline.java:1019)
	at io.netty.channel.AbstractChannel.bind(AbstractChannel.java:254)
	at io.netty.bootstrap.AbstractBootstrap$2.run(AbstractBootstrap.java:366)
	at io.netty.util.concurrent.AbstractEventExecutor.safeExecute(AbstractEventExecutor.java:163)
	at io.netty.util.concurrent.SingleThreadEventExecutor.runAllTasks(SingleThreadEventExecutor.java:404)
	at io.netty.channel.epoll.EpollEventLoop.run(EpollEventLoop.java:322)
	at io.netty.util.concurrent.SingleThreadEventExecutor$5.run(SingleThreadEventExecutor.java:884)
	at java.lang.Thread.run(Thread.java:748)
Porta em uso: 12342
[Thread-3] WARN io.atomix.cluster.messaging.impl.NettyMessagingService - Disabling TLS for intra-cluster messaging; Could not load cluster key store: ../config/atomix.jks (No such file or directory)
[netty-messaging-event-epoll-server-0] INFO io.atomix.cluster.messaging.impl.NettyMessagingService - localhost/127.0.0.1 accepting incoming connections on port 12343
[netty-messaging-event-epoll-server-0] INFO io.atomix.cluster.messaging.impl.NettyMessagingService - Started
DBWrapper: report latency for each error is false and specific error codes to track for latency are: []
java.lang.Exception: Não existem mais
java.lang.Exception: Não existem mais
java.lang.Exception: Não existem mais
java.lang.Exception: Não existem mais
java.lang.Exception: Não existem mais
java.lang.Exception: Não existem mais
java.lang.Exception: Não existem mais
java.lang.Exception: Não existem mais
java.lang.Exception: Não existem mais
java.lang.Exception: Não existem mais
java.lang.Exception: Não existem mais
java.lang.Exception: Não existem mais
java.lang.Exception: Não existem mais
java.lang.Exception: Não existem mais
java.lang.Exception: Não existem mais
java.lang.Exception: Não existem mais
java.lang.Exception: Não existem mais
java.lang.Exception: Não existem mais
java.lang.Exception: Não existem mais
java.lang.Exception: Não existem mais
java.lang.Exception: Não existem mais
java.lang.Exception: Não existem mais
java.lang.Exception: Não existem mais
java.lang.Exception: Não existem mais
java.lang.Exception: Não existem mais
java.lang.Exception: Não existem mais
java.lang.Exception: Não existem mais
java.lang.Exception: Não existem mais
java.lang.Exception: Não existem mais
java.lang.Exception: Não existem mais
java.lang.Exception: Não existem mais
java.lang.Exception: Não existem mais
java.lang.Exception: Não existem mais
java.lang.Exception: Não existem mais
java.lang.Exception: Não existem mais
java.lang.Exception: Não existem mais
java.lang.Exception: Não existem mais
java.lang.Exception: Não existem mais
java.lang.Exception: Não existem mais
java.lang.Exception: Não existem mais
java.lang.Exception: Não existem mais
java.lang.Exception: Não existem mais
java.lang.Exception: Não existem mais
java.lang.Exception: Não existem mais
java.lang.Exception: Não existem mais
java.lang.Exception: Não existem mais
java.lang.Exception: Não existem mais
java.lang.Exception: Não existem mais
java.lang.Exception: Não existem mais
java.lang.Exception: Não existem mais
java.lang.Exception: Não existem mais
java.lang.Exception: Não existem mais
java.lang.Exception: Não existem mais
java.lang.Exception: Não existem mais
java.lang.Exception: Não existem mais
java.lang.Exception: Não existem mais
java.lang.Exception: Não existem mais
java.lang.Exception: Não existem mais
java.lang.Exception: Não existem mais
java.lang.Exception: Não existem mais
java.lang.Exception: Não existem mais
java.lang.Exception: Não existem mais
java.lang.Exception: Não existem mais
java.lang.Exception: Não existem mais
java.lang.Exception: Não existem mais
java.lang.Exception: Não existem mais
java.lang.Exception: Não existem mais
java.lang.Exception: Não existem mais
java.lang.Exception: Não existem mais
java.lang.Exception: Não existem mais
java.lang.Exception: Não existem mais
java.lang.Exception: Não existem mais
java.lang.Exception: Não existem mais
java.lang.Exception: Não existem mais
java.lang.Exception: Não existem mais
java.lang.Exception: Não existem mais
java.lang.Exception: Não existem mais
java.lang.Exception: Não existem mais
java.lang.Exception: Não existem mais
java.lang.Exception: Não existem mais
java.lang.Exception: Não existem mais
java.lang.Exception: Não existem mais
java.lang.Exception: Não existem mais
java.lang.Exception: Não existem mais
java.lang.Exception: Não existem mais
java.lang.Exception: Não existem mais
java.lang.Exception: Não existem mais
java.lang.Exception: Não existem mais
java.lang.Exception: Não existem mais
java.lang.Exception: Não existem mais
java.lang.Exception: Não existem mais
java.lang.Exception: Não existem mais
java.lang.Exception: Não existem mais
java.lang.Exception: Não existem mais
java.lang.Exception: Não existem mais
java.lang.Exception: Não existem mais
java.lang.Exception: Não existem mais
java.lang.Exception: Não existem mais
java.lang.Exception: Não existem mais
java.lang.Exception: Não existem mais
java.lang.Exception: Não existem mais
java.lang.Exception: Não existem mais
java.lang.Exception: Não existem mais
java.lang.Exception: Não existem mais
java.lang.Exception: Não existem mais
java.lang.Exception: Não existem mais
java.lang.Exception: Não existem mais
java.lang.Exception: Não existem mais
java.lang.Exception: Não existem mais
java.lang.Exception: Não existem mais
java.lang.Exception: Não existem mais
java.lang.Exception: Não existem mais
java.lang.Exception: Não existem mais
java.lang.Exception: Não existem mais
java.lang.Exception: Não existem mais
java.lang.Exception: Não existem mais
java.lang.Exception: Não existem mais
java.lang.Exception: Não existem mais
java.lang.Exception: Não existem mais
java.lang.Exception: Não existem mais
java.lang.Exception: Não existem mais
java.lang.Exception: Não existem mais
java.lang.Exception: Não existem mais
java.lang.Exception: Não existem mais
java.lang.Exception: Não existem mais
java.lang.Exception: Não existem mais
java.lang.Exception: Não existem mais
java.lang.Exception: Não existem mais
java.lang.Exception: Não existem mais
java.lang.Exception: Não existem mais
java.lang.Exception: Não existem mais
java.lang.Exception: Não existem mais
java.lang.Exception: Não existem mais
java.lang.Exception: Não existem mais
java.lang.Exception: Não existem mais
java.lang.Exception: Não existem mais
java.lang.Exception: Não existem mais
java.lang.Exception: Não existem mais
java.lang.Exception: Não existem mais
java.lang.Exception: Não existem mais
java.lang.Exception: Não existem mais
java.lang.Exception: Não existem mais
java.lang.Exception: Não existem mais
java.lang.Exception: Não existem mais
java.lang.Exception: Não existem mais
java.lang.Exception: Não existem mais
java.lang.Exception: Não existem mais
java.lang.Exception: Não existem mais
java.lang.Exception: Não existem mais
java.lang.Exception: Não existem mais
java.lang.Exception: Não existem mais
java.lang.Exception: Não existem mais
java.lang.Exception: Não existem mais
java.lang.Exception: Não existem mais
java.lang.Exception: Não existem mais
java.lang.Exception: Não existem mais
java.lang.Exception: Não existem mais
java.lang.Exception: Não existem mais
java.lang.Exception: Não existem mais
java.lang.Exception: Não existem mais
java.lang.Exception: Não existem mais
java.lang.Exception: Não existem mais
java.lang.Exception: Não existem mais
java.lang.Exception: Não existem mais
java.lang.Exception: Não existem mais
java.lang.Exception: Não existem mais
java.lang.Exception: Não existem mais
java.lang.Exception: Não existem mais
java.lang.Exception: Não existem mais
java.lang.Exception: Não existem mais
java.lang.Exception: Não existem mais
java.lang.Exception: Não existem mais
java.lang.Exception: Não existem mais
java.lang.Exception: Não existem mais
java.lang.Exception: Não existem mais
java.lang.Exception: Não existem mais
java.lang.Exception: Não existem mais
java.lang.Exception: Não existem mais
java.lang.Exception: Não existem mais
2019-06-23 17:14:18:246 10 sec: 622 operations; 62,2 current ops/sec; est completion in 7 second [INSERT: Count=443, Max=4991, Min=456, Avg=1076,23, 90=1491, 99=2601, 99.9=4991, 99.99=4991] [SCAN: Count=179, Max=191487, Min=30624, Avg=49111,6, 90=59487, 99=108863, 99.9=191487, 99.99=191487] 
java.lang.Exception: Não existem mais
java.lang.Exception: Não existem mais
java.lang.Exception: Não existem mais
java.lang.Exception: Não existem mais
java.lang.Exception: Não existem mais
java.lang.Exception: Não existem mais
java.lang.Exception: Não existem mais
java.lang.Exception: Não existem mais
java.lang.Exception: Não existem mais
java.lang.Exception: Não existem mais
java.lang.Exception: Não existem mais
java.lang.Exception: Não existem mais
java.lang.Exception: Não existem mais
java.lang.Exception: Não existem mais
java.lang.Exception: Não existem mais
java.lang.Exception: Não existem mais
java.lang.Exception: Não existem mais
java.lang.Exception: Não existem mais
java.lang.Exception: Não existem mais
java.lang.Exception: Não existem mais
java.lang.Exception: Não existem mais
java.lang.Exception: Não existem mais
java.lang.Exception: Não existem mais
java.lang.Exception: Não existem mais
java.lang.Exception: Não existem mais
java.lang.Exception: Não existem mais
java.lang.Exception: Não existem mais
java.lang.Exception: Não existem mais
java.lang.Exception: Não existem mais
java.lang.Exception: Não existem mais
java.lang.Exception: Não existem mais
java.lang.Exception: Não existem mais
java.lang.Exception: Não existem mais
java.lang.Exception: Não existem mais
java.lang.Exception: Não existem mais
java.lang.Exception: Não existem mais
java.lang.Exception: Não existem mais
java.lang.Exception: Não existem mais
java.lang.Exception: Não existem mais
java.lang.Exception: Não existem mais
java.lang.Exception: Não existem mais
java.lang.Exception: Não existem mais
java.lang.Exception: Não existem mais
java.lang.Exception: Não existem mais
java.lang.Exception: Não existem mais
java.lang.Exception: Não existem mais
java.lang.Exception: Não existem mais
java.lang.Exception: Não existem mais
java.lang.Exception: Não existem mais
java.lang.Exception: Não existem mais
java.lang.Exception: Não existem mais
java.lang.Exception: Não existem mais
java.lang.Exception: Não existem mais
java.lang.Exception: Não existem mais
java.lang.Exception: Não existem mais
java.lang.Exception: Não existem mais
java.lang.Exception: Não existem mais
java.lang.Exception: Não existem mais
java.lang.Exception: Não existem mais
java.lang.Exception: Não existem mais
java.lang.Exception: Não existem mais
java.lang.Exception: Não existem mais
java.lang.Exception: Não existem mais
java.lang.Exception: Não existem mais
java.lang.Exception: Não existem mais
java.lang.Exception: Não existem mais
java.lang.Exception: Não existem mais
java.lang.Exception: Não existem mais
java.lang.Exception: Não existem mais
java.lang.Exception: Não existem mais
java.lang.Exception: Não existem mais
java.lang.Exception: Não existem mais
java.lang.Exception: Não existem mais
java.lang.Exception: Não existem mais
java.lang.Exception: Não existem mais
java.lang.Exception: Não existem mais
java.lang.Exception: Não existem mais
java.lang.Exception: Não existem mais
java.lang.Exception: Não existem mais
java.lang.Exception: Não existem mais
java.lang.Exception: Não existem mais
java.lang.Exception: Não existem mais
java.lang.Exception: Não existem mais
java.lang.Exception: Não existem mais
java.lang.Exception: Não existem mais
java.lang.Exception: Não existem mais
java.lang.Exception: Não existem mais
java.lang.Exception: Não existem mais
java.lang.Exception: Não existem mais
java.lang.Exception: Não existem mais
java.lang.Exception: Não existem mais
java.lang.Exception: Não existem mais
java.lang.Exception: Não existem mais
java.lang.Exception: Não existem mais
java.lang.Exception: Não existem mais
java.lang.Exception: Não existem mais
java.lang.Exception: Não existem mais
java.lang.Exception: Não existem mais
java.lang.Exception: Não existem mais
java.lang.Exception: Não existem mais
java.lang.Exception: Não existem mais
java.lang.Exception: Não existem mais
java.lang.Exception: Não existem mais
java.lang.Exception: Não existem mais
java.lang.Exception: Não existem mais
java.lang.Exception: Não existem mais
java.lang.Exception: Não existem mais
[ForkJoinPool.commonPool-worker-1] INFO io.atomix.cluster.messaging.impl.NettyMessagingService - Stopped
2019-06-23 17:14:25:255 17 sec: 1000 operations; 53,93 current ops/sec; [CLEANUP: Count=1, Max=2246655, Min=2244608, Avg=2245632, 90=2246655, 99=2246655, 99.9=2246655, 99.99=2246655] [INSERT: Count=271, Max=4049, Min=378, Avg=887,42, 90=1229, 99=2641, 99.9=4049, 99.99=4049] [SCAN: Count=107, Max=65119, Min=30736, Avg=42204,79, 90=49567, 99=64479, 99.9=65119, 99.99=65119] 
[OVERALL], RunTime(ms), 17009
[OVERALL], Throughput(ops/sec), 58.792404021400436
[TOTAL_GCS_PS_Scavenge], Count, 30
[TOTAL_GC_TIME_PS_Scavenge], Time(ms), 81
[TOTAL_GC_TIME_%_PS_Scavenge], Time(%), 0.47621847257334354
[TOTAL_GCS_PS_MarkSweep], Count, 0
[TOTAL_GC_TIME_PS_MarkSweep], Time(ms), 0
[TOTAL_GC_TIME_%_PS_MarkSweep], Time(%), 0.0
[TOTAL_GCs], Count, 30
[TOTAL_GC_TIME], Time(ms), 81
[TOTAL_GC_TIME_%], Time(%), 0.47621847257334354
[CLEANUP], Operations, 1
[CLEANUP], AverageLatency(us), 2245632.0
[CLEANUP], MinLatency(us), 2244608
[CLEANUP], MaxLatency(us), 2246655
[CLEANUP], 95thPercentileLatency(us), 2246655
[CLEANUP], 99thPercentileLatency(us), 2246655
[INSERT], Operations, 714
[INSERT], AverageLatency(us), 1004.5644257703082
[INSERT], MinLatency(us), 378
[INSERT], MaxLatency(us), 4991
[INSERT], 95thPercentileLatency(us), 1587
[INSERT], 99thPercentileLatency(us), 2605
[INSERT], Return=OK, 714
[SCAN], Operations, 286
[SCAN], AverageLatency(us), 46527.58041958042
[SCAN], MinLatency(us), 30624
[SCAN], MaxLatency(us), 191487
[SCAN], 95thPercentileLatency(us), 63999
[SCAN], 99thPercentileLatency(us), 90879
[SCAN], Return=OK, 286
dblei-binding
CENAS
['java', '-cp', '/home/jose/Desktop/LEI/Graficos/Key-DocumentDBv1/YCSB-master/dblei/conf:/home/jose/Desktop/LEI/Graficos/Key-DocumentDBv1/YCSB-master/dblei/target/dblei-binding-0.16.0-SNAPSHOT.jar:/home/jose/.m2/repository/org/apache/htrace/htrace-core4/4.1.0-incubating/htrace-core4-4.1.0-incubating.jar:/home/jose/.m2/repository/org/slf4j/slf4j-api/1.7.25/slf4j-api-1.7.25.jar:/home/jose/.m2/repository/org/rocksdb/rocksdbjni/5.11.3/rocksdbjni-5.11.3.jar:/home/jose/.m2/repository/net/jcip/jcip-annotations/1.0/jcip-annotations-1.0.jar:/home/jose/Desktop/LEI/Graficos/Key-DocumentDBv1/YCSB-master/core/target/core-0.16.0-SNAPSHOT.jar:/home/jose/.m2/repository/org/hdrhistogram/HdrHistogram/2.1.4/HdrHistogram-2.1.4.jar:/home/jose/Desktop/LEI/Key-DocumentDB/DB/target/bd-serverless-1.0-SNAPSHOT.jar:/home/jose/.m2/repository/org/codehaus/jackson/jackson-mapper-asl/1.9.4/jackson-mapper-asl-1.9.4.jar:/home/jose/.m2/repository/org/codehaus/jackson/jackson-core-asl/1.9.4/jackson-core-asl-1.9.4.jar', 'com.yahoo.ycsb.Client', '-db', 'com.yahoo.ycsb.db.dblei.DBLEIClient', '-P', 'workloads/workloade', '-p', 'operationcount=1000', '-s']
FIM
