[WARN]  Running against a source checkout. In order to get our runtime dependencies we'll have to invoke Maven. Depending on the state of your system, this may take ~30-45 seconds
[DEBUG]  Running 'mvn -pl com.yahoo.ycsb:dblei-binding -am package -DskipTests dependency:build-classpath -DincludeScope=compile -Dmdep.outputFilterFile=true'
java -cp /home/jose/Desktop/LEI/Graficos/Key-DocumentDBv1/YCSB-master/dblei/conf:/home/jose/Desktop/LEI/Graficos/Key-DocumentDBv1/YCSB-master/dblei/target/dblei-binding-0.16.0-SNAPSHOT.jar:/home/jose/.m2/repository/org/apache/htrace/htrace-core4/4.1.0-incubating/htrace-core4-4.1.0-incubating.jar:/home/jose/.m2/repository/org/slf4j/slf4j-api/1.7.25/slf4j-api-1.7.25.jar:/home/jose/.m2/repository/org/rocksdb/rocksdbjni/5.11.3/rocksdbjni-5.11.3.jar:/home/jose/.m2/repository/net/jcip/jcip-annotations/1.0/jcip-annotations-1.0.jar:/home/jose/Desktop/LEI/Graficos/Key-DocumentDBv1/YCSB-master/core/target/core-0.16.0-SNAPSHOT.jar:/home/jose/.m2/repository/org/hdrhistogram/HdrHistogram/2.1.4/HdrHistogram-2.1.4.jar:/home/jose/Desktop/LEI/Graficos/Key-DocumentDBv1/DB/target/bd-serverless-1.0-SNAPSHOT.jar:/home/jose/.m2/repository/org/codehaus/jackson/jackson-mapper-asl/1.9.4/jackson-mapper-asl-1.9.4.jar:/home/jose/.m2/repository/org/codehaus/jackson/jackson-core-asl/1.9.4/jackson-core-asl-1.9.4.jar com.yahoo.ycsb.Client -db com.yahoo.ycsb.db.dblei.DBLEIClient -P workloads/workloade -p operationcount=1000 -s -t
Command line: -db com.yahoo.ycsb.db.dblei.DBLEIClient -P workloads/workloade -p operationcount=1000 -s -t
YCSB Client 0.16.0-SNAPSHOT

Loading workload...
Starting test.
2019-06-22 19:11:12:221 0 sec: 0 operations; est completion in 0 second 
[Thread-3] WARN io.atomix.cluster.messaging.impl.NettyMessagingService - Disabling TLS for intra-cluster messaging; Could not load cluster key store: ../config/atomix.jks (No such file or directory)
[netty-messaging-event-epoll-server-0] INFO io.atomix.cluster.messaging.impl.NettyMessagingService - localhost/127.0.0.1 accepting incoming connections on port 25470
[netty-messaging-event-epoll-server-0] INFO io.atomix.cluster.messaging.impl.NettyMessagingService - Started
DBWrapper: report latency for each error is false and specific error codes to track for latency are: []
TOu no envia mensagem!!!!!
O endereco é nulo? true
Ainda nao tenho na cache
Recebi uma mensagtme do master!!
O slave que contém a minha key é: localhost:12343
Por na cache
Enviar para o slave
O valor é: true
TOu no envia mensagem!!!!!
O endereco é nulo? true
Ainda nao tenho na cache
Recebi uma mensagtme do master!!
O slave que contém a minha key é: localhost:12341
Por na cache
Enviar para o slave
O valor é: true
java.lang.Exception: Não existem mais
TOu no envia mensagem!!!!!
O endereco é nulo? false
Ja tenho na cache
O valor é: true
TOu no envia mensagem!!!!!
O endereco é nulo? false
Ja tenho na cache
O valor é: true
java.lang.Exception: Não existem mais
TOu no envia mensagem!!!!!
O endereco é nulo? false
Ja tenho na cache
O valor é: true
TOu no envia mensagem!!!!!
O endereco é nulo? false
Ja tenho na cache
O valor é: true
TOu no envia mensagem!!!!!
O endereco é nulo? false
Ja tenho na cache
O valor é: true
java.lang.Exception: Não existem mais
TOu no envia mensagem!!!!!
O endereco é nulo? false
Ja tenho na cache
O valor é: true
java.lang.Exception: Não existem mais
TOu no envia mensagem!!!!!
O endereco é nulo? false
Ja tenho na cache
O valor é: true
java.lang.Exception: Não existem mais
TOu no envia mensagem!!!!!
O endereco é nulo? false
Ja tenho na cache
O valor é: true
java.lang.Exception: Não existem mais
TOu no envia mensagem!!!!!
O endereco é nulo? false
Ja tenho na cache
O valor é: true
TOu no envia mensagem!!!!!
O endereco é nulo? false
Ja tenho na cache
O valor é: true
TOu no envia mensagem!!!!!
O endereco é nulo? false
Ja tenho na cache
O valor é: true
java.lang.Exception: Não existem mais
java.lang.Exception: Não existem mais
TOu no envia mensagem!!!!!
O endereco é nulo? false
Ja tenho na cache
O valor é: true
TOu no envia mensagem!!!!!
O endereco é nulo? false
Ja tenho na cache
O valor é: true
java.lang.Exception: Não existem mais
TOu no envia mensagem!!!!!
O endereco é nulo? false
Ja tenho na cache
O valor é: true
java.lang.Exception: Não existem mais
TOu no envia mensagem!!!!!
O endereco é nulo? false
Ja tenho na cache
O valor é: true
TOu no envia mensagem!!!!!
O endereco é nulo? false
Ja tenho na cache
O valor é: true
TOu no envia mensagem!!!!!
O endereco é nulo? false
Ja tenho na cache
O valor é: true
java.lang.Exception: Não existem mais
TOu no envia mensagem!!!!!
O endereco é nulo? false
Ja tenho na cache
O valor é: true
java.lang.Exception: Não existem mais
java.lang.Exception: Não existem mais
TOu no envia mensagem!!!!!
O endereco é nulo? false
Ja tenho na cache
O valor é: true
TOu no envia mensagem!!!!!
O endereco é nulo? false
Ja tenho na cache
O valor é: true
TOu no envia mensagem!!!!!
O endereco é nulo? false
Ja tenho na cache
O valor é: true
TOu no envia mensagem!!!!!
O endereco é nulo? false
Ja tenho na cache
O valor é: true
TOu no envia mensagem!!!!!
O endereco é nulo? false
Ja tenho na cache
O valor é: true
TOu no envia mensagem!!!!!
O endereco é nulo? false
Ja tenho na cache
O valor é: true
java.lang.Exception: Não existem mais
java.lang.Exception: Não existem mais
java.lang.Exception: Não existem mais
TOu no envia mensagem!!!!!
O endereco é nulo? false
Ja tenho na cache
O valor é: true
TOu no envia mensagem!!!!!
O endereco é nulo? false
Ja tenho na cache
O valor é: true
TOu no envia mensagem!!!!!
O endereco é nulo? false
Ja tenho na cache
O valor é: true
TOu no envia mensagem!!!!!
O endereco é nulo? false
Ja tenho na cache
O valor é: true
java.lang.Exception: Não existem mais
TOu no envia mensagem!!!!!
O endereco é nulo? false
Ja tenho na cache
O valor é: true
java.lang.Exception: Não existem mais
java.lang.Exception: Não existem mais
java.lang.Exception: Não existem mais
TOu no envia mensagem!!!!!
O endereco é nulo? false
Ja tenho na cache
O valor é: true
TOu no envia mensagem!!!!!
O endereco é nulo? false
Ja tenho na cache
O valor é: true
TOu no envia mensagem!!!!!
O endereco é nulo? false
Ja tenho na cache
O valor é: true
TOu no envia mensagem!!!!!
O endereco é nulo? false
Ja tenho na cache
O valor é: true
TOu no envia mensagem!!!!!
O endereco é nulo? false
Ja tenho na cache
O valor é: true
TOu no envia mensagem!!!!!
O endereco é nulo? false
Ja tenho na cache
O valor é: true
TOu no envia mensagem!!!!!
O endereco é nulo? false
Ja tenho na cache
O valor é: true
TOu no envia mensagem!!!!!
O endereco é nulo? false
Ja tenho na cache
O valor é: true
java.lang.Exception: Não existem mais
java.lang.Exception: Não existem mais
TOu no envia mensagem!!!!!
O endereco é nulo? false
Ja tenho na cache
O valor é: true
java.lang.Exception: Não existem mais
TOu no envia mensagem!!!!!
O endereco é nulo? false
Ja tenho na cache
O valor é: true
TOu no envia mensagem!!!!!
O endereco é nulo? false
Ja tenho na cache
O valor é: true
TOu no envia mensagem!!!!!
O endereco é nulo? false
Ja tenho na cache
O valor é: true
java.lang.Exception: Não existem mais
TOu no envia mensagem!!!!!
O endereco é nulo? false
Ja tenho na cache
O valor é: true
TOu no envia mensagem!!!!!
O endereco é nulo? false
Ja tenho na cache
O valor é: true
TOu no envia mensagem!!!!!
O endereco é nulo? false
Ja tenho na cache
O valor é: true
java.lang.Exception: Não existem mais
TOu no envia mensagem!!!!!
O endereco é nulo? false
Ja tenho na cache
O valor é: true
TOu no envia mensagem!!!!!
O endereco é nulo? false
Ja tenho na cache
O valor é: true
java.lang.Exception: Não existem mais
TOu no envia mensagem!!!!!
O endereco é nulo? false
Ja tenho na cache
O valor é: true
java.lang.Exception: Não existem mais
java.lang.Exception: Não existem mais
java.lang.Exception: Não existem mais
TOu no envia mensagem!!!!!
O endereco é nulo? false
Ja tenho na cache
O valor é: true
TOu no envia mensagem!!!!!
O endereco é nulo? false
Ja tenho na cache
O valor é: true
TOu no envia mensagem!!!!!
O endereco é nulo? false
Ja tenho na cache
O valor é: true
java.lang.Exception: Não existem mais
TOu no envia mensagem!!!!!
O endereco é nulo? false
Ja tenho na cache
O valor é: true
TOu no envia mensagem!!!!!
O endereco é nulo? false
Ja tenho na cache
O valor é: true
java.lang.Exception: Não existem mais
TOu no envia mensagem!!!!!
O endereco é nulo? false
Ja tenho na cache
O valor é: true
TOu no envia mensagem!!!!!
O endereco é nulo? false
Ja tenho na cache
O valor é: true
TOu no envia mensagem!!!!!
O endereco é nulo? false
Ja tenho na cache
O valor é: true
java.lang.Exception: Não existem mais
java.lang.Exception: Não existem mais
TOu no envia mensagem!!!!!
O endereco é nulo? false
Ja tenho na cache
O valor é: true
java.lang.Exception: Não existem mais
TOu no envia mensagem!!!!!
O endereco é nulo? false
Ja tenho na cache
O valor é: true
TOu no envia mensagem!!!!!
O endereco é nulo? false
Ja tenho na cache
O valor é: true
TOu no envia mensagem!!!!!
O endereco é nulo? false
Ja tenho na cache
O valor é: true
TOu no envia mensagem!!!!!
O endereco é nulo? false
Ja tenho na cache
O valor é: true
TOu no envia mensagem!!!!!
O endereco é nulo? false
Ja tenho na cache
O valor é: true
TOu no envia mensagem!!!!!
O endereco é nulo? false
Ja tenho na cache
O valor é: true
TOu no envia mensagem!!!!!
O endereco é nulo? false
Ja tenho na cache
O valor é: true
java.lang.Exception: Não existem mais
java.lang.Exception: Não existem mais
TOu no envia mensagem!!!!!
O endereco é nulo? false
Ja tenho na cache
O valor é: true
java.lang.Exception: Não existem mais
TOu no envia mensagem!!!!!
O endereco é nulo? false
Ja tenho na cache
O valor é: true
TOu no envia mensagem!!!!!
O endereco é nulo? false
Ja tenho na cache
O valor é: true
TOu no envia mensagem!!!!!
O endereco é nulo? false
Ja tenho na cache
O valor é: true
TOu no envia mensagem!!!!!
O endereco é nulo? false
Ja tenho na cache
O valor é: true
TOu no envia mensagem!!!!!
O endereco é nulo? false
Ja tenho na cache
O valor é: true
TOu no envia mensagem!!!!!
O endereco é nulo? false
Ja tenho na cache
O valor é: true
TOu no envia mensagem!!!!!
O endereco é nulo? false
Ja tenho na cache
O valor é: true
TOu no envia mensagem!!!!!
O endereco é nulo? false
Ja tenho na cache
O valor é: true
java.lang.Exception: Não existem mais
java.lang.Exception: Não existem mais
TOu no envia mensagem!!!!!
O endereco é nulo? false
Ja tenho na cache
O valor é: true
TOu no envia mensagem!!!!!
O endereco é nulo? false
Ja tenho na cache
O valor é: true
java.lang.Exception: Não existem mais
TOu no envia mensagem!!!!!
O endereco é nulo? false
Ja tenho na cache
O valor é: true
java.lang.Exception: Não existem mais
TOu no envia mensagem!!!!!
O endereco é nulo? false
Ja tenho na cache
O valor é: true
TOu no envia mensagem!!!!!
O endereco é nulo? false
Ja tenho na cache
O valor é: true
TOu no envia mensagem!!!!!
O endereco é nulo? false
Ja tenho na cache
O valor é: true
java.lang.Exception: Não existem mais
TOu no envia mensagem!!!!!
O endereco é nulo? false
Ja tenho na cache
O valor é: true
TOu no envia mensagem!!!!!
O endereco é nulo? false
Ja tenho na cache
O valor é: true
java.lang.Exception: Não existem mais
java.lang.Exception: Não existem mais
TOu no envia mensagem!!!!!
O endereco é nulo? false
Ja tenho na cache
O valor é: true
TOu no envia mensagem!!!!!
O endereco é nulo? false
Ja tenho na cache
O valor é: true
TOu no envia mensagem!!!!!
O endereco é nulo? false
Ja tenho na cache
O valor é: true
TOu no envia mensagem!!!!!
O endereco é nulo? false
Ja tenho na cache
O valor é: true
TOu no envia mensagem!!!!!
O endereco é nulo? false
Ja tenho na cache
O valor é: true
java.lang.Exception: Não existem mais
TOu no envia mensagem!!!!!
O endereco é nulo? false
Ja tenho na cache
O valor é: true
TOu no envia mensagem!!!!!
O endereco é nulo? false
Ja tenho na cache
O valor é: true
java.lang.Exception: Não existem mais
TOu no envia mensagem!!!!!
O endereco é nulo? false
Ja tenho na cache
O valor é: true
TOu no envia mensagem!!!!!
O endereco é nulo? false
Ja tenho na cache
O valor é: true
java.lang.Exception: Não existem mais
TOu no envia mensagem!!!!!
O endereco é nulo? false
Ja tenho na cache
O valor é: true
java.lang.Exception: Não existem mais
TOu no envia mensagem!!!!!
O endereco é nulo? false
Ja tenho na cache
O valor é: true
java.lang.Exception: Não existem mais
java.lang.Exception: Não existem mais
TOu no envia mensagem!!!!!
O endereco é nulo? false
Ja tenho na cache
O valor é: true
java.lang.Exception: Não existem mais
TOu no envia mensagem!!!!!
O endereco é nulo? false
Ja tenho na cache
O valor é: true
TOu no envia mensagem!!!!!
O endereco é nulo? false
Ja tenho na cache
O valor é: true
TOu no envia mensagem!!!!!
O endereco é nulo? false
Ja tenho na cache
O valor é: true
TOu no envia mensagem!!!!!
O endereco é nulo? false
Ja tenho na cache
O valor é: true
TOu no envia mensagem!!!!!
O endereco é nulo? false
Ja tenho na cache
O valor é: true
java.lang.Exception: Não existem mais
java.lang.Exception: Não existem mais
TOu no envia mensagem!!!!!
O endereco é nulo? false
Ja tenho na cache
O valor é: true
TOu no envia mensagem!!!!!
O endereco é nulo? false
Ja tenho na cache
O valor é: true
TOu no envia mensagem!!!!!
O endereco é nulo? false
Ja tenho na cache
O valor é: true
TOu no envia mensagem!!!!!
O endereco é nulo? false
Ja tenho na cache
O valor é: true
java.lang.Exception: Não existem mais
TOu no envia mensagem!!!!!
O endereco é nulo? false
Ja tenho na cache
O valor é: true
TOu no envia mensagem!!!!!
O endereco é nulo? false
Ja tenho na cache
O valor é: true
TOu no envia mensagem!!!!!
O endereco é nulo? false
Ja tenho na cache
O valor é: true
TOu no envia mensagem!!!!!
O endereco é nulo? false
Ja tenho na cache
O valor é: true
TOu no envia mensagem!!!!!
O endereco é nulo? false
Ja tenho na cache
O valor é: true
TOu no envia mensagem!!!!!
O endereco é nulo? false
Ja tenho na cache
O valor é: true
TOu no envia mensagem!!!!!
O endereco é nulo? false
Ja tenho na cache
O valor é: true
TOu no envia mensagem!!!!!
O endereco é nulo? false
Ja tenho na cache
O valor é: true
java.lang.Exception: Não existem mais
java.lang.Exception: Não existem mais
java.lang.Exception: Não existem mais
java.lang.Exception: Não existem mais
java.lang.Exception: Não existem mais
TOu no envia mensagem!!!!!
O endereco é nulo? false
Ja tenho na cache
O valor é: true
java.lang.Exception: Não existem mais
java.lang.Exception: Não existem mais
TOu no envia mensagem!!!!!
O endereco é nulo? false
Ja tenho na cache
O valor é: true
java.lang.Exception: Não existem mais
TOu no envia mensagem!!!!!
O endereco é nulo? false
Ja tenho na cache
O valor é: true
TOu no envia mensagem!!!!!
O endereco é nulo? false
Ja tenho na cache
O valor é: true
TOu no envia mensagem!!!!!
O endereco é nulo? false
Ja tenho na cache
O valor é: true
TOu no envia mensagem!!!!!
O endereco é nulo? false
Ja tenho na cache
O valor é: true
TOu no envia mensagem!!!!!
O endereco é nulo? false
Ja tenho na cache
O valor é: true
TOu no envia mensagem!!!!!
O endereco é nulo? false
Ja tenho na cache
O valor é: true
TOu no envia mensagem!!!!!
O endereco é nulo? false
Ja tenho na cache
O valor é: true
java.lang.Exception: Não existem mais
TOu no envia mensagem!!!!!
O endereco é nulo? false
Ja tenho na cache
O valor é: true
TOu no envia mensagem!!!!!
O endereco é nulo? false
Ja tenho na cache
O valor é: true
TOu no envia mensagem!!!!!
O endereco é nulo? false
Ja tenho na cache
O valor é: true
TOu no envia mensagem!!!!!
O endereco é nulo? false
Ja tenho na cache
O valor é: true
TOu no envia mensagem!!!!!
O endereco é nulo? false
Ja tenho na cache
O valor é: true
TOu no envia mensagem!!!!!
O endereco é nulo? false
Ja tenho na cache
O valor é: true
java.lang.Exception: Não existem mais
TOu no envia mensagem!!!!!
O endereco é nulo? false
Ja tenho na cache
O valor é: true
TOu no envia mensagem!!!!!
O endereco é nulo? false
Ja tenho na cache
O valor é: true
TOu no envia mensagem!!!!!
O endereco é nulo? false
Ja tenho na cache
O valor é: true
TOu no envia mensagem!!!!!
O endereco é nulo? false
Ja tenho na cache
O valor é: true
java.lang.Exception: Não existem mais
TOu no envia mensagem!!!!!
O endereco é nulo? false
Ja tenho na cache
O valor é: true
TOu no envia mensagem!!!!!
O endereco é nulo? false
Ja tenho na cache
O valor é: true
TOu no envia mensagem!!!!!
O endereco é nulo? false
Ja tenho na cache
O valor é: true
TOu no envia mensagem!!!!!
O endereco é nulo? false
Ja tenho na cache
O valor é: true
TOu no envia mensagem!!!!!
O endereco é nulo? false
Ja tenho na cache
O valor é: true
TOu no envia mensagem!!!!!
O endereco é nulo? false
Ja tenho na cache
O valor é: true
java.lang.Exception: Não existem mais
TOu no envia mensagem!!!!!
O endereco é nulo? false
Ja tenho na cache
O valor é: true
TOu no envia mensagem!!!!!
O endereco é nulo? false
Ja tenho na cache
O valor é: true
java.lang.Exception: Não existem mais
TOu no envia mensagem!!!!!
O endereco é nulo? false
Ja tenho na cache
O valor é: true
TOu no envia mensagem!!!!!
O endereco é nulo? false
Ja tenho na cache
O valor é: true
TOu no envia mensagem!!!!!
O endereco é nulo? false
Ja tenho na cache
O valor é: true
TOu no envia mensagem!!!!!
O endereco é nulo? false
Ja tenho na cache
O valor é: true
TOu no envia mensagem!!!!!
O endereco é nulo? false
Ja tenho na cache
O valor é: true
TOu no envia mensagem!!!!!
O endereco é nulo? false
Ja tenho na cache
O valor é: true
java.lang.Exception: Não existem mais
TOu no envia mensagem!!!!!
O endereco é nulo? false
Ja tenho na cache
O valor é: true
java.lang.Exception: Não existem mais
java.lang.Exception: Não existem mais
java.lang.Exception: Não existem mais
TOu no envia mensagem!!!!!
O endereco é nulo? false
Ja tenho na cache
O valor é: true
java.lang.Exception: Não existem mais
java.lang.Exception: Não existem mais
TOu no envia mensagem!!!!!
O endereco é nulo? false
Ja tenho na cache
O valor é: true
TOu no envia mensagem!!!!!
O endereco é nulo? false
Ja tenho na cache
O valor é: true
TOu no envia mensagem!!!!!
O endereco é nulo? false
Ja tenho na cache
O valor é: true
java.lang.Exception: Não existem mais
java.lang.Exception: Não existem mais
TOu no envia mensagem!!!!!
O endereco é nulo? false
Ja tenho na cache
O valor é: true
TOu no envia mensagem!!!!!
O endereco é nulo? false
Ja tenho na cache
O valor é: true
TOu no envia mensagem!!!!!
O endereco é nulo? false
Ja tenho na cache
O valor é: true
java.lang.Exception: Não existem mais
TOu no envia mensagem!!!!!
O endereco é nulo? false
Ja tenho na cache
O valor é: true
java.lang.Exception: Não existem mais
TOu no envia mensagem!!!!!
O endereco é nulo? false
Ja tenho na cache
O valor é: true
TOu no envia mensagem!!!!!
O endereco é nulo? false
Ja tenho na cache
O valor é: true
TOu no envia mensagem!!!!!
O endereco é nulo? false
Ja tenho na cache
O valor é: true
TOu no envia mensagem!!!!!
O endereco é nulo? false
Ja tenho na cache
O valor é: true
TOu no envia mensagem!!!!!
O endereco é nulo? false
Ja tenho na cache
O valor é: true
TOu no envia mensagem!!!!!
O endereco é nulo? false
Ja tenho na cache
O valor é: true
java.lang.Exception: Não existem mais
java.lang.Exception: Não existem mais
java.lang.Exception: Não existem mais
TOu no envia mensagem!!!!!
O endereco é nulo? false
Ja tenho na cache
O valor é: true
TOu no envia mensagem!!!!!
O endereco é nulo? false
Ja tenho na cache
O valor é: true
TOu no envia mensagem!!!!!
O endereco é nulo? false
Ja tenho na cache
O valor é: true
TOu no envia mensagem!!!!!
O endereco é nulo? false
Ja tenho na cache
O valor é: true
TOu no envia mensagem!!!!!
O endereco é nulo? false
Ja tenho na cache
O valor é: true
TOu no envia mensagem!!!!!
O endereco é nulo? false
Ja tenho na cache
O valor é: true
TOu no envia mensagem!!!!!
O endereco é nulo? false
Ja tenho na cache
O valor é: true
TOu no envia mensagem!!!!!
O endereco é nulo? false
Ja tenho na cache
O valor é: true
java.lang.Exception: Não existem mais
TOu no envia mensagem!!!!!
O endereco é nulo? false
Ja tenho na cache
O valor é: true
java.lang.Exception: Não existem mais
java.lang.Exception: Não existem mais
TOu no envia mensagem!!!!!
O endereco é nulo? false
Ja tenho na cache
O valor é: true
java.lang.Exception: Não existem mais
TOu no envia mensagem!!!!!
O endereco é nulo? false
Ja tenho na cache
O valor é: true
TOu no envia mensagem!!!!!
O endereco é nulo? false
Ja tenho na cache
O valor é: true
TOu no envia mensagem!!!!!
O endereco é nulo? false
Ja tenho na cache
O valor é: true
TOu no envia mensagem!!!!!
O endereco é nulo? false
Ja tenho na cache
O valor é: true
TOu no envia mensagem!!!!!
O endereco é nulo? false
Ja tenho na cache
O valor é: true
TOu no envia mensagem!!!!!
O endereco é nulo? false
Ja tenho na cache
O valor é: true
TOu no envia mensagem!!!!!
O endereco é nulo? false
Ja tenho na cache
O valor é: true
TOu no envia mensagem!!!!!
O endereco é nulo? false
Ja tenho na cache
O valor é: true
TOu no envia mensagem!!!!!
O endereco é nulo? false
Ja tenho na cache
O valor é: true
java.lang.Exception: Não existem mais
TOu no envia mensagem!!!!!
O endereco é nulo? false
Ja tenho na cache
O valor é: true
java.lang.Exception: Não existem mais
TOu no envia mensagem!!!!!
O endereco é nulo? false
Ja tenho na cache
O valor é: true
TOu no envia mensagem!!!!!
O endereco é nulo? false
Ja tenho na cache
O valor é: true
TOu no envia mensagem!!!!!
O endereco é nulo? false
Ja tenho na cache
O valor é: true
TOu no envia mensagem!!!!!
O endereco é nulo? false
Ja tenho na cache
O valor é: true
java.lang.Exception: Não existem mais
TOu no envia mensagem!!!!!
O endereco é nulo? false
Ja tenho na cache
O valor é: true
TOu no envia mensagem!!!!!
O endereco é nulo? false
Ja tenho na cache
O valor é: true
TOu no envia mensagem!!!!!
O endereco é nulo? false
Ja tenho na cache
O valor é: true
java.lang.Exception: Não existem mais
TOu no envia mensagem!!!!!
O endereco é nulo? false
Ja tenho na cache
O valor é: true
java.lang.Exception: Não existem mais
java.lang.Exception: Não existem mais
TOu no envia mensagem!!!!!
O endereco é nulo? false
Ja tenho na cache
O valor é: true
TOu no envia mensagem!!!!!
O endereco é nulo? false
Ja tenho na cache
O valor é: true
java.lang.Exception: Não existem mais
java.lang.Exception: Não existem mais
TOu no envia mensagem!!!!!
O endereco é nulo? false
Ja tenho na cache
O valor é: true
java.lang.Exception: Não existem mais
java.lang.Exception: Não existem mais
TOu no envia mensagem!!!!!
O endereco é nulo? false
Ja tenho na cache
O valor é: true
TOu no envia mensagem!!!!!
O endereco é nulo? false
Ja tenho na cache
O valor é: true
java.lang.Exception: Não existem mais
TOu no envia mensagem!!!!!
O endereco é nulo? false
Ja tenho na cache
O valor é: true
TOu no envia mensagem!!!!!
O endereco é nulo? false
Ja tenho na cache
O valor é: true
TOu no envia mensagem!!!!!
O endereco é nulo? false
Ja tenho na cache
O valor é: true
TOu no envia mensagem!!!!!
O endereco é nulo? false
Ja tenho na cache
O valor é: true
TOu no envia mensagem!!!!!
O endereco é nulo? false
Ja tenho na cache
O valor é: true
TOu no envia mensagem!!!!!
O endereco é nulo? false
Ja tenho na cache
O valor é: true
TOu no envia mensagem!!!!!
O endereco é nulo? false
Ja tenho na cache
O valor é: true
TOu no envia mensagem!!!!!
O endereco é nulo? false
Ja tenho na cache
O valor é: true
TOu no envia mensagem!!!!!
O endereco é nulo? false
Ja tenho na cache
O valor é: true
java.lang.Exception: Não existem mais
java.lang.Exception: Não existem mais
TOu no envia mensagem!!!!!
O endereco é nulo? false
Ja tenho na cache
O valor é: true
TOu no envia mensagem!!!!!
O endereco é nulo? false
Ja tenho na cache
O valor é: true
TOu no envia mensagem!!!!!
O endereco é nulo? false
Ja tenho na cache
O valor é: true
TOu no envia mensagem!!!!!
O endereco é nulo? false
Ja tenho na cache
O valor é: true
TOu no envia mensagem!!!!!
O endereco é nulo? false
Ja tenho na cache
O valor é: true
TOu no envia mensagem!!!!!
O endereco é nulo? false
Ja tenho na cache
O valor é: true
TOu no envia mensagem!!!!!
O endereco é nulo? false
Ja tenho na cache
O valor é: true
TOu no envia mensagem!!!!!
O endereco é nulo? false
Ja tenho na cache
O valor é: true
TOu no envia mensagem!!!!!
O endereco é nulo? false
Ja tenho na cache
O valor é: true
java.lang.Exception: Não existem mais
java.lang.Exception: Não existem mais
TOu no envia mensagem!!!!!
O endereco é nulo? false
Ja tenho na cache
O valor é: true
TOu no envia mensagem!!!!!
O endereco é nulo? false
Ja tenho na cache
O valor é: true
java.lang.Exception: Não existem mais
TOu no envia mensagem!!!!!
O endereco é nulo? false
Ja tenho na cache
O valor é: true
TOu no envia mensagem!!!!!
O endereco é nulo? false
Ja tenho na cache
O valor é: true
TOu no envia mensagem!!!!!
O endereco é nulo? false
Ja tenho na cache
O valor é: true
TOu no envia mensagem!!!!!
O endereco é nulo? false
Ja tenho na cache
O valor é: true
TOu no envia mensagem!!!!!
O endereco é nulo? false
Ja tenho na cache
O valor é: true
TOu no envia mensagem!!!!!
O endereco é nulo? false
Ja tenho na cache
O valor é: true
TOu no envia mensagem!!!!!
O endereco é nulo? false
Ja tenho na cache
O valor é: true
TOu no envia mensagem!!!!!
O endereco é nulo? false
Ja tenho na cache
O valor é: true
TOu no envia mensagem!!!!!
O endereco é nulo? false
Ja tenho na cache
O valor é: true
java.lang.Exception: Não existem mais
java.lang.Exception: Não existem mais
TOu no envia mensagem!!!!!
O endereco é nulo? false
Ja tenho na cache
O valor é: true
TOu no envia mensagem!!!!!
O endereco é nulo? false
Ja tenho na cache
O valor é: true
TOu no envia mensagem!!!!!
O endereco é nulo? false
Ja tenho na cache
O valor é: true
TOu no envia mensagem!!!!!
O endereco é nulo? false
Ja tenho na cache
O valor é: true
java.lang.Exception: Não existem mais
java.lang.Exception: Não existem mais
TOu no envia mensagem!!!!!
O endereco é nulo? false
Ja tenho na cache
O valor é: true
TOu no envia mensagem!!!!!
O endereco é nulo? false
Ja tenho na cache
O valor é: true
TOu no envia mensagem!!!!!
O endereco é nulo? false
Ja tenho na cache
O valor é: true
java.lang.Exception: Não existem mais
java.lang.Exception: Não existem mais
TOu no envia mensagem!!!!!
O endereco é nulo? false
Ja tenho na cache
O valor é: true
TOu no envia mensagem!!!!!
O endereco é nulo? false
Ja tenho na cache
O valor é: true
java.lang.Exception: Não existem mais
TOu no envia mensagem!!!!!
O endereco é nulo? false
Ja tenho na cache
O valor é: true
TOu no envia mensagem!!!!!
O endereco é nulo? false
Ja tenho na cache
O valor é: true
TOu no envia mensagem!!!!!
O endereco é nulo? false
Ja tenho na cache
O valor é: true
TOu no envia mensagem!!!!!
O endereco é nulo? false
Ja tenho na cache
O valor é: true
TOu no envia mensagem!!!!!
O endereco é nulo? false
Ja tenho na cache
O valor é: true
java.lang.Exception: Não existem mais
TOu no envia mensagem!!!!!
O endereco é nulo? false
Ja tenho na cache
O valor é: true
java.lang.Exception: Não existem mais
java.lang.Exception: Não existem mais
TOu no envia mensagem!!!!!
O endereco é nulo? false
Ja tenho na cache
O valor é: true
java.lang.Exception: Não existem mais
TOu no envia mensagem!!!!!
O endereco é nulo? false
Ja tenho na cache
O valor é: true
TOu no envia mensagem!!!!!
O endereco é nulo? false
Ja tenho na cache
O valor é: true
TOu no envia mensagem!!!!!
O endereco é nulo? false
Ja tenho na cache
O valor é: true
TOu no envia mensagem!!!!!
O endereco é nulo? false
Ja tenho na cache
O valor é: true
TOu no envia mensagem!!!!!
O endereco é nulo? false
Ja tenho na cache
O valor é: true
TOu no envia mensagem!!!!!
O endereco é nulo? false
Ja tenho na cache
O valor é: true
TOu no envia mensagem!!!!!
O endereco é nulo? false
Ja tenho na cache
O valor é: true
TOu no envia mensagem!!!!!
O endereco é nulo? false
Ja tenho na cache
O valor é: true
java.lang.Exception: Não existem mais
java.lang.Exception: Não existem mais
TOu no envia mensagem!!!!!
O endereco é nulo? false
Ja tenho na cache
O valor é: true
TOu no envia mensagem!!!!!
O endereco é nulo? false
Ja tenho na cache
O valor é: true
TOu no envia mensagem!!!!!
O endereco é nulo? false
Ja tenho na cache
O valor é: true
TOu no envia mensagem!!!!!
O endereco é nulo? false
Ja tenho na cache
O valor é: true
TOu no envia mensagem!!!!!
O endereco é nulo? false
Ja tenho na cache
O valor é: true
java.lang.Exception: Não existem mais
java.lang.Exception: Não existem mais
java.lang.Exception: Não existem mais
java.lang.Exception: Não existem mais
java.lang.Exception: Não existem mais
TOu no envia mensagem!!!!!
O endereco é nulo? false
Ja tenho na cache
O valor é: true
TOu no envia mensagem!!!!!
O endereco é nulo? false
Ja tenho na cache
O valor é: true
TOu no envia mensagem!!!!!
O endereco é nulo? false
Ja tenho na cache
O valor é: true
TOu no envia mensagem!!!!!
O endereco é nulo? false
Ja tenho na cache
O valor é: true
TOu no envia mensagem!!!!!
O endereco é nulo? false
Ja tenho na cache
O valor é: true
java.lang.Exception: Não existem mais
TOu no envia mensagem!!!!!
O endereco é nulo? false
Ja tenho na cache
O valor é: true
TOu no envia mensagem!!!!!
O endereco é nulo? false
Ja tenho na cache
O valor é: true
TOu no envia mensagem!!!!!
O endereco é nulo? false
Ja tenho na cache
O valor é: true
TOu no envia mensagem!!!!!
O endereco é nulo? false
Ja tenho na cache
O valor é: true
TOu no envia mensagem!!!!!
O endereco é nulo? false
Ja tenho na cache
O valor é: true
TOu no envia mensagem!!!!!
O endereco é nulo? false
Ja tenho na cache
O valor é: true
TOu no envia mensagem!!!!!
O endereco é nulo? false
Ja tenho na cache
O valor é: true
TOu no envia mensagem!!!!!
O endereco é nulo? false
Ja tenho na cache
O valor é: true
TOu no envia mensagem!!!!!
O endereco é nulo? false
Ja tenho na cache
O valor é: true
TOu no envia mensagem!!!!!
O endereco é nulo? false
Ja tenho na cache
O valor é: true
TOu no envia mensagem!!!!!
O endereco é nulo? false
Ja tenho na cache
O valor é: true
java.lang.Exception: Não existem mais
TOu no envia mensagem!!!!!
O endereco é nulo? false
Ja tenho na cache
O valor é: true
TOu no envia mensagem!!!!!
O endereco é nulo? false
Ja tenho na cache
O valor é: true
TOu no envia mensagem!!!!!
O endereco é nulo? false
Ja tenho na cache
O valor é: true
java.lang.Exception: Não existem mais
TOu no envia mensagem!!!!!
O endereco é nulo? false
Ja tenho na cache
O valor é: true
TOu no envia mensagem!!!!!
O endereco é nulo? false
Ja tenho na cache
O valor é: true
TOu no envia mensagem!!!!!
O endereco é nulo? false
Ja tenho na cache
O valor é: true
TOu no envia mensagem!!!!!
O endereco é nulo? false
Ja tenho na cache
O valor é: true
TOu no envia mensagem!!!!!
O endereco é nulo? false
Ja tenho na cache
O valor é: true
java.lang.Exception: Não existem mais
TOu no envia mensagem!!!!!
O endereco é nulo? false
Ja tenho na cache
O valor é: true
TOu no envia mensagem!!!!!
O endereco é nulo? false
Ja tenho na cache
O valor é: true
TOu no envia mensagem!!!!!
O endereco é nulo? false
Ja tenho na cache
O valor é: true
TOu no envia mensagem!!!!!
O endereco é nulo? false
Ja tenho na cache
O valor é: true
java.lang.Exception: Não existem mais
java.lang.Exception: Não existem mais
TOu no envia mensagem!!!!!
O endereco é nulo? false
Ja tenho na cache
O valor é: true
java.lang.Exception: Não existem mais
TOu no envia mensagem!!!!!
O endereco é nulo? false
Ja tenho na cache
O valor é: true
TOu no envia mensagem!!!!!
O endereco é nulo? false
Ja tenho na cache
O valor é: true
TOu no envia mensagem!!!!!
O endereco é nulo? false
Ja tenho na cache
O valor é: true
TOu no envia mensagem!!!!!
O endereco é nulo? false
Ja tenho na cache
O valor é: true
TOu no envia mensagem!!!!!
O endereco é nulo? false
Ja tenho na cache
O valor é: true
java.lang.Exception: Não existem mais
TOu no envia mensagem!!!!!
O endereco é nulo? false
Ja tenho na cache
O valor é: true
TOu no envia mensagem!!!!!
O endereco é nulo? false
Ja tenho na cache
O valor é: true
TOu no envia mensagem!!!!!
O endereco é nulo? false
Ja tenho na cache
O valor é: true
TOu no envia mensagem!!!!!
O endereco é nulo? false
Ja tenho na cache
O valor é: true
java.lang.Exception: Não existem mais
TOu no envia mensagem!!!!!
O endereco é nulo? false
Ja tenho na cache
O valor é: true
TOu no envia mensagem!!!!!
O endereco é nulo? false
Ja tenho na cache
O valor é: true
java.lang.Exception: Não existem mais
TOu no envia mensagem!!!!!
O endereco é nulo? false
Ja tenho na cache
O valor é: true
TOu no envia mensagem!!!!!
O endereco é nulo? false
Ja tenho na cache
O valor é: true
TOu no envia mensagem!!!!!
O endereco é nulo? false
Ja tenho na cache
O valor é: true
java.lang.Exception: Não existem mais
java.lang.Exception: Não existem mais
java.lang.Exception: Não existem mais
java.lang.Exception: Não existem mais
TOu no envia mensagem!!!!!
O endereco é nulo? false
Ja tenho na cache
O valor é: true
java.lang.Exception: Não existem mais
java.lang.Exception: Não existem mais
TOu no envia mensagem!!!!!
O endereco é nulo? false
Ja tenho na cache
O valor é: true
java.lang.Exception: Não existem mais
TOu no envia mensagem!!!!!
O endereco é nulo? false
Ja tenho na cache
O valor é: true
TOu no envia mensagem!!!!!
O endereco é nulo? false
Ja tenho na cache
O valor é: true
TOu no envia mensagem!!!!!
O endereco é nulo? false
Ja tenho na cache
O valor é: true
TOu no envia mensagem!!!!!
O endereco é nulo? false
Ja tenho na cache
O valor é: true
java.lang.Exception: Não existem mais
java.lang.Exception: Não existem mais
java.lang.Exception: Não existem mais
TOu no envia mensagem!!!!!
O endereco é nulo? false
Ja tenho na cache
O valor é: true
TOu no envia mensagem!!!!!
O endereco é nulo? false
Ja tenho na cache
O valor é: true
TOu no envia mensagem!!!!!
O endereco é nulo? false
Ja tenho na cache
O valor é: true
java.lang.Exception: Não existem mais
TOu no envia mensagem!!!!!
O endereco é nulo? false
Ja tenho na cache
O valor é: true
TOu no envia mensagem!!!!!
O endereco é nulo? false
Ja tenho na cache
O valor é: true
java.lang.Exception: Não existem mais
java.lang.Exception: Não existem mais
TOu no envia mensagem!!!!!
O endereco é nulo? false
Ja tenho na cache
O valor é: true
TOu no envia mensagem!!!!!
O endereco é nulo? false
Ja tenho na cache
O valor é: true
TOu no envia mensagem!!!!!
O endereco é nulo? false
Ja tenho na cache
O valor é: true
TOu no envia mensagem!!!!!
O endereco é nulo? false
Ja tenho na cache
O valor é: true
TOu no envia mensagem!!!!!
O endereco é nulo? false
Ja tenho na cache
O valor é: true
TOu no envia mensagem!!!!!
O endereco é nulo? false
Ja tenho na cache
O valor é: true
java.lang.Exception: Não existem mais
TOu no envia mensagem!!!!!
O endereco é nulo? false
Ja tenho na cache
O valor é: true
TOu no envia mensagem!!!!!
O endereco é nulo? false
Ja tenho na cache
O valor é: true
TOu no envia mensagem!!!!!
O endereco é nulo? false
Ja tenho na cache
O valor é: true
TOu no envia mensagem!!!!!
O endereco é nulo? false
Ja tenho na cache
O valor é: true
java.lang.Exception: Não existem mais
java.lang.Exception: Não existem mais
TOu no envia mensagem!!!!!
O endereco é nulo? false
Ja tenho na cache
O valor é: true
java.lang.Exception: Não existem mais
java.lang.Exception: Não existem mais
TOu no envia mensagem!!!!!
O endereco é nulo? false
Ja tenho na cache
O valor é: true
java.lang.Exception: Não existem mais
TOu no envia mensagem!!!!!
O endereco é nulo? false
Ja tenho na cache
O valor é: true
java.lang.Exception: Não existem mais
TOu no envia mensagem!!!!!
O endereco é nulo? false
Ja tenho na cache
O valor é: true
java.lang.Exception: Não existem mais
TOu no envia mensagem!!!!!
O endereco é nulo? false
Ja tenho na cache
O valor é: true
TOu no envia mensagem!!!!!
O endereco é nulo? false
Ja tenho na cache
O valor é: true
java.lang.Exception: Não existem mais
TOu no envia mensagem!!!!!
O endereco é nulo? false
Ja tenho na cache
O valor é: true
TOu no envia mensagem!!!!!
O endereco é nulo? false
Ja tenho na cache
O valor é: true
java.lang.Exception: Não existem mais
java.lang.Exception: Não existem mais
TOu no envia mensagem!!!!!
O endereco é nulo? false
Ja tenho na cache
O valor é: true
TOu no envia mensagem!!!!!
O endereco é nulo? false
Ja tenho na cache
O valor é: true
TOu no envia mensagem!!!!!
O endereco é nulo? false
Ja tenho na cache
O valor é: true
TOu no envia mensagem!!!!!
O endereco é nulo? false
Ja tenho na cache
O valor é: true
TOu no envia mensagem!!!!!
O endereco é nulo? false
Ja tenho na cache
O valor é: true
TOu no envia mensagem!!!!!
O endereco é nulo? false
Ja tenho na cache
O valor é: true
java.lang.Exception: Não existem mais
TOu no envia mensagem!!!!!
O endereco é nulo? false
Ja tenho na cache
O valor é: true
TOu no envia mensagem!!!!!
O endereco é nulo? false
Ja tenho na cache
O valor é: true
TOu no envia mensagem!!!!!
O endereco é nulo? false
Ja tenho na cache
O valor é: true
TOu no envia mensagem!!!!!
O endereco é nulo? false
Ja tenho na cache
O valor é: true
TOu no envia mensagem!!!!!
O endereco é nulo? false
Ja tenho na cache
O valor é: true
TOu no envia mensagem!!!!!
O endereco é nulo? false
Ja tenho na cache
O valor é: true
java.lang.Exception: Não existem mais
java.lang.Exception: Não existem mais
java.lang.Exception: Não existem mais
java.lang.Exception: Não existem mais
TOu no envia mensagem!!!!!
O endereco é nulo? false
Ja tenho na cache
O valor é: true
java.lang.Exception: Não existem mais
TOu no envia mensagem!!!!!
O endereco é nulo? false
Ja tenho na cache
O valor é: true
TOu no envia mensagem!!!!!
O endereco é nulo? false
Ja tenho na cache
O valor é: true
TOu no envia mensagem!!!!!
O endereco é nulo? false
Ja tenho na cache
O valor é: true
TOu no envia mensagem!!!!!
O endereco é nulo? false
Ja tenho na cache
O valor é: true
TOu no envia mensagem!!!!!
O endereco é nulo? false
Ja tenho na cache
O valor é: true
TOu no envia mensagem!!!!!
O endereco é nulo? false
Ja tenho na cache
O valor é: true
java.lang.Exception: Não existem mais
TOu no envia mensagem!!!!!
O endereco é nulo? false
Ja tenho na cache
O valor é: true
java.lang.Exception: Não existem mais
java.lang.Exception: Não existem mais
TOu no envia mensagem!!!!!
O endereco é nulo? false
Ja tenho na cache
O valor é: true
TOu no envia mensagem!!!!!
O endereco é nulo? false
Ja tenho na cache
O valor é: true
TOu no envia mensagem!!!!!
O endereco é nulo? false
Ja tenho na cache
O valor é: true
java.lang.Exception: Não existem mais
java.lang.Exception: Não existem mais
TOu no envia mensagem!!!!!
O endereco é nulo? false
Ja tenho na cache
O valor é: true
2019-06-22 19:11:22:202 10 sec: 508 operations; 50,8 current ops/sec; est completion in 10 seconds [INSERT: Count=346, Max=47007, Min=244, Avg=792,54, 90=979, 99=2925, 99.9=47007, 99.99=47007] [SCAN: Count=163, Max=164863, Min=38944, Avg=56690,06, 90=72703, 99=101567, 99.9=164863, 99.99=164863] 
java.lang.Exception: Não existem mais
java.lang.Exception: Não existem mais
java.lang.Exception: Não existem mais
java.lang.Exception: Não existem mais
TOu no envia mensagem!!!!!
O endereco é nulo? false
Ja tenho na cache
O valor é: true
TOu no envia mensagem!!!!!
O endereco é nulo? false
Ja tenho na cache
O valor é: true
TOu no envia mensagem!!!!!
O endereco é nulo? false
Ja tenho na cache
O valor é: true
TOu no envia mensagem!!!!!
O endereco é nulo? false
Ja tenho na cache
O valor é: true
TOu no envia mensagem!!!!!
O endereco é nulo? false
Ja tenho na cache
O valor é: true
TOu no envia mensagem!!!!!
O endereco é nulo? false
Ja tenho na cache
O valor é: true
java.lang.Exception: Não existem mais
TOu no envia mensagem!!!!!
O endereco é nulo? false
Ja tenho na cache
O valor é: true
TOu no envia mensagem!!!!!
O endereco é nulo? false
Ja tenho na cache
O valor é: true
java.lang.Exception: Não existem mais
java.lang.Exception: Não existem mais
java.lang.Exception: Não existem mais
TOu no envia mensagem!!!!!
O endereco é nulo? false
Ja tenho na cache
O valor é: true
TOu no envia mensagem!!!!!
O endereco é nulo? false
Ja tenho na cache
O valor é: true
TOu no envia mensagem!!!!!
O endereco é nulo? false
Ja tenho na cache
O valor é: true
TOu no envia mensagem!!!!!
O endereco é nulo? false
Ja tenho na cache
O valor é: true
java.lang.Exception: Não existem mais
TOu no envia mensagem!!!!!
O endereco é nulo? false
Ja tenho na cache
O valor é: true
java.lang.Exception: Não existem mais
java.lang.Exception: Não existem mais
TOu no envia mensagem!!!!!
O endereco é nulo? false
Ja tenho na cache
O valor é: true
TOu no envia mensagem!!!!!
O endereco é nulo? false
Ja tenho na cache
O valor é: true
TOu no envia mensagem!!!!!
O endereco é nulo? false
Ja tenho na cache
O valor é: true
TOu no envia mensagem!!!!!
O endereco é nulo? false
Ja tenho na cache
O valor é: true
TOu no envia mensagem!!!!!
O endereco é nulo? false
Ja tenho na cache
O valor é: true
java.lang.Exception: Não existem mais
TOu no envia mensagem!!!!!
O endereco é nulo? false
Ja tenho na cache
O valor é: true
TOu no envia mensagem!!!!!
O endereco é nulo? false
Ja tenho na cache
O valor é: true
TOu no envia mensagem!!!!!
O endereco é nulo? false
Ja tenho na cache
O valor é: true
TOu no envia mensagem!!!!!
O endereco é nulo? false
Ja tenho na cache
O valor é: true
TOu no envia mensagem!!!!!
O endereco é nulo? false
Ja tenho na cache
O valor é: true
TOu no envia mensagem!!!!!
O endereco é nulo? false
Ja tenho na cache
O valor é: true
TOu no envia mensagem!!!!!
O endereco é nulo? false
Ja tenho na cache
O valor é: true
TOu no envia mensagem!!!!!
O endereco é nulo? false
Ja tenho na cache
O valor é: true
TOu no envia mensagem!!!!!
O endereco é nulo? false
Ja tenho na cache
O valor é: true
TOu no envia mensagem!!!!!
O endereco é nulo? false
Ja tenho na cache
O valor é: true
TOu no envia mensagem!!!!!
O endereco é nulo? false
Ja tenho na cache
O valor é: true
TOu no envia mensagem!!!!!
O endereco é nulo? false
Ja tenho na cache
O valor é: true
TOu no envia mensagem!!!!!
O endereco é nulo? false
Ja tenho na cache
O valor é: true
TOu no envia mensagem!!!!!
O endereco é nulo? false
Ja tenho na cache
O valor é: true
TOu no envia mensagem!!!!!
O endereco é nulo? false
Ja tenho na cache
O valor é: true
java.lang.Exception: Não existem mais
java.lang.Exception: Não existem mais
TOu no envia mensagem!!!!!
O endereco é nulo? false
Ja tenho na cache
O valor é: true
TOu no envia mensagem!!!!!
O endereco é nulo? false
Ja tenho na cache
O valor é: true
TOu no envia mensagem!!!!!
O endereco é nulo? false
Ja tenho na cache
O valor é: true
TOu no envia mensagem!!!!!
O endereco é nulo? false
Ja tenho na cache
O valor é: true
java.lang.Exception: Não existem mais
TOu no envia mensagem!!!!!
O endereco é nulo? false
Ja tenho na cache
O valor é: true
TOu no envia mensagem!!!!!
O endereco é nulo? false
Ja tenho na cache
O valor é: true
TOu no envia mensagem!!!!!
O endereco é nulo? false
Ja tenho na cache
O valor é: true
TOu no envia mensagem!!!!!
O endereco é nulo? false
Ja tenho na cache
O valor é: true
java.lang.Exception: Não existem mais
java.lang.Exception: Não existem mais
TOu no envia mensagem!!!!!
O endereco é nulo? false
Ja tenho na cache
O valor é: true
TOu no envia mensagem!!!!!
O endereco é nulo? false
Ja tenho na cache
O valor é: true
java.lang.Exception: Não existem mais
TOu no envia mensagem!!!!!
O endereco é nulo? false
Ja tenho na cache
O valor é: true
TOu no envia mensagem!!!!!
O endereco é nulo? false
Ja tenho na cache
O valor é: true
TOu no envia mensagem!!!!!
O endereco é nulo? false
Ja tenho na cache
O valor é: true
TOu no envia mensagem!!!!!
O endereco é nulo? false
Ja tenho na cache
O valor é: true
java.lang.Exception: Não existem mais
TOu no envia mensagem!!!!!
O endereco é nulo? false
Ja tenho na cache
O valor é: true
TOu no envia mensagem!!!!!
O endereco é nulo? false
Ja tenho na cache
O valor é: true
TOu no envia mensagem!!!!!
O endereco é nulo? false
Ja tenho na cache
O valor é: true
java.lang.Exception: Não existem mais
TOu no envia mensagem!!!!!
O endereco é nulo? false
Ja tenho na cache
O valor é: true
java.lang.Exception: Não existem mais
TOu no envia mensagem!!!!!
O endereco é nulo? false
Ja tenho na cache
O valor é: true
TOu no envia mensagem!!!!!
O endereco é nulo? false
Ja tenho na cache
O valor é: true
TOu no envia mensagem!!!!!
O endereco é nulo? false
Ja tenho na cache
O valor é: true
java.lang.Exception: Não existem mais
TOu no envia mensagem!!!!!
O endereco é nulo? false
Ja tenho na cache
O valor é: true
TOu no envia mensagem!!!!!
O endereco é nulo? false
Ja tenho na cache
O valor é: true
TOu no envia mensagem!!!!!
O endereco é nulo? false
Ja tenho na cache
O valor é: true
TOu no envia mensagem!!!!!
O endereco é nulo? false
Ja tenho na cache
O valor é: true
TOu no envia mensagem!!!!!
O endereco é nulo? false
Ja tenho na cache
O valor é: true
java.lang.Exception: Não existem mais
TOu no envia mensagem!!!!!
O endereco é nulo? false
Ja tenho na cache
O valor é: true
java.lang.Exception: Não existem mais
TOu no envia mensagem!!!!!
O endereco é nulo? false
Ja tenho na cache
O valor é: true
TOu no envia mensagem!!!!!
O endereco é nulo? false
Ja tenho na cache
O valor é: true
java.lang.Exception: Não existem mais
TOu no envia mensagem!!!!!
O endereco é nulo? false
Ja tenho na cache
O valor é: true
TOu no envia mensagem!!!!!
O endereco é nulo? false
Ja tenho na cache
O valor é: true
TOu no envia mensagem!!!!!
O endereco é nulo? false
Ja tenho na cache
O valor é: true
TOu no envia mensagem!!!!!
O endereco é nulo? false
Ja tenho na cache
O valor é: true
TOu no envia mensagem!!!!!
O endereco é nulo? false
Ja tenho na cache
O valor é: true
TOu no envia mensagem!!!!!
O endereco é nulo? false
Ja tenho na cache
O valor é: true
TOu no envia mensagem!!!!!
O endereco é nulo? false
Ja tenho na cache
O valor é: true
java.lang.Exception: Não existem mais
java.lang.Exception: Não existem mais
TOu no envia mensagem!!!!!
O endereco é nulo? false
Ja tenho na cache
O valor é: true
java.lang.Exception: Não existem mais
TOu no envia mensagem!!!!!
O endereco é nulo? false
Ja tenho na cache
O valor é: true
TOu no envia mensagem!!!!!
O endereco é nulo? false
Ja tenho na cache
O valor é: true
java.lang.Exception: Não existem mais
java.lang.Exception: Não existem mais
java.lang.Exception: Não existem mais
TOu no envia mensagem!!!!!
O endereco é nulo? false
Ja tenho na cache
O valor é: true
java.lang.Exception: Não existem mais
TOu no envia mensagem!!!!!
O endereco é nulo? false
Ja tenho na cache
O valor é: true
TOu no envia mensagem!!!!!
O endereco é nulo? false
Ja tenho na cache
O valor é: true
TOu no envia mensagem!!!!!
O endereco é nulo? false
Ja tenho na cache
O valor é: true
TOu no envia mensagem!!!!!
O endereco é nulo? false
Ja tenho na cache
O valor é: true
TOu no envia mensagem!!!!!
O endereco é nulo? false
Ja tenho na cache
O valor é: true
TOu no envia mensagem!!!!!
O endereco é nulo? false
Ja tenho na cache
O valor é: true
TOu no envia mensagem!!!!!
O endereco é nulo? false
Ja tenho na cache
O valor é: true
java.lang.Exception: Não existem mais
TOu no envia mensagem!!!!!
O endereco é nulo? false
Ja tenho na cache
O valor é: true
java.lang.Exception: Não existem mais
TOu no envia mensagem!!!!!
O endereco é nulo? false
Ja tenho na cache
O valor é: true
TOu no envia mensagem!!!!!
O endereco é nulo? false
Ja tenho na cache
O valor é: true
TOu no envia mensagem!!!!!
O endereco é nulo? false
Ja tenho na cache
O valor é: true
java.lang.Exception: Não existem mais
java.lang.Exception: Não existem mais
java.lang.Exception: Não existem mais
java.lang.Exception: Não existem mais
java.lang.Exception: Não existem mais
TOu no envia mensagem!!!!!
O endereco é nulo? false
Ja tenho na cache
O valor é: true
java.lang.Exception: Não existem mais
TOu no envia mensagem!!!!!
O endereco é nulo? false
Ja tenho na cache
O valor é: true
TOu no envia mensagem!!!!!
O endereco é nulo? false
Ja tenho na cache
O valor é: true
TOu no envia mensagem!!!!!
O endereco é nulo? false
Ja tenho na cache
O valor é: true
TOu no envia mensagem!!!!!
O endereco é nulo? false
Ja tenho na cache
O valor é: true
TOu no envia mensagem!!!!!
O endereco é nulo? false
Ja tenho na cache
O valor é: true
TOu no envia mensagem!!!!!
O endereco é nulo? false
Ja tenho na cache
O valor é: true
java.lang.Exception: Não existem mais
TOu no envia mensagem!!!!!
O endereco é nulo? false
Ja tenho na cache
O valor é: true
java.lang.Exception: Não existem mais
TOu no envia mensagem!!!!!
O endereco é nulo? false
Ja tenho na cache
O valor é: true
TOu no envia mensagem!!!!!
O endereco é nulo? false
Ja tenho na cache
O valor é: true
TOu no envia mensagem!!!!!
O endereco é nulo? false
Ja tenho na cache
O valor é: true
TOu no envia mensagem!!!!!
O endereco é nulo? false
Ja tenho na cache
O valor é: true
TOu no envia mensagem!!!!!
O endereco é nulo? false
Ja tenho na cache
O valor é: true
TOu no envia mensagem!!!!!
O endereco é nulo? false
Ja tenho na cache
O valor é: true
TOu no envia mensagem!!!!!
O endereco é nulo? false
Ja tenho na cache
O valor é: true
java.lang.Exception: Não existem mais
TOu no envia mensagem!!!!!
O endereco é nulo? false
Ja tenho na cache
O valor é: true
TOu no envia mensagem!!!!!
O endereco é nulo? false
Ja tenho na cache
O valor é: true
TOu no envia mensagem!!!!!
O endereco é nulo? false
Ja tenho na cache
O valor é: true
java.lang.Exception: Não existem mais
TOu no envia mensagem!!!!!
O endereco é nulo? false
Ja tenho na cache
O valor é: true
TOu no envia mensagem!!!!!
O endereco é nulo? false
Ja tenho na cache
O valor é: true
java.lang.Exception: Não existem mais
TOu no envia mensagem!!!!!
O endereco é nulo? false
Ja tenho na cache
O valor é: true
TOu no envia mensagem!!!!!
O endereco é nulo? false
Ja tenho na cache
O valor é: true
TOu no envia mensagem!!!!!
O endereco é nulo? false
Ja tenho na cache
O valor é: true
java.lang.Exception: Não existem mais
TOu no envia mensagem!!!!!
O endereco é nulo? false
Ja tenho na cache
O valor é: true
java.lang.Exception: Não existem mais
TOu no envia mensagem!!!!!
O endereco é nulo? false
Ja tenho na cache
O valor é: true
java.lang.Exception: Não existem mais
TOu no envia mensagem!!!!!
O endereco é nulo? false
Ja tenho na cache
O valor é: true
TOu no envia mensagem!!!!!
O endereco é nulo? false
Ja tenho na cache
O valor é: true
TOu no envia mensagem!!!!!
O endereco é nulo? false
Ja tenho na cache
O valor é: true
java.lang.Exception: Não existem mais
TOu no envia mensagem!!!!!
O endereco é nulo? false
Ja tenho na cache
O valor é: true
TOu no envia mensagem!!!!!
O endereco é nulo? false
Ja tenho na cache
O valor é: true
TOu no envia mensagem!!!!!
O endereco é nulo? false
Ja tenho na cache
O valor é: true
TOu no envia mensagem!!!!!
O endereco é nulo? false
Ja tenho na cache
O valor é: true
TOu no envia mensagem!!!!!
O endereco é nulo? false
Ja tenho na cache
O valor é: true
TOu no envia mensagem!!!!!
O endereco é nulo? false
Ja tenho na cache
O valor é: true
TOu no envia mensagem!!!!!
O endereco é nulo? false
Ja tenho na cache
O valor é: true
java.lang.Exception: Não existem mais
TOu no envia mensagem!!!!!
O endereco é nulo? false
Ja tenho na cache
O valor é: true
TOu no envia mensagem!!!!!
O endereco é nulo? false
Ja tenho na cache
O valor é: true
TOu no envia mensagem!!!!!
O endereco é nulo? false
Ja tenho na cache
O valor é: true
java.lang.Exception: Não existem mais
java.lang.Exception: Não existem mais
TOu no envia mensagem!!!!!
O endereco é nulo? false
Ja tenho na cache
O valor é: true
java.lang.Exception: Não existem mais
java.lang.Exception: Não existem mais
TOu no envia mensagem!!!!!
O endereco é nulo? false
Ja tenho na cache
O valor é: true
TOu no envia mensagem!!!!!
O endereco é nulo? false
Ja tenho na cache
O valor é: true
TOu no envia mensagem!!!!!
O endereco é nulo? false
Ja tenho na cache
O valor é: true
TOu no envia mensagem!!!!!
O endereco é nulo? false
Ja tenho na cache
O valor é: true
TOu no envia mensagem!!!!!
O endereco é nulo? false
Ja tenho na cache
O valor é: true
TOu no envia mensagem!!!!!
O endereco é nulo? false
Ja tenho na cache
O valor é: true
TOu no envia mensagem!!!!!
O endereco é nulo? false
Ja tenho na cache
O valor é: true
TOu no envia mensagem!!!!!
O endereco é nulo? false
Ja tenho na cache
O valor é: true
TOu no envia mensagem!!!!!
O endereco é nulo? false
Ja tenho na cache
O valor é: true
TOu no envia mensagem!!!!!
O endereco é nulo? false
Ja tenho na cache
O valor é: true
java.lang.Exception: Não existem mais
TOu no envia mensagem!!!!!
O endereco é nulo? false
Ja tenho na cache
O valor é: true
TOu no envia mensagem!!!!!
O endereco é nulo? false
Ja tenho na cache
O valor é: true
java.lang.Exception: Não existem mais
TOu no envia mensagem!!!!!
O endereco é nulo? false
Ja tenho na cache
O valor é: true
TOu no envia mensagem!!!!!
O endereco é nulo? false
Ja tenho na cache
O valor é: true
java.lang.Exception: Não existem mais
java.lang.Exception: Não existem mais
TOu no envia mensagem!!!!!
O endereco é nulo? false
Ja tenho na cache
O valor é: true
TOu no envia mensagem!!!!!
O endereco é nulo? false
Ja tenho na cache
O valor é: true
TOu no envia mensagem!!!!!
O endereco é nulo? false
Ja tenho na cache
O valor é: true
TOu no envia mensagem!!!!!
O endereco é nulo? false
Ja tenho na cache
O valor é: true
TOu no envia mensagem!!!!!
O endereco é nulo? false
Ja tenho na cache
O valor é: true
TOu no envia mensagem!!!!!
O endereco é nulo? false
Ja tenho na cache
O valor é: true
TOu no envia mensagem!!!!!
O endereco é nulo? false
Ja tenho na cache
O valor é: true
java.lang.Exception: Não existem mais
TOu no envia mensagem!!!!!
O endereco é nulo? false
Ja tenho na cache
O valor é: true
TOu no envia mensagem!!!!!
O endereco é nulo? false
Ja tenho na cache
O valor é: true
TOu no envia mensagem!!!!!
O endereco é nulo? false
Ja tenho na cache
O valor é: true
TOu no envia mensagem!!!!!
O endereco é nulo? false
Ja tenho na cache
O valor é: true
TOu no envia mensagem!!!!!
O endereco é nulo? false
Ja tenho na cache
O valor é: true
java.lang.Exception: Não existem mais
TOu no envia mensagem!!!!!
O endereco é nulo? false
Ja tenho na cache
O valor é: true
TOu no envia mensagem!!!!!
O endereco é nulo? false
Ja tenho na cache
O valor é: true
java.lang.Exception: Não existem mais
java.lang.Exception: Não existem mais
TOu no envia mensagem!!!!!
O endereco é nulo? false
Ja tenho na cache
O valor é: true
TOu no envia mensagem!!!!!
O endereco é nulo? false
Ja tenho na cache
O valor é: true
TOu no envia mensagem!!!!!
O endereco é nulo? false
Ja tenho na cache
O valor é: true
java.lang.Exception: Não existem mais
TOu no envia mensagem!!!!!
O endereco é nulo? false
Ja tenho na cache
O valor é: true
TOu no envia mensagem!!!!!
O endereco é nulo? false
Ja tenho na cache
O valor é: true
TOu no envia mensagem!!!!!
O endereco é nulo? false
Ja tenho na cache
O valor é: true
TOu no envia mensagem!!!!!
O endereco é nulo? false
Ja tenho na cache
O valor é: true
TOu no envia mensagem!!!!!
O endereco é nulo? false
Ja tenho na cache
O valor é: true
TOu no envia mensagem!!!!!
O endereco é nulo? false
Ja tenho na cache
O valor é: true
TOu no envia mensagem!!!!!
O endereco é nulo? false
Ja tenho na cache
O valor é: true
TOu no envia mensagem!!!!!
O endereco é nulo? false
Ja tenho na cache
O valor é: true
TOu no envia mensagem!!!!!
O endereco é nulo? false
Ja tenho na cache
O valor é: true
TOu no envia mensagem!!!!!
O endereco é nulo? false
Ja tenho na cache
O valor é: true
TOu no envia mensagem!!!!!
O endereco é nulo? false
Ja tenho na cache
O valor é: true
java.lang.Exception: Não existem mais
TOu no envia mensagem!!!!!
O endereco é nulo? false
Ja tenho na cache
O valor é: true
TOu no envia mensagem!!!!!
O endereco é nulo? false
Ja tenho na cache
O valor é: true
TOu no envia mensagem!!!!!
O endereco é nulo? false
Ja tenho na cache
O valor é: true
TOu no envia mensagem!!!!!
O endereco é nulo? false
Ja tenho na cache
O valor é: true
TOu no envia mensagem!!!!!
O endereco é nulo? false
Ja tenho na cache
O valor é: true
TOu no envia mensagem!!!!!
O endereco é nulo? false
Ja tenho na cache
O valor é: true
TOu no envia mensagem!!!!!
O endereco é nulo? false
Ja tenho na cache
O valor é: true
java.lang.Exception: Não existem mais
java.lang.Exception: Não existem mais
TOu no envia mensagem!!!!!
O endereco é nulo? false
Ja tenho na cache
O valor é: true
java.lang.Exception: Não existem mais
TOu no envia mensagem!!!!!
O endereco é nulo? false
Ja tenho na cache
O valor é: true
TOu no envia mensagem!!!!!
O endereco é nulo? false
Ja tenho na cache
O valor é: true
TOu no envia mensagem!!!!!
O endereco é nulo? false
Ja tenho na cache
O valor é: true
TOu no envia mensagem!!!!!
O endereco é nulo? false
Ja tenho na cache
O valor é: true
TOu no envia mensagem!!!!!
O endereco é nulo? false
Ja tenho na cache
O valor é: true
java.lang.Exception: Não existem mais
TOu no envia mensagem!!!!!
O endereco é nulo? false
Ja tenho na cache
O valor é: true
TOu no envia mensagem!!!!!
O endereco é nulo? false
Ja tenho na cache
O valor é: true
java.lang.Exception: Não existem mais
TOu no envia mensagem!!!!!
O endereco é nulo? false
Ja tenho na cache
O valor é: true
java.lang.Exception: Não existem mais
java.lang.Exception: Não existem mais
TOu no envia mensagem!!!!!
O endereco é nulo? false
Ja tenho na cache
O valor é: true
TOu no envia mensagem!!!!!
O endereco é nulo? false
Ja tenho na cache
O valor é: true
TOu no envia mensagem!!!!!
O endereco é nulo? false
Ja tenho na cache
O valor é: true
java.lang.Exception: Não existem mais
java.lang.Exception: Não existem mais
TOu no envia mensagem!!!!!
O endereco é nulo? false
Ja tenho na cache
O valor é: true
TOu no envia mensagem!!!!!
O endereco é nulo? false
Ja tenho na cache
O valor é: true
java.lang.Exception: Não existem mais
java.lang.Exception: Não existem mais
java.lang.Exception: Não existem mais
TOu no envia mensagem!!!!!
O endereco é nulo? false
Ja tenho na cache
O valor é: true
TOu no envia mensagem!!!!!
O endereco é nulo? false
Ja tenho na cache
O valor é: true
TOu no envia mensagem!!!!!
O endereco é nulo? false
Ja tenho na cache
O valor é: true
java.lang.Exception: Não existem mais
TOu no envia mensagem!!!!!
O endereco é nulo? false
Ja tenho na cache
O valor é: true
TOu no envia mensagem!!!!!
O endereco é nulo? false
Ja tenho na cache
O valor é: true
TOu no envia mensagem!!!!!
O endereco é nulo? false
Ja tenho na cache
O valor é: true
java.lang.Exception: Não existem mais
TOu no envia mensagem!!!!!
O endereco é nulo? false
Ja tenho na cache
O valor é: true
java.lang.Exception: Não existem mais
java.lang.Exception: Não existem mais
TOu no envia mensagem!!!!!
O endereco é nulo? false
Ja tenho na cache
O valor é: true
TOu no envia mensagem!!!!!
O endereco é nulo? false
Ja tenho na cache
O valor é: true
TOu no envia mensagem!!!!!
O endereco é nulo? false
Ja tenho na cache
O valor é: true
TOu no envia mensagem!!!!!
O endereco é nulo? false
Ja tenho na cache
O valor é: true
TOu no envia mensagem!!!!!
O endereco é nulo? false
Ja tenho na cache
O valor é: true
TOu no envia mensagem!!!!!
O endereco é nulo? false
Ja tenho na cache
O valor é: true
java.lang.Exception: Não existem mais
TOu no envia mensagem!!!!!
O endereco é nulo? false
Ja tenho na cache
O valor é: true
TOu no envia mensagem!!!!!
O endereco é nulo? false
Ja tenho na cache
O valor é: true
TOu no envia mensagem!!!!!
O endereco é nulo? false
Ja tenho na cache
O valor é: true
java.lang.Exception: Não existem mais
java.lang.Exception: Não existem mais
java.lang.Exception: Não existem mais
TOu no envia mensagem!!!!!
O endereco é nulo? false
Ja tenho na cache
O valor é: true
TOu no envia mensagem!!!!!
O endereco é nulo? false
Ja tenho na cache
O valor é: true
TOu no envia mensagem!!!!!
O endereco é nulo? false
Ja tenho na cache
O valor é: true
TOu no envia mensagem!!!!!
O endereco é nulo? false
Ja tenho na cache
O valor é: true
TOu no envia mensagem!!!!!
O endereco é nulo? false
Ja tenho na cache
O valor é: true
java.lang.Exception: Não existem mais
java.lang.Exception: Não existem mais
TOu no envia mensagem!!!!!
O endereco é nulo? false
Ja tenho na cache
O valor é: true
TOu no envia mensagem!!!!!
O endereco é nulo? false
Ja tenho na cache
O valor é: true
TOu no envia mensagem!!!!!
O endereco é nulo? false
Ja tenho na cache
O valor é: true
java.lang.Exception: Não existem mais
java.lang.Exception: Não existem mais
java.lang.Exception: Não existem mais
java.lang.Exception: Não existem mais
TOu no envia mensagem!!!!!
O endereco é nulo? false
Ja tenho na cache
O valor é: true
TOu no envia mensagem!!!!!
O endereco é nulo? false
Ja tenho na cache
O valor é: true
TOu no envia mensagem!!!!!
O endereco é nulo? false
Ja tenho na cache
O valor é: true
TOu no envia mensagem!!!!!
O endereco é nulo? false
Ja tenho na cache
O valor é: true
java.lang.Exception: Não existem mais
TOu no envia mensagem!!!!!
O endereco é nulo? false
Ja tenho na cache
O valor é: true
TOu no envia mensagem!!!!!
O endereco é nulo? false
Ja tenho na cache
O valor é: true
TOu no envia mensagem!!!!!
O endereco é nulo? false
Ja tenho na cache
O valor é: true
TOu no envia mensagem!!!!!
O endereco é nulo? false
Ja tenho na cache
O valor é: true
TOu no envia mensagem!!!!!
O endereco é nulo? false
Ja tenho na cache
O valor é: true
java.lang.Exception: Não existem mais
TOu no envia mensagem!!!!!
O endereco é nulo? false
Ja tenho na cache
O valor é: true
TOu no envia mensagem!!!!!
O endereco é nulo? false
Ja tenho na cache
O valor é: true
java.lang.Exception: Não existem mais
java.lang.Exception: Não existem mais
TOu no envia mensagem!!!!!
O endereco é nulo? false
Ja tenho na cache
O valor é: true
TOu no envia mensagem!!!!!
O endereco é nulo? false
Ja tenho na cache
O valor é: true
TOu no envia mensagem!!!!!
O endereco é nulo? false
Ja tenho na cache
O valor é: true
TOu no envia mensagem!!!!!
O endereco é nulo? false
Ja tenho na cache
O valor é: true
java.lang.Exception: Não existem mais
TOu no envia mensagem!!!!!
O endereco é nulo? false
Ja tenho na cache
O valor é: true
java.lang.Exception: Não existem mais
TOu no envia mensagem!!!!!
O endereco é nulo? false
Ja tenho na cache
O valor é: true
java.lang.Exception: Não existem mais
java.lang.Exception: Não existem mais
TOu no envia mensagem!!!!!
O endereco é nulo? false
Ja tenho na cache
O valor é: true
java.lang.Exception: Não existem mais
TOu no envia mensagem!!!!!
O endereco é nulo? false
Ja tenho na cache
O valor é: true
TOu no envia mensagem!!!!!
O endereco é nulo? false
Ja tenho na cache
O valor é: true
TOu no envia mensagem!!!!!
O endereco é nulo? false
Ja tenho na cache
O valor é: true
TOu no envia mensagem!!!!!
O endereco é nulo? false
Ja tenho na cache
O valor é: true
TOu no envia mensagem!!!!!
O endereco é nulo? false
Ja tenho na cache
O valor é: true
TOu no envia mensagem!!!!!
O endereco é nulo? false
Ja tenho na cache
O valor é: true
TOu no envia mensagem!!!!!
O endereco é nulo? false
Ja tenho na cache
O valor é: true
TOu no envia mensagem!!!!!
O endereco é nulo? false
Ja tenho na cache
O valor é: true
TOu no envia mensagem!!!!!
O endereco é nulo? false
Ja tenho na cache
O valor é: true
TOu no envia mensagem!!!!!
O endereco é nulo? false
Ja tenho na cache
O valor é: true
java.lang.Exception: Não existem mais
TOu no envia mensagem!!!!!
O endereco é nulo? false
Ja tenho na cache
O valor é: true
java.lang.Exception: Não existem mais
TOu no envia mensagem!!!!!
O endereco é nulo? false
Ja tenho na cache
O valor é: true
java.lang.Exception: Não existem mais
TOu no envia mensagem!!!!!
O endereco é nulo? false
Ja tenho na cache
O valor é: true
TOu no envia mensagem!!!!!
O endereco é nulo? false
Ja tenho na cache
O valor é: true
TOu no envia mensagem!!!!!
O endereco é nulo? false
Ja tenho na cache
O valor é: true
TOu no envia mensagem!!!!!
O endereco é nulo? false
Ja tenho na cache
O valor é: true
TOu no envia mensagem!!!!!
O endereco é nulo? false
Ja tenho na cache
O valor é: true
TOu no envia mensagem!!!!!
O endereco é nulo? false
Ja tenho na cache
O valor é: true
java.lang.Exception: Não existem mais
java.lang.Exception: Não existem mais
java.lang.Exception: Não existem mais
java.lang.Exception: Não existem mais
java.lang.Exception: Não existem mais
java.lang.Exception: Não existem mais
java.lang.Exception: Não existem mais
java.lang.Exception: Não existem mais
java.lang.Exception: Não existem mais
java.lang.Exception: Não existem mais
TOu no envia mensagem!!!!!
O endereco é nulo? false
Ja tenho na cache
O valor é: true
java.lang.Exception: Não existem mais
java.lang.Exception: Não existem mais
TOu no envia mensagem!!!!!
O endereco é nulo? false
Ja tenho na cache
O valor é: true
TOu no envia mensagem!!!!!
O endereco é nulo? false
Ja tenho na cache
O valor é: true
java.lang.Exception: Não existem mais
java.lang.Exception: Não existem mais
TOu no envia mensagem!!!!!
O endereco é nulo? false
Ja tenho na cache
O valor é: true
TOu no envia mensagem!!!!!
O endereco é nulo? false
Ja tenho na cache
O valor é: true
java.lang.Exception: Não existem mais
TOu no envia mensagem!!!!!
O endereco é nulo? false
Ja tenho na cache
O valor é: true
TOu no envia mensagem!!!!!
O endereco é nulo? false
Ja tenho na cache
O valor é: true
java.lang.Exception: Não existem mais
java.lang.Exception: Não existem mais
TOu no envia mensagem!!!!!
O endereco é nulo? false
Ja tenho na cache
O valor é: true
TOu no envia mensagem!!!!!
O endereco é nulo? false
Ja tenho na cache
O valor é: true
TOu no envia mensagem!!!!!
O endereco é nulo? false
Ja tenho na cache
O valor é: true
java.lang.Exception: Não existem mais
TOu no envia mensagem!!!!!
O endereco é nulo? false
Ja tenho na cache
O valor é: true
TOu no envia mensagem!!!!!
O endereco é nulo? false
Ja tenho na cache
O valor é: true
TOu no envia mensagem!!!!!
O endereco é nulo? false
Ja tenho na cache
O valor é: true
TOu no envia mensagem!!!!!
O endereco é nulo? false
Ja tenho na cache
O valor é: true
java.lang.Exception: Não existem mais
java.lang.Exception: Não existem mais
java.lang.Exception: Não existem mais
TOu no envia mensagem!!!!!
O endereco é nulo? false
Ja tenho na cache
O valor é: true
TOu no envia mensagem!!!!!
O endereco é nulo? false
Ja tenho na cache
O valor é: true
java.lang.Exception: Não existem mais
java.lang.Exception: Não existem mais
java.lang.Exception: Não existem mais
TOu no envia mensagem!!!!!
O endereco é nulo? false
Ja tenho na cache
O valor é: true
TOu no envia mensagem!!!!!
O endereco é nulo? false
Ja tenho na cache
O valor é: true
java.lang.Exception: Não existem mais
java.lang.Exception: Não existem mais
TOu no envia mensagem!!!!!
O endereco é nulo? false
Ja tenho na cache
O valor é: true
TOu no envia mensagem!!!!!
O endereco é nulo? false
Ja tenho na cache
O valor é: true
TOu no envia mensagem!!!!!
O endereco é nulo? false
Ja tenho na cache
O valor é: true
TOu no envia mensagem!!!!!
O endereco é nulo? false
Ja tenho na cache
O valor é: true
java.lang.Exception: Não existem mais
TOu no envia mensagem!!!!!
O endereco é nulo? false
Ja tenho na cache
O valor é: true
TOu no envia mensagem!!!!!
O endereco é nulo? false
Ja tenho na cache
O valor é: true
java.lang.Exception: Não existem mais
java.lang.Exception: Não existem mais
TOu no envia mensagem!!!!!
O endereco é nulo? false
Ja tenho na cache
O valor é: true
TOu no envia mensagem!!!!!
O endereco é nulo? false
Ja tenho na cache
O valor é: true
java.lang.Exception: Não existem mais
TOu no envia mensagem!!!!!
O endereco é nulo? false
Ja tenho na cache
O valor é: true
TOu no envia mensagem!!!!!
O endereco é nulo? false
Ja tenho na cache
O valor é: true
TOu no envia mensagem!!!!!
O endereco é nulo? false
Ja tenho na cache
O valor é: true
java.lang.Exception: Não existem mais
java.lang.Exception: Não existem mais
java.lang.Exception: Não existem mais
TOu no envia mensagem!!!!!
O endereco é nulo? false
Ja tenho na cache
O valor é: true
java.lang.Exception: Não existem mais
TOu no envia mensagem!!!!!
O endereco é nulo? false
Ja tenho na cache
O valor é: true
TOu no envia mensagem!!!!!
O endereco é nulo? false
Ja tenho na cache
O valor é: true
TOu no envia mensagem!!!!!
O endereco é nulo? false
Ja tenho na cache
O valor é: true
TOu no envia mensagem!!!!!
O endereco é nulo? false
Ja tenho na cache
O valor é: true
java.lang.Exception: Não existem mais
TOu no envia mensagem!!!!!
O endereco é nulo? false
Ja tenho na cache
O valor é: true
TOu no envia mensagem!!!!!
O endereco é nulo? false
Ja tenho na cache
O valor é: true
TOu no envia mensagem!!!!!
O endereco é nulo? false
Ja tenho na cache
O valor é: true
java.lang.Exception: Não existem mais
TOu no envia mensagem!!!!!
O endereco é nulo? false
Ja tenho na cache
O valor é: true
java.lang.Exception: Não existem mais
TOu no envia mensagem!!!!!
O endereco é nulo? false
Ja tenho na cache
O valor é: true
TOu no envia mensagem!!!!!
O endereco é nulo? false
Ja tenho na cache
O valor é: true
java.lang.Exception: Não existem mais
java.lang.Exception: Não existem mais
TOu no envia mensagem!!!!!
O endereco é nulo? false
Ja tenho na cache
O valor é: true
TOu no envia mensagem!!!!!
O endereco é nulo? false
Ja tenho na cache
O valor é: true
TOu no envia mensagem!!!!!
O endereco é nulo? false
Ja tenho na cache
O valor é: true
java.lang.Exception: Não existem mais
java.lang.Exception: Não existem mais
TOu no envia mensagem!!!!!
O endereco é nulo? false
Ja tenho na cache
O valor é: true
TOu no envia mensagem!!!!!
O endereco é nulo? false
Ja tenho na cache
O valor é: true
java.lang.Exception: Não existem mais
TOu no envia mensagem!!!!!
O endereco é nulo? false
Ja tenho na cache
O valor é: true
TOu no envia mensagem!!!!!
O endereco é nulo? false
Ja tenho na cache
O valor é: true
TOu no envia mensagem!!!!!
O endereco é nulo? false
Ja tenho na cache
O valor é: true
TOu no envia mensagem!!!!!
O endereco é nulo? false
Ja tenho na cache
O valor é: true
TOu no envia mensagem!!!!!
O endereco é nulo? false
Ja tenho na cache
O valor é: true
TOu no envia mensagem!!!!!
O endereco é nulo? false
Ja tenho na cache
O valor é: true
java.lang.Exception: Não existem mais
TOu no envia mensagem!!!!!
O endereco é nulo? false
Ja tenho na cache
O valor é: true
TOu no envia mensagem!!!!!
O endereco é nulo? false
Ja tenho na cache
O valor é: true
TOu no envia mensagem!!!!!
O endereco é nulo? false
Ja tenho na cache
O valor é: true
java.lang.Exception: Não existem mais
TOu no envia mensagem!!!!!
O endereco é nulo? false
Ja tenho na cache
O valor é: true
java.lang.Exception: Não existem mais
java.lang.Exception: Não existem mais
TOu no envia mensagem!!!!!
O endereco é nulo? false
Ja tenho na cache
O valor é: true
TOu no envia mensagem!!!!!
O endereco é nulo? false
Ja tenho na cache
O valor é: true
TOu no envia mensagem!!!!!
O endereco é nulo? false
Ja tenho na cache
O valor é: true
TOu no envia mensagem!!!!!
O endereco é nulo? false
Ja tenho na cache
O valor é: true
TOu no envia mensagem!!!!!
O endereco é nulo? false
Ja tenho na cache
O valor é: true
TOu no envia mensagem!!!!!
O endereco é nulo? false
Ja tenho na cache
O valor é: true
TOu no envia mensagem!!!!!
O endereco é nulo? false
Ja tenho na cache
O valor é: true
TOu no envia mensagem!!!!!
O endereco é nulo? false
Ja tenho na cache
O valor é: true
TOu no envia mensagem!!!!!
O endereco é nulo? false
Ja tenho na cache
O valor é: true
TOu no envia mensagem!!!!!
O endereco é nulo? false
Ja tenho na cache
O valor é: true
java.lang.Exception: Não existem mais
java.lang.Exception: Não existem mais
TOu no envia mensagem!!!!!
O endereco é nulo? false
Ja tenho na cache
O valor é: true
TOu no envia mensagem!!!!!
O endereco é nulo? false
Ja tenho na cache
O valor é: true
java.lang.Exception: Não existem mais
TOu no envia mensagem!!!!!
O endereco é nulo? false
Ja tenho na cache
O valor é: true
TOu no envia mensagem!!!!!
O endereco é nulo? false
Ja tenho na cache
O valor é: true
TOu no envia mensagem!!!!!
O endereco é nulo? false
Ja tenho na cache
O valor é: true
TOu no envia mensagem!!!!!
O endereco é nulo? false
Ja tenho na cache
O valor é: true
TOu no envia mensagem!!!!!
O endereco é nulo? false
Ja tenho na cache
O valor é: true
TOu no envia mensagem!!!!!
O endereco é nulo? false
Ja tenho na cache
O valor é: true
TOu no envia mensagem!!!!!
O endereco é nulo? false
Ja tenho na cache
O valor é: true
TOu no envia mensagem!!!!!
O endereco é nulo? false
Ja tenho na cache
O valor é: true
java.lang.Exception: Não existem mais
java.lang.Exception: Não existem mais
TOu no envia mensagem!!!!!
O endereco é nulo? false
Ja tenho na cache
O valor é: true
TOu no envia mensagem!!!!!
O endereco é nulo? false
Ja tenho na cache
O valor é: true
TOu no envia mensagem!!!!!
O endereco é nulo? false
Ja tenho na cache
O valor é: true
TOu no envia mensagem!!!!!
O endereco é nulo? false
Ja tenho na cache
O valor é: true
TOu no envia mensagem!!!!!
O endereco é nulo? false
Ja tenho na cache
O valor é: true
java.lang.Exception: Não existem mais
TOu no envia mensagem!!!!!
O endereco é nulo? false
Ja tenho na cache
O valor é: true
TOu no envia mensagem!!!!!
O endereco é nulo? false
Ja tenho na cache
O valor é: true
TOu no envia mensagem!!!!!
O endereco é nulo? false
Ja tenho na cache
O valor é: true
TOu no envia mensagem!!!!!
O endereco é nulo? false
Ja tenho na cache
O valor é: true
TOu no envia mensagem!!!!!
O endereco é nulo? false
Ja tenho na cache
O valor é: true
TOu no envia mensagem!!!!!
O endereco é nulo? false
Ja tenho na cache
O valor é: true
TOu no envia mensagem!!!!!
O endereco é nulo? false
Ja tenho na cache
O valor é: true
TOu no envia mensagem!!!!!
O endereco é nulo? false
Ja tenho na cache
O valor é: true
java.lang.Exception: Não existem mais
TOu no envia mensagem!!!!!
O endereco é nulo? false
Ja tenho na cache
O valor é: true
java.lang.Exception: Não existem mais
[ForkJoinPool.commonPool-worker-1] INFO io.atomix.cluster.messaging.impl.NettyMessagingService - Stopped
2019-06-22 19:11:32:013 19 sec: 1000 operations; 50,15 current ops/sec; [CLEANUP: Count=1, Max=2248703, Min=2246656, Avg=2247680, 90=2248703, 99=2248703, 99.9=2248703, 99.99=2248703] [INSERT: Count=335, Max=19871, Min=209, Avg=537,71, 90=624, 99=2571, 99.9=19871, 99.99=19871] [SCAN: Count=156, Max=94079, Min=33888, Avg=47206,36, 90=54687, 99=72383, 99.9=94079, 99.99=94079] 
[OVERALL], RunTime(ms), 19811
[OVERALL], Throughput(ops/sec), 50.47700772298218
[TOTAL_GCS_PS_Scavenge], Count, 33
[TOTAL_GC_TIME_PS_Scavenge], Time(ms), 91
[TOTAL_GC_TIME_%_PS_Scavenge], Time(%), 0.4593407702791379
[TOTAL_GCS_PS_MarkSweep], Count, 0
[TOTAL_GC_TIME_PS_MarkSweep], Time(ms), 0
[TOTAL_GC_TIME_%_PS_MarkSweep], Time(%), 0.0
[TOTAL_GCs], Count, 33
[TOTAL_GC_TIME], Time(ms), 91
[TOTAL_GC_TIME_%], Time(%), 0.4593407702791379
[CLEANUP], Operations, 1
[CLEANUP], AverageLatency(us), 2247680.0
[CLEANUP], MinLatency(us), 2246656
[CLEANUP], MaxLatency(us), 2248703
[CLEANUP], 95thPercentileLatency(us), 2248703
[CLEANUP], 99thPercentileLatency(us), 2248703
[INSERT], Operations, 681
[INSERT], AverageLatency(us), 667.1820851688693
[INSERT], MinLatency(us), 209
[INSERT], MaxLatency(us), 47007
[INSERT], 95thPercentileLatency(us), 1152
[INSERT], 99thPercentileLatency(us), 2873
[INSERT], Return=OK, 681
[SCAN], Operations, 319
[SCAN], AverageLatency(us), 52052.26332288401
[SCAN], MinLatency(us), 33888
[SCAN], MaxLatency(us), 164863
[SCAN], 95thPercentileLatency(us), 73471
[SCAN], 99thPercentileLatency(us), 95231
[SCAN], Return=OK, 319
dblei-binding
CENAS
['java', '-cp', '/home/jose/Desktop/LEI/Graficos/Key-DocumentDBv1/YCSB-master/dblei/conf:/home/jose/Desktop/LEI/Graficos/Key-DocumentDBv1/YCSB-master/dblei/target/dblei-binding-0.16.0-SNAPSHOT.jar:/home/jose/.m2/repository/org/apache/htrace/htrace-core4/4.1.0-incubating/htrace-core4-4.1.0-incubating.jar:/home/jose/.m2/repository/org/slf4j/slf4j-api/1.7.25/slf4j-api-1.7.25.jar:/home/jose/.m2/repository/org/rocksdb/rocksdbjni/5.11.3/rocksdbjni-5.11.3.jar:/home/jose/.m2/repository/net/jcip/jcip-annotations/1.0/jcip-annotations-1.0.jar:/home/jose/Desktop/LEI/Graficos/Key-DocumentDBv1/YCSB-master/core/target/core-0.16.0-SNAPSHOT.jar:/home/jose/.m2/repository/org/hdrhistogram/HdrHistogram/2.1.4/HdrHistogram-2.1.4.jar:/home/jose/Desktop/LEI/Graficos/Key-DocumentDBv1/DB/target/bd-serverless-1.0-SNAPSHOT.jar:/home/jose/.m2/repository/org/codehaus/jackson/jackson-mapper-asl/1.9.4/jackson-mapper-asl-1.9.4.jar:/home/jose/.m2/repository/org/codehaus/jackson/jackson-core-asl/1.9.4/jackson-core-asl-1.9.4.jar', 'com.yahoo.ycsb.Client', '-db', 'com.yahoo.ycsb.db.dblei.DBLEIClient', '-P', 'workloads/workloade', '-p', 'operationcount=1000', '-s']
FIM
