[WARN]  Running against a source checkout. In order to get our runtime dependencies we'll have to invoke Maven. Depending on the state of your system, this may take ~30-45 seconds
[DEBUG]  Running 'mvn -pl com.yahoo.ycsb:dblei-binding -am package -DskipTests dependency:build-classpath -DincludeScope=compile -Dmdep.outputFilterFile=true'
java -cp /home/jose/Desktop/LEI/Graficos/Key-DocumentDBv1/YCSB-master/dblei/conf:/home/jose/Desktop/LEI/Graficos/Key-DocumentDBv1/YCSB-master/dblei/target/dblei-binding-0.16.0-SNAPSHOT.jar:/home/jose/.m2/repository/org/apache/htrace/htrace-core4/4.1.0-incubating/htrace-core4-4.1.0-incubating.jar:/home/jose/.m2/repository/org/slf4j/slf4j-api/1.7.25/slf4j-api-1.7.25.jar:/home/jose/.m2/repository/org/rocksdb/rocksdbjni/5.11.3/rocksdbjni-5.11.3.jar:/home/jose/.m2/repository/net/jcip/jcip-annotations/1.0/jcip-annotations-1.0.jar:/home/jose/Desktop/LEI/Graficos/Key-DocumentDBv1/YCSB-master/core/target/core-0.16.0-SNAPSHOT.jar:/home/jose/.m2/repository/org/hdrhistogram/HdrHistogram/2.1.4/HdrHistogram-2.1.4.jar:/home/jose/Desktop/LEI/Graficos/Key-DocumentDBv2/DB/target/bd-serverless-1.0-SNAPSHOT.jar:/home/jose/.m2/repository/org/codehaus/jackson/jackson-mapper-asl/1.9.4/jackson-mapper-asl-1.9.4.jar:/home/jose/.m2/repository/org/codehaus/jackson/jackson-core-asl/1.9.4/jackson-core-asl-1.9.4.jar com.yahoo.ycsb.Client -db com.yahoo.ycsb.db.dblei.DBLEIClient -P workloads/workloade -p operationcount=500 -s -t
Command line: -db com.yahoo.ycsb.db.dblei.DBLEIClient -P workloads/workloade -p operationcount=500 -s -t
YCSB Client 0.16.0-SNAPSHOT

Loading workload...
Starting test.
2019-06-22 20:18:37:553 0 sec: 0 operations; est completion in 0 second 
localhost:22854
[Thread-3] WARN io.atomix.cluster.messaging.impl.NettyMessagingService - Disabling TLS for intra-cluster messaging; Could not load cluster key store: ../config/atomix.jks (No such file or directory)
[netty-messaging-event-epoll-server-0] INFO io.atomix.cluster.messaging.impl.NettyMessagingService - localhost/127.0.0.1 accepting incoming connections on port 22854
[Thread-3] INFO io.atomix.cluster.messaging.impl.NettyMessagingService - Started
DBWrapper: report latency for each error is false and specific error codes to track for latency are: []
TOu no envia mensagem!!!!!
O endereco é nulo? true
A enviar uma mensagem de multicast para o master!
Recebi uma mensagtme do master!!
O slave que contém a minha key é: localhost:12342
Por na cache
Enviar para o slave
Recebi uma mensagtme do master!!
Recebi uma mensagtme do master!!
O valor é: true
TOu no envia mensagem!!!!!
O endereco é nulo? true
A enviar uma mensagem de multicast para o master!
Recebi uma mensagtme do master!!
O slave que contém a minha key é: localhost:12343
Por na cache
Enviar para o slave
Recebi uma mensagtme do master!!
Recebi uma mensagtme do master!!
O valor é: true
java.lang.Exception: Não existem mais
TOu no envia mensagem!!!!!
O endereco é nulo? false
Ja tenho na cache
O valor é: true
TOu no envia mensagem!!!!!
O endereco é nulo? false
Ja tenho na cache
O valor é: true
TOu no envia mensagem!!!!!
O endereco é nulo? false
Ja tenho na cache
O valor é: true
java.lang.Exception: Não existem mais
TOu no envia mensagem!!!!!
O endereco é nulo? false
Ja tenho na cache
O valor é: true
TOu no envia mensagem!!!!!
O endereco é nulo? false
Ja tenho na cache
O valor é: true
TOu no envia mensagem!!!!!
O endereco é nulo? false
Ja tenho na cache
O valor é: true
TOu no envia mensagem!!!!!
O endereco é nulo? false
Ja tenho na cache
O valor é: true
TOu no envia mensagem!!!!!
O endereco é nulo? false
Ja tenho na cache
O valor é: true
TOu no envia mensagem!!!!!
O endereco é nulo? false
Ja tenho na cache
O valor é: true
TOu no envia mensagem!!!!!
O endereco é nulo? false
Ja tenho na cache
O valor é: true
TOu no envia mensagem!!!!!
O endereco é nulo? false
Ja tenho na cache
O valor é: true
TOu no envia mensagem!!!!!
O endereco é nulo? false
Ja tenho na cache
O valor é: true
TOu no envia mensagem!!!!!
O endereco é nulo? false
Ja tenho na cache
O valor é: true
java.lang.Exception: Não existem mais
TOu no envia mensagem!!!!!
O endereco é nulo? false
Ja tenho na cache
O valor é: true
TOu no envia mensagem!!!!!
O endereco é nulo? false
Ja tenho na cache
O valor é: true
java.lang.Exception: Não existem mais
TOu no envia mensagem!!!!!
O endereco é nulo? false
Ja tenho na cache
O valor é: true
TOu no envia mensagem!!!!!
O endereco é nulo? false
Ja tenho na cache
O valor é: true
TOu no envia mensagem!!!!!
O endereco é nulo? false
Ja tenho na cache
O valor é: true
java.lang.Exception: Não existem mais
TOu no envia mensagem!!!!!
O endereco é nulo? false
Ja tenho na cache
O valor é: true
TOu no envia mensagem!!!!!
O endereco é nulo? false
Ja tenho na cache
O valor é: true
TOu no envia mensagem!!!!!
O endereco é nulo? false
Ja tenho na cache
O valor é: true
java.lang.Exception: Não existem mais
java.lang.Exception: Não existem mais
TOu no envia mensagem!!!!!
O endereco é nulo? false
Ja tenho na cache
O valor é: true
TOu no envia mensagem!!!!!
O endereco é nulo? false
Ja tenho na cache
O valor é: true
TOu no envia mensagem!!!!!
O endereco é nulo? false
Ja tenho na cache
O valor é: true
TOu no envia mensagem!!!!!
O endereco é nulo? false
Ja tenho na cache
O valor é: true
TOu no envia mensagem!!!!!
O endereco é nulo? false
Ja tenho na cache
O valor é: true
java.lang.Exception: Não existem mais
TOu no envia mensagem!!!!!
O endereco é nulo? false
Ja tenho na cache
O valor é: true
java.lang.Exception: Não existem mais
TOu no envia mensagem!!!!!
O endereco é nulo? false
Ja tenho na cache
O valor é: true
TOu no envia mensagem!!!!!
O endereco é nulo? false
Ja tenho na cache
O valor é: true
TOu no envia mensagem!!!!!
O endereco é nulo? false
Ja tenho na cache
O valor é: true
TOu no envia mensagem!!!!!
O endereco é nulo? false
Ja tenho na cache
O valor é: true
TOu no envia mensagem!!!!!
O endereco é nulo? false
Ja tenho na cache
O valor é: true
TOu no envia mensagem!!!!!
O endereco é nulo? false
Ja tenho na cache
O valor é: true
java.lang.Exception: Não existem mais
TOu no envia mensagem!!!!!
O endereco é nulo? false
Ja tenho na cache
O valor é: true
TOu no envia mensagem!!!!!
O endereco é nulo? false
Ja tenho na cache
O valor é: true
java.lang.Exception: Não existem mais
java.lang.Exception: Não existem mais
TOu no envia mensagem!!!!!
O endereco é nulo? false
Ja tenho na cache
O valor é: true
TOu no envia mensagem!!!!!
O endereco é nulo? false
Ja tenho na cache
O valor é: true
TOu no envia mensagem!!!!!
O endereco é nulo? false
Ja tenho na cache
O valor é: true
TOu no envia mensagem!!!!!
O endereco é nulo? false
Ja tenho na cache
O valor é: true
TOu no envia mensagem!!!!!
O endereco é nulo? false
Ja tenho na cache
O valor é: true
TOu no envia mensagem!!!!!
O endereco é nulo? false
Ja tenho na cache
O valor é: true
TOu no envia mensagem!!!!!
O endereco é nulo? false
Ja tenho na cache
O valor é: true
TOu no envia mensagem!!!!!
O endereco é nulo? false
Ja tenho na cache
O valor é: true
TOu no envia mensagem!!!!!
O endereco é nulo? false
Ja tenho na cache
O valor é: true
TOu no envia mensagem!!!!!
O endereco é nulo? false
Ja tenho na cache
O valor é: true
TOu no envia mensagem!!!!!
O endereco é nulo? false
Ja tenho na cache
O valor é: true
TOu no envia mensagem!!!!!
O endereco é nulo? false
Ja tenho na cache
O valor é: true
TOu no envia mensagem!!!!!
O endereco é nulo? false
Ja tenho na cache
O valor é: true
TOu no envia mensagem!!!!!
O endereco é nulo? false
Ja tenho na cache
O valor é: true
TOu no envia mensagem!!!!!
O endereco é nulo? false
Ja tenho na cache
O valor é: true
TOu no envia mensagem!!!!!
O endereco é nulo? false
Ja tenho na cache
O valor é: true
TOu no envia mensagem!!!!!
O endereco é nulo? false
Ja tenho na cache
O valor é: true
TOu no envia mensagem!!!!!
O endereco é nulo? false
Ja tenho na cache
O valor é: true
TOu no envia mensagem!!!!!
O endereco é nulo? false
Ja tenho na cache
O valor é: true
TOu no envia mensagem!!!!!
O endereco é nulo? false
Ja tenho na cache
O valor é: true
TOu no envia mensagem!!!!!
O endereco é nulo? false
Ja tenho na cache
O valor é: true
java.lang.Exception: Não existem mais
java.lang.Exception: Não existem mais
TOu no envia mensagem!!!!!
O endereco é nulo? false
Ja tenho na cache
O valor é: true
TOu no envia mensagem!!!!!
O endereco é nulo? false
Ja tenho na cache
O valor é: true
TOu no envia mensagem!!!!!
O endereco é nulo? false
Ja tenho na cache
O valor é: true
TOu no envia mensagem!!!!!
O endereco é nulo? false
Ja tenho na cache
O valor é: true
TOu no envia mensagem!!!!!
O endereco é nulo? false
Ja tenho na cache
O valor é: true
TOu no envia mensagem!!!!!
O endereco é nulo? false
Ja tenho na cache
O valor é: true
TOu no envia mensagem!!!!!
O endereco é nulo? false
Ja tenho na cache
O valor é: true
TOu no envia mensagem!!!!!
O endereco é nulo? false
Ja tenho na cache
O valor é: true
java.lang.Exception: Não existem mais
TOu no envia mensagem!!!!!
O endereco é nulo? false
Ja tenho na cache
O valor é: true
TOu no envia mensagem!!!!!
O endereco é nulo? false
Ja tenho na cache
O valor é: true
TOu no envia mensagem!!!!!
O endereco é nulo? false
Ja tenho na cache
O valor é: true
java.lang.Exception: Não existem mais
TOu no envia mensagem!!!!!
O endereco é nulo? false
Ja tenho na cache
O valor é: true
TOu no envia mensagem!!!!!
O endereco é nulo? false
Ja tenho na cache
O valor é: true
TOu no envia mensagem!!!!!
O endereco é nulo? false
Ja tenho na cache
O valor é: true
TOu no envia mensagem!!!!!
O endereco é nulo? false
Ja tenho na cache
O valor é: true
TOu no envia mensagem!!!!!
O endereco é nulo? false
Ja tenho na cache
O valor é: true
TOu no envia mensagem!!!!!
O endereco é nulo? false
Ja tenho na cache
O valor é: true
java.lang.Exception: Não existem mais
TOu no envia mensagem!!!!!
O endereco é nulo? false
Ja tenho na cache
O valor é: true
TOu no envia mensagem!!!!!
O endereco é nulo? false
Ja tenho na cache
O valor é: true
TOu no envia mensagem!!!!!
O endereco é nulo? false
Ja tenho na cache
O valor é: true
TOu no envia mensagem!!!!!
O endereco é nulo? false
Ja tenho na cache
O valor é: true
TOu no envia mensagem!!!!!
O endereco é nulo? false
Ja tenho na cache
O valor é: true
TOu no envia mensagem!!!!!
O endereco é nulo? false
Ja tenho na cache
O valor é: true
TOu no envia mensagem!!!!!
O endereco é nulo? false
Ja tenho na cache
O valor é: true
TOu no envia mensagem!!!!!
O endereco é nulo? false
Ja tenho na cache
O valor é: true
TOu no envia mensagem!!!!!
O endereco é nulo? false
Ja tenho na cache
O valor é: true
TOu no envia mensagem!!!!!
O endereco é nulo? false
Ja tenho na cache
O valor é: true
TOu no envia mensagem!!!!!
O endereco é nulo? false
Ja tenho na cache
O valor é: true
TOu no envia mensagem!!!!!
O endereco é nulo? false
Ja tenho na cache
O valor é: true
TOu no envia mensagem!!!!!
O endereco é nulo? false
Ja tenho na cache
O valor é: true
TOu no envia mensagem!!!!!
O endereco é nulo? false
Ja tenho na cache
O valor é: true
TOu no envia mensagem!!!!!
O endereco é nulo? false
Ja tenho na cache
O valor é: true
TOu no envia mensagem!!!!!
O endereco é nulo? false
Ja tenho na cache
O valor é: true
java.lang.Exception: Não existem mais
TOu no envia mensagem!!!!!
O endereco é nulo? false
Ja tenho na cache
O valor é: true
java.lang.Exception: Não existem mais
TOu no envia mensagem!!!!!
O endereco é nulo? false
Ja tenho na cache
O valor é: true
TOu no envia mensagem!!!!!
O endereco é nulo? false
Ja tenho na cache
O valor é: true
TOu no envia mensagem!!!!!
O endereco é nulo? false
Ja tenho na cache
O valor é: true
TOu no envia mensagem!!!!!
O endereco é nulo? false
Ja tenho na cache
O valor é: true
TOu no envia mensagem!!!!!
O endereco é nulo? false
Ja tenho na cache
O valor é: true
java.lang.Exception: Não existem mais
TOu no envia mensagem!!!!!
O endereco é nulo? false
Ja tenho na cache
O valor é: true
TOu no envia mensagem!!!!!
O endereco é nulo? false
Ja tenho na cache
O valor é: true
TOu no envia mensagem!!!!!
O endereco é nulo? false
Ja tenho na cache
O valor é: true
java.lang.Exception: Não existem mais
TOu no envia mensagem!!!!!
O endereco é nulo? false
Ja tenho na cache
O valor é: true
TOu no envia mensagem!!!!!
O endereco é nulo? false
Ja tenho na cache
O valor é: true
java.lang.Exception: Não existem mais
TOu no envia mensagem!!!!!
O endereco é nulo? false
Ja tenho na cache
O valor é: true
TOu no envia mensagem!!!!!
O endereco é nulo? false
Ja tenho na cache
O valor é: true
TOu no envia mensagem!!!!!
O endereco é nulo? false
Ja tenho na cache
O valor é: true
TOu no envia mensagem!!!!!
O endereco é nulo? false
Ja tenho na cache
O valor é: true
java.lang.Exception: Não existem mais
TOu no envia mensagem!!!!!
O endereco é nulo? false
Ja tenho na cache
O valor é: true
TOu no envia mensagem!!!!!
O endereco é nulo? false
Ja tenho na cache
O valor é: true
TOu no envia mensagem!!!!!
O endereco é nulo? false
Ja tenho na cache
O valor é: true
TOu no envia mensagem!!!!!
O endereco é nulo? false
Ja tenho na cache
O valor é: true
java.lang.Exception: Não existem mais
TOu no envia mensagem!!!!!
O endereco é nulo? false
Ja tenho na cache
O valor é: true
TOu no envia mensagem!!!!!
O endereco é nulo? false
Ja tenho na cache
O valor é: true
TOu no envia mensagem!!!!!
O endereco é nulo? false
Ja tenho na cache
O valor é: true
TOu no envia mensagem!!!!!
O endereco é nulo? false
Ja tenho na cache
O valor é: true
java.lang.Exception: Não existem mais
TOu no envia mensagem!!!!!
O endereco é nulo? false
Ja tenho na cache
O valor é: true
TOu no envia mensagem!!!!!
O endereco é nulo? false
Ja tenho na cache
O valor é: true
TOu no envia mensagem!!!!!
O endereco é nulo? false
Ja tenho na cache
O valor é: true
TOu no envia mensagem!!!!!
O endereco é nulo? false
Ja tenho na cache
O valor é: true
TOu no envia mensagem!!!!!
O endereco é nulo? false
Ja tenho na cache
O valor é: true
TOu no envia mensagem!!!!!
O endereco é nulo? false
Ja tenho na cache
O valor é: true
TOu no envia mensagem!!!!!
O endereco é nulo? false
Ja tenho na cache
O valor é: true
TOu no envia mensagem!!!!!
O endereco é nulo? false
Ja tenho na cache
O valor é: true
java.lang.Exception: Não existem mais
java.lang.Exception: Não existem mais
java.lang.Exception: Não existem mais
TOu no envia mensagem!!!!!
O endereco é nulo? false
Ja tenho na cache
O valor é: true
java.lang.Exception: Não existem mais
TOu no envia mensagem!!!!!
O endereco é nulo? false
Ja tenho na cache
O valor é: true
TOu no envia mensagem!!!!!
O endereco é nulo? false
Ja tenho na cache
O valor é: true
TOu no envia mensagem!!!!!
O endereco é nulo? false
Ja tenho na cache
O valor é: true
java.lang.Exception: Não existem mais
java.lang.Exception: Não existem mais
TOu no envia mensagem!!!!!
O endereco é nulo? false
Ja tenho na cache
O valor é: true
TOu no envia mensagem!!!!!
O endereco é nulo? false
Ja tenho na cache
O valor é: true
java.lang.Exception: Não existem mais
TOu no envia mensagem!!!!!
O endereco é nulo? false
Ja tenho na cache
O valor é: true
TOu no envia mensagem!!!!!
O endereco é nulo? false
Ja tenho na cache
O valor é: true
java.lang.Exception: Não existem mais
java.lang.Exception: Não existem mais
TOu no envia mensagem!!!!!
O endereco é nulo? false
Ja tenho na cache
O valor é: true
TOu no envia mensagem!!!!!
O endereco é nulo? false
Ja tenho na cache
O valor é: true
TOu no envia mensagem!!!!!
O endereco é nulo? false
Ja tenho na cache
O valor é: true
TOu no envia mensagem!!!!!
O endereco é nulo? false
Ja tenho na cache
O valor é: true
TOu no envia mensagem!!!!!
O endereco é nulo? false
Ja tenho na cache
O valor é: true
TOu no envia mensagem!!!!!
O endereco é nulo? false
Ja tenho na cache
O valor é: true
TOu no envia mensagem!!!!!
O endereco é nulo? false
Ja tenho na cache
O valor é: true
TOu no envia mensagem!!!!!
O endereco é nulo? false
Ja tenho na cache
O valor é: true
TOu no envia mensagem!!!!!
O endereco é nulo? false
Ja tenho na cache
O valor é: true
TOu no envia mensagem!!!!!
O endereco é nulo? false
Ja tenho na cache
O valor é: true
TOu no envia mensagem!!!!!
O endereco é nulo? false
Ja tenho na cache
O valor é: true
TOu no envia mensagem!!!!!
O endereco é nulo? false
Ja tenho na cache
O valor é: true
TOu no envia mensagem!!!!!
O endereco é nulo? false
Ja tenho na cache
O valor é: true
TOu no envia mensagem!!!!!
O endereco é nulo? false
Ja tenho na cache
O valor é: true
java.lang.Exception: Não existem mais
TOu no envia mensagem!!!!!
O endereco é nulo? false
Ja tenho na cache
O valor é: true
java.lang.Exception: Não existem mais
java.lang.Exception: Não existem mais
TOu no envia mensagem!!!!!
O endereco é nulo? false
Ja tenho na cache
O valor é: true
java.lang.Exception: Não existem mais
java.lang.Exception: Não existem mais
java.lang.Exception: Não existem mais
java.lang.Exception: Não existem mais
TOu no envia mensagem!!!!!
O endereco é nulo? false
Ja tenho na cache
O valor é: true
TOu no envia mensagem!!!!!
O endereco é nulo? false
Ja tenho na cache
O valor é: true
TOu no envia mensagem!!!!!
O endereco é nulo? false
Ja tenho na cache
O valor é: true
java.lang.Exception: Não existem mais
java.lang.Exception: Não existem mais
TOu no envia mensagem!!!!!
O endereco é nulo? false
Ja tenho na cache
O valor é: true
java.lang.Exception: Não existem mais
java.lang.Exception: Não existem mais
TOu no envia mensagem!!!!!
O endereco é nulo? false
Ja tenho na cache
O valor é: true
TOu no envia mensagem!!!!!
O endereco é nulo? false
Ja tenho na cache
O valor é: true
java.lang.Exception: Não existem mais
TOu no envia mensagem!!!!!
O endereco é nulo? false
Ja tenho na cache
O valor é: true
TOu no envia mensagem!!!!!
O endereco é nulo? false
Ja tenho na cache
O valor é: true
TOu no envia mensagem!!!!!
O endereco é nulo? false
Ja tenho na cache
O valor é: true
TOu no envia mensagem!!!!!
O endereco é nulo? false
Ja tenho na cache
O valor é: true
TOu no envia mensagem!!!!!
O endereco é nulo? false
Ja tenho na cache
O valor é: true
java.lang.Exception: Não existem mais
java.lang.Exception: Não existem mais
TOu no envia mensagem!!!!!
O endereco é nulo? false
Ja tenho na cache
O valor é: true
java.lang.Exception: Não existem mais
java.lang.Exception: Não existem mais
TOu no envia mensagem!!!!!
O endereco é nulo? false
Ja tenho na cache
O valor é: true
TOu no envia mensagem!!!!!
O endereco é nulo? false
Ja tenho na cache
O valor é: true
TOu no envia mensagem!!!!!
O endereco é nulo? false
Ja tenho na cache
O valor é: true
TOu no envia mensagem!!!!!
O endereco é nulo? false
Ja tenho na cache
O valor é: true
TOu no envia mensagem!!!!!
O endereco é nulo? false
Ja tenho na cache
O valor é: true
TOu no envia mensagem!!!!!
O endereco é nulo? false
Ja tenho na cache
O valor é: true
TOu no envia mensagem!!!!!
O endereco é nulo? false
Ja tenho na cache
O valor é: true
java.lang.Exception: Não existem mais
TOu no envia mensagem!!!!!
O endereco é nulo? false
Ja tenho na cache
O valor é: true
TOu no envia mensagem!!!!!
O endereco é nulo? false
Ja tenho na cache
O valor é: true
TOu no envia mensagem!!!!!
O endereco é nulo? false
Ja tenho na cache
O valor é: true
TOu no envia mensagem!!!!!
O endereco é nulo? false
Ja tenho na cache
O valor é: true
TOu no envia mensagem!!!!!
O endereco é nulo? false
Ja tenho na cache
O valor é: true
TOu no envia mensagem!!!!!
O endereco é nulo? false
Ja tenho na cache
O valor é: true
TOu no envia mensagem!!!!!
O endereco é nulo? false
Ja tenho na cache
O valor é: true
TOu no envia mensagem!!!!!
O endereco é nulo? false
Ja tenho na cache
O valor é: true
java.lang.Exception: Não existem mais
TOu no envia mensagem!!!!!
O endereco é nulo? false
Ja tenho na cache
O valor é: true
TOu no envia mensagem!!!!!
O endereco é nulo? false
Ja tenho na cache
O valor é: true
TOu no envia mensagem!!!!!
O endereco é nulo? false
Ja tenho na cache
O valor é: true
TOu no envia mensagem!!!!!
O endereco é nulo? false
Ja tenho na cache
O valor é: true
TOu no envia mensagem!!!!!
O endereco é nulo? false
Ja tenho na cache
O valor é: true
TOu no envia mensagem!!!!!
O endereco é nulo? false
Ja tenho na cache
O valor é: true
java.lang.Exception: Não existem mais
TOu no envia mensagem!!!!!
O endereco é nulo? false
Ja tenho na cache
O valor é: true
java.lang.Exception: Não existem mais
TOu no envia mensagem!!!!!
O endereco é nulo? false
Ja tenho na cache
O valor é: true
TOu no envia mensagem!!!!!
O endereco é nulo? false
Ja tenho na cache
O valor é: true
TOu no envia mensagem!!!!!
O endereco é nulo? false
Ja tenho na cache
O valor é: true
java.lang.Exception: Não existem mais
TOu no envia mensagem!!!!!
O endereco é nulo? false
Ja tenho na cache
O valor é: true
TOu no envia mensagem!!!!!
O endereco é nulo? false
Ja tenho na cache
O valor é: true
java.lang.Exception: Não existem mais
TOu no envia mensagem!!!!!
O endereco é nulo? false
Ja tenho na cache
O valor é: true
java.lang.Exception: Não existem mais
TOu no envia mensagem!!!!!
O endereco é nulo? false
Ja tenho na cache
O valor é: true
TOu no envia mensagem!!!!!
O endereco é nulo? false
Ja tenho na cache
O valor é: true
TOu no envia mensagem!!!!!
O endereco é nulo? false
Ja tenho na cache
O valor é: true
TOu no envia mensagem!!!!!
O endereco é nulo? false
Ja tenho na cache
O valor é: true
java.lang.Exception: Não existem mais
TOu no envia mensagem!!!!!
O endereco é nulo? false
Ja tenho na cache
O valor é: true
java.lang.Exception: Não existem mais
TOu no envia mensagem!!!!!
O endereco é nulo? false
Ja tenho na cache
O valor é: true
java.lang.Exception: Não existem mais
TOu no envia mensagem!!!!!
O endereco é nulo? false
Ja tenho na cache
O valor é: true
TOu no envia mensagem!!!!!
O endereco é nulo? false
Ja tenho na cache
O valor é: true
java.lang.Exception: Não existem mais
TOu no envia mensagem!!!!!
O endereco é nulo? false
Ja tenho na cache
O valor é: true
java.lang.Exception: Não existem mais
java.lang.Exception: Não existem mais
TOu no envia mensagem!!!!!
O endereco é nulo? false
Ja tenho na cache
O valor é: true
TOu no envia mensagem!!!!!
O endereco é nulo? false
Ja tenho na cache
O valor é: true
TOu no envia mensagem!!!!!
O endereco é nulo? false
Ja tenho na cache
O valor é: true
TOu no envia mensagem!!!!!
O endereco é nulo? false
Ja tenho na cache
O valor é: true
TOu no envia mensagem!!!!!
O endereco é nulo? false
Ja tenho na cache
O valor é: true
TOu no envia mensagem!!!!!
O endereco é nulo? false
Ja tenho na cache
O valor é: true
TOu no envia mensagem!!!!!
O endereco é nulo? false
Ja tenho na cache
O valor é: true
TOu no envia mensagem!!!!!
O endereco é nulo? false
Ja tenho na cache
O valor é: true
TOu no envia mensagem!!!!!
O endereco é nulo? false
Ja tenho na cache
O valor é: true
TOu no envia mensagem!!!!!
O endereco é nulo? false
Ja tenho na cache
O valor é: true
java.lang.Exception: Não existem mais
java.lang.Exception: Não existem mais
java.lang.Exception: Não existem mais
TOu no envia mensagem!!!!!
O endereco é nulo? false
Ja tenho na cache
O valor é: true
TOu no envia mensagem!!!!!
O endereco é nulo? false
Ja tenho na cache
O valor é: true
TOu no envia mensagem!!!!!
O endereco é nulo? false
Ja tenho na cache
O valor é: true
TOu no envia mensagem!!!!!
O endereco é nulo? false
Ja tenho na cache
O valor é: true
java.lang.Exception: Não existem mais
java.lang.Exception: Não existem mais
TOu no envia mensagem!!!!!
O endereco é nulo? false
Ja tenho na cache
O valor é: true
TOu no envia mensagem!!!!!
O endereco é nulo? false
Ja tenho na cache
O valor é: true
TOu no envia mensagem!!!!!
O endereco é nulo? false
Ja tenho na cache
O valor é: true
java.lang.Exception: Não existem mais
TOu no envia mensagem!!!!!
O endereco é nulo? false
Ja tenho na cache
O valor é: true
TOu no envia mensagem!!!!!
O endereco é nulo? false
Ja tenho na cache
O valor é: true
java.lang.Exception: Não existem mais
TOu no envia mensagem!!!!!
O endereco é nulo? false
Ja tenho na cache
O valor é: true
TOu no envia mensagem!!!!!
O endereco é nulo? false
Ja tenho na cache
O valor é: true
TOu no envia mensagem!!!!!
O endereco é nulo? false
Ja tenho na cache
O valor é: true
TOu no envia mensagem!!!!!
O endereco é nulo? false
Ja tenho na cache
O valor é: true
TOu no envia mensagem!!!!!
O endereco é nulo? false
Ja tenho na cache
O valor é: true
TOu no envia mensagem!!!!!
O endereco é nulo? false
Ja tenho na cache
O valor é: true
TOu no envia mensagem!!!!!
O endereco é nulo? false
Ja tenho na cache
O valor é: true
java.lang.Exception: Não existem mais
java.lang.Exception: Não existem mais
TOu no envia mensagem!!!!!
O endereco é nulo? false
Ja tenho na cache
O valor é: true
java.lang.Exception: Não existem mais
TOu no envia mensagem!!!!!
O endereco é nulo? false
Ja tenho na cache
O valor é: true
TOu no envia mensagem!!!!!
O endereco é nulo? false
Ja tenho na cache
O valor é: true
TOu no envia mensagem!!!!!
O endereco é nulo? false
Ja tenho na cache
O valor é: true
java.lang.Exception: Não existem mais
TOu no envia mensagem!!!!!
O endereco é nulo? false
Ja tenho na cache
O valor é: true
TOu no envia mensagem!!!!!
O endereco é nulo? false
Ja tenho na cache
O valor é: true
java.lang.Exception: Não existem mais
TOu no envia mensagem!!!!!
O endereco é nulo? false
Ja tenho na cache
O valor é: true
TOu no envia mensagem!!!!!
O endereco é nulo? false
Ja tenho na cache
O valor é: true
TOu no envia mensagem!!!!!
O endereco é nulo? false
Ja tenho na cache
O valor é: true
java.lang.Exception: Não existem mais
TOu no envia mensagem!!!!!
O endereco é nulo? false
Ja tenho na cache
O valor é: true
TOu no envia mensagem!!!!!
O endereco é nulo? false
Ja tenho na cache
O valor é: true
java.lang.Exception: Não existem mais
java.lang.Exception: Não existem mais
java.lang.Exception: Não existem mais
TOu no envia mensagem!!!!!
O endereco é nulo? false
Ja tenho na cache
O valor é: true
TOu no envia mensagem!!!!!
O endereco é nulo? false
Ja tenho na cache
O valor é: true
TOu no envia mensagem!!!!!
O endereco é nulo? false
Ja tenho na cache
O valor é: true
TOu no envia mensagem!!!!!
O endereco é nulo? false
Ja tenho na cache
O valor é: true
TOu no envia mensagem!!!!!
O endereco é nulo? false
Ja tenho na cache
O valor é: true
java.lang.Exception: Não existem mais
java.lang.Exception: Não existem mais
java.lang.Exception: Não existem mais
TOu no envia mensagem!!!!!
O endereco é nulo? false
Ja tenho na cache
O valor é: true
TOu no envia mensagem!!!!!
O endereco é nulo? false
Ja tenho na cache
O valor é: true
TOu no envia mensagem!!!!!
O endereco é nulo? false
Ja tenho na cache
O valor é: true
TOu no envia mensagem!!!!!
O endereco é nulo? false
Ja tenho na cache
O valor é: true
TOu no envia mensagem!!!!!
O endereco é nulo? false
Ja tenho na cache
O valor é: true
TOu no envia mensagem!!!!!
O endereco é nulo? false
Ja tenho na cache
O valor é: true
TOu no envia mensagem!!!!!
O endereco é nulo? false
Ja tenho na cache
O valor é: true
TOu no envia mensagem!!!!!
O endereco é nulo? false
Ja tenho na cache
O valor é: true
TOu no envia mensagem!!!!!
O endereco é nulo? false
Ja tenho na cache
O valor é: true
java.lang.Exception: Não existem mais
TOu no envia mensagem!!!!!
O endereco é nulo? false
Ja tenho na cache
O valor é: true
TOu no envia mensagem!!!!!
O endereco é nulo? false
Ja tenho na cache
O valor é: true
TOu no envia mensagem!!!!!
O endereco é nulo? false
Ja tenho na cache
O valor é: true
TOu no envia mensagem!!!!!
O endereco é nulo? false
Ja tenho na cache
O valor é: true
java.lang.Exception: Não existem mais
TOu no envia mensagem!!!!!
O endereco é nulo? false
Ja tenho na cache
O valor é: true
TOu no envia mensagem!!!!!
O endereco é nulo? false
Ja tenho na cache
O valor é: true
TOu no envia mensagem!!!!!
O endereco é nulo? false
Ja tenho na cache
O valor é: true
java.lang.Exception: Não existem mais
java.lang.Exception: Não existem mais
TOu no envia mensagem!!!!!
O endereco é nulo? false
Ja tenho na cache
O valor é: true
TOu no envia mensagem!!!!!
O endereco é nulo? false
Ja tenho na cache
O valor é: true
java.lang.Exception: Não existem mais
java.lang.Exception: Não existem mais
TOu no envia mensagem!!!!!
O endereco é nulo? false
Ja tenho na cache
O valor é: true
TOu no envia mensagem!!!!!
O endereco é nulo? false
Ja tenho na cache
O valor é: true
TOu no envia mensagem!!!!!
O endereco é nulo? false
Ja tenho na cache
O valor é: true
TOu no envia mensagem!!!!!
O endereco é nulo? false
Ja tenho na cache
O valor é: true
java.lang.Exception: Não existem mais
TOu no envia mensagem!!!!!
O endereco é nulo? false
Ja tenho na cache
O valor é: true
TOu no envia mensagem!!!!!
O endereco é nulo? false
Ja tenho na cache
O valor é: true
java.lang.Exception: Não existem mais
TOu no envia mensagem!!!!!
O endereco é nulo? false
Ja tenho na cache
O valor é: true
java.lang.Exception: Não existem mais
java.lang.Exception: Não existem mais
java.lang.Exception: Não existem mais
TOu no envia mensagem!!!!!
O endereco é nulo? false
Ja tenho na cache
O valor é: true
TOu no envia mensagem!!!!!
O endereco é nulo? false
Ja tenho na cache
O valor é: true
java.lang.Exception: Não existem mais
java.lang.Exception: Não existem mais
TOu no envia mensagem!!!!!
O endereco é nulo? false
Ja tenho na cache
O valor é: true
TOu no envia mensagem!!!!!
O endereco é nulo? false
Ja tenho na cache
O valor é: true
java.lang.Exception: Não existem mais
java.lang.Exception: Não existem mais
TOu no envia mensagem!!!!!
O endereco é nulo? false
Ja tenho na cache
O valor é: true
TOu no envia mensagem!!!!!
O endereco é nulo? false
Ja tenho na cache
O valor é: true
TOu no envia mensagem!!!!!
O endereco é nulo? false
Ja tenho na cache
O valor é: true
TOu no envia mensagem!!!!!
O endereco é nulo? false
Ja tenho na cache
O valor é: true
java.lang.Exception: Não existem mais
java.lang.Exception: Não existem mais
java.lang.Exception: Não existem mais
TOu no envia mensagem!!!!!
O endereco é nulo? false
Ja tenho na cache
O valor é: true
TOu no envia mensagem!!!!!
O endereco é nulo? false
Ja tenho na cache
O valor é: true
TOu no envia mensagem!!!!!
O endereco é nulo? false
Ja tenho na cache
O valor é: true
TOu no envia mensagem!!!!!
O endereco é nulo? false
Ja tenho na cache
O valor é: true
TOu no envia mensagem!!!!!
O endereco é nulo? false
Ja tenho na cache
O valor é: true
TOu no envia mensagem!!!!!
O endereco é nulo? false
Ja tenho na cache
O valor é: true
TOu no envia mensagem!!!!!
O endereco é nulo? false
Ja tenho na cache
O valor é: true
TOu no envia mensagem!!!!!
O endereco é nulo? false
Ja tenho na cache
O valor é: true
TOu no envia mensagem!!!!!
O endereco é nulo? false
Ja tenho na cache
O valor é: true
TOu no envia mensagem!!!!!
O endereco é nulo? false
Ja tenho na cache
O valor é: true
TOu no envia mensagem!!!!!
O endereco é nulo? false
Ja tenho na cache
O valor é: true
TOu no envia mensagem!!!!!
O endereco é nulo? false
Ja tenho na cache
O valor é: true
TOu no envia mensagem!!!!!
O endereco é nulo? false
Ja tenho na cache
O valor é: true
TOu no envia mensagem!!!!!
O endereco é nulo? false
Ja tenho na cache
O valor é: true
java.lang.Exception: Não existem mais
TOu no envia mensagem!!!!!
O endereco é nulo? false
Ja tenho na cache
O valor é: true
TOu no envia mensagem!!!!!
O endereco é nulo? false
Ja tenho na cache
O valor é: true
TOu no envia mensagem!!!!!
O endereco é nulo? false
Ja tenho na cache
O valor é: true
TOu no envia mensagem!!!!!
O endereco é nulo? false
Ja tenho na cache
O valor é: true
java.lang.Exception: Não existem mais
java.lang.Exception: Não existem mais
TOu no envia mensagem!!!!!
O endereco é nulo? false
Ja tenho na cache
O valor é: true
TOu no envia mensagem!!!!!
O endereco é nulo? false
Ja tenho na cache
O valor é: true
java.lang.Exception: Não existem mais
TOu no envia mensagem!!!!!
O endereco é nulo? false
Ja tenho na cache
O valor é: true
TOu no envia mensagem!!!!!
O endereco é nulo? false
Ja tenho na cache
O valor é: true
TOu no envia mensagem!!!!!
O endereco é nulo? false
Ja tenho na cache
O valor é: true
java.lang.Exception: Não existem mais
TOu no envia mensagem!!!!!
O endereco é nulo? false
Ja tenho na cache
O valor é: true
java.lang.Exception: Não existem mais
java.lang.Exception: Não existem mais
TOu no envia mensagem!!!!!
O endereco é nulo? false
Ja tenho na cache
O valor é: true
java.lang.Exception: Não existem mais
java.lang.Exception: Não existem mais
TOu no envia mensagem!!!!!
O endereco é nulo? false
Ja tenho na cache
O valor é: true
java.lang.Exception: Não existem mais
TOu no envia mensagem!!!!!
O endereco é nulo? false
Ja tenho na cache
O valor é: true
TOu no envia mensagem!!!!!
O endereco é nulo? false
Ja tenho na cache
O valor é: true
TOu no envia mensagem!!!!!
O endereco é nulo? false
Ja tenho na cache
O valor é: true
java.lang.Exception: Não existem mais
TOu no envia mensagem!!!!!
O endereco é nulo? false
Ja tenho na cache
O valor é: true
TOu no envia mensagem!!!!!
O endereco é nulo? false
Ja tenho na cache
O valor é: true
java.lang.Exception: Não existem mais
java.lang.Exception: Não existem mais
TOu no envia mensagem!!!!!
O endereco é nulo? false
Ja tenho na cache
O valor é: true
java.lang.Exception: Não existem mais
TOu no envia mensagem!!!!!
O endereco é nulo? false
Ja tenho na cache
O valor é: true
TOu no envia mensagem!!!!!
O endereco é nulo? false
Ja tenho na cache
O valor é: true
TOu no envia mensagem!!!!!
O endereco é nulo? false
Ja tenho na cache
O valor é: true
java.lang.Exception: Não existem mais
TOu no envia mensagem!!!!!
O endereco é nulo? false
Ja tenho na cache
O valor é: true
TOu no envia mensagem!!!!!
O endereco é nulo? false
Ja tenho na cache
O valor é: true
java.lang.Exception: Não existem mais
TOu no envia mensagem!!!!!
O endereco é nulo? false
Ja tenho na cache
O valor é: true
TOu no envia mensagem!!!!!
O endereco é nulo? false
Ja tenho na cache
O valor é: true
java.lang.Exception: Não existem mais
TOu no envia mensagem!!!!!
O endereco é nulo? false
Ja tenho na cache
O valor é: true
TOu no envia mensagem!!!!!
O endereco é nulo? false
Ja tenho na cache
O valor é: true
TOu no envia mensagem!!!!!
O endereco é nulo? false
Ja tenho na cache
O valor é: true
TOu no envia mensagem!!!!!
O endereco é nulo? false
Ja tenho na cache
O valor é: true
TOu no envia mensagem!!!!!
O endereco é nulo? false
Ja tenho na cache
O valor é: true
TOu no envia mensagem!!!!!
O endereco é nulo? false
Ja tenho na cache
O valor é: true
TOu no envia mensagem!!!!!
O endereco é nulo? false
Ja tenho na cache
O valor é: true
TOu no envia mensagem!!!!!
O endereco é nulo? false
Ja tenho na cache
O valor é: true
java.lang.Exception: Não existem mais
java.lang.Exception: Não existem mais
TOu no envia mensagem!!!!!
O endereco é nulo? false
Ja tenho na cache
O valor é: true
java.lang.Exception: Não existem mais
java.lang.Exception: Não existem mais
TOu no envia mensagem!!!!!
O endereco é nulo? false
Ja tenho na cache
O valor é: true
java.lang.Exception: Não existem mais
java.lang.Exception: Não existem mais
TOu no envia mensagem!!!!!
O endereco é nulo? false
Ja tenho na cache
O valor é: true
TOu no envia mensagem!!!!!
O endereco é nulo? false
Ja tenho na cache
O valor é: true
TOu no envia mensagem!!!!!
O endereco é nulo? false
Ja tenho na cache
O valor é: true
TOu no envia mensagem!!!!!
O endereco é nulo? false
Ja tenho na cache
O valor é: true
java.lang.Exception: Não existem mais
TOu no envia mensagem!!!!!
O endereco é nulo? false
Ja tenho na cache
O valor é: true
TOu no envia mensagem!!!!!
O endereco é nulo? false
Ja tenho na cache
O valor é: true
java.lang.Exception: Não existem mais
TOu no envia mensagem!!!!!
O endereco é nulo? false
Ja tenho na cache
O valor é: true
TOu no envia mensagem!!!!!
O endereco é nulo? false
Ja tenho na cache
O valor é: true
TOu no envia mensagem!!!!!
O endereco é nulo? false
Ja tenho na cache
O valor é: true
TOu no envia mensagem!!!!!
O endereco é nulo? false
Ja tenho na cache
O valor é: true
TOu no envia mensagem!!!!!
O endereco é nulo? false
Ja tenho na cache
O valor é: true
java.lang.Exception: Não existem mais
java.lang.Exception: Não existem mais
TOu no envia mensagem!!!!!
O endereco é nulo? false
Ja tenho na cache
O valor é: true
TOu no envia mensagem!!!!!
O endereco é nulo? false
Ja tenho na cache
O valor é: true
TOu no envia mensagem!!!!!
O endereco é nulo? false
Ja tenho na cache
O valor é: true
TOu no envia mensagem!!!!!
O endereco é nulo? false
Ja tenho na cache
O valor é: true
java.lang.Exception: Não existem mais
TOu no envia mensagem!!!!!
O endereco é nulo? false
Ja tenho na cache
O valor é: true
TOu no envia mensagem!!!!!
O endereco é nulo? false
Ja tenho na cache
O valor é: true
TOu no envia mensagem!!!!!
O endereco é nulo? false
Ja tenho na cache
O valor é: true
java.lang.Exception: Não existem mais
TOu no envia mensagem!!!!!
O endereco é nulo? false
Ja tenho na cache
O valor é: true
TOu no envia mensagem!!!!!
O endereco é nulo? false
Ja tenho na cache
O valor é: true
TOu no envia mensagem!!!!!
O endereco é nulo? false
Ja tenho na cache
O valor é: true
TOu no envia mensagem!!!!!
O endereco é nulo? false
Ja tenho na cache
O valor é: true
java.lang.Exception: Não existem mais
TOu no envia mensagem!!!!!
O endereco é nulo? false
Ja tenho na cache
O valor é: true
2019-06-22 20:18:47:533 10 sec: 472 operations; 47,2 current ops/sec; est completion in 1 second [INSERT: Count=342, Max=68159, Min=542, Avg=1490,95, 90=1646, 99=7515, 99.9=68159, 99.99=68159] [SCAN: Count=130, Max=345343, Min=41312, Avg=68693,42, 90=88191, 99=170239, 99.9=345343, 99.99=345343] 
java.lang.Exception: Não existem mais
TOu no envia mensagem!!!!!
O endereco é nulo? false
Ja tenho na cache
O valor é: true
TOu no envia mensagem!!!!!
O endereco é nulo? false
Ja tenho na cache
O valor é: true
TOu no envia mensagem!!!!!
O endereco é nulo? false
Ja tenho na cache
O valor é: true
TOu no envia mensagem!!!!!
O endereco é nulo? false
Ja tenho na cache
O valor é: true
TOu no envia mensagem!!!!!
O endereco é nulo? false
Ja tenho na cache
O valor é: true
TOu no envia mensagem!!!!!
O endereco é nulo? false
Ja tenho na cache
O valor é: true
java.lang.Exception: Não existem mais
TOu no envia mensagem!!!!!
O endereco é nulo? false
Ja tenho na cache
O valor é: true
TOu no envia mensagem!!!!!
O endereco é nulo? false
Ja tenho na cache
O valor é: true
java.lang.Exception: Não existem mais
TOu no envia mensagem!!!!!
O endereco é nulo? false
Ja tenho na cache
O valor é: true
TOu no envia mensagem!!!!!
O endereco é nulo? false
Ja tenho na cache
O valor é: true
TOu no envia mensagem!!!!!
O endereco é nulo? false
Ja tenho na cache
O valor é: true
java.lang.Exception: Não existem mais
java.lang.Exception: Não existem mais
java.lang.Exception: Não existem mais
TOu no envia mensagem!!!!!
O endereco é nulo? false
Ja tenho na cache
O valor é: true
TOu no envia mensagem!!!!!
O endereco é nulo? false
Ja tenho na cache
O valor é: true
TOu no envia mensagem!!!!!
O endereco é nulo? false
Ja tenho na cache
O valor é: true
java.lang.Exception: Não existem mais
TOu no envia mensagem!!!!!
O endereco é nulo? false
Ja tenho na cache
O valor é: true
TOu no envia mensagem!!!!!
O endereco é nulo? false
Ja tenho na cache
O valor é: true
TOu no envia mensagem!!!!!
O endereco é nulo? false
Ja tenho na cache
O valor é: true
java.lang.Exception: Não existem mais
TOu no envia mensagem!!!!!
O endereco é nulo? false
Ja tenho na cache
O valor é: true
TOu no envia mensagem!!!!!
O endereco é nulo? false
Ja tenho na cache
O valor é: true
TOu no envia mensagem!!!!!
O endereco é nulo? false
Ja tenho na cache
O valor é: true
[ForkJoinPool.commonPool-worker-1] INFO io.atomix.cluster.messaging.impl.NettyMessagingService - Stopped
2019-06-22 20:18:50:178 12 sec: 500 operations; 10,58 current ops/sec; [CLEANUP: Count=1, Max=2254847, Min=2252800, Avg=2253824, 90=2254847, 99=2254847, 99.9=2254847, 99.99=2254847] [INSERT: Count=20, Max=1721, Min=562, Avg=998,95, 90=1285, 99=1721, 99.9=1721, 99.99=1721] [SCAN: Count=8, Max=64799, Min=40448, Avg=49724, 90=59167, 99=64799, 99.9=64799, 99.99=64799] 
[OVERALL], RunTime(ms), 12646
[OVERALL], Throughput(ops/sec), 39.53819389530286
[TOTAL_GCS_PS_Scavenge], Count, 24
[TOTAL_GC_TIME_PS_Scavenge], Time(ms), 68
[TOTAL_GC_TIME_%_PS_Scavenge], Time(%), 0.537719436976119
[TOTAL_GCS_PS_MarkSweep], Count, 0
[TOTAL_GC_TIME_PS_MarkSweep], Time(ms), 0
[TOTAL_GC_TIME_%_PS_MarkSweep], Time(%), 0.0
[TOTAL_GCs], Count, 24
[TOTAL_GC_TIME], Time(ms), 68
[TOTAL_GC_TIME_%], Time(%), 0.537719436976119
[CLEANUP], Operations, 1
[CLEANUP], AverageLatency(us), 2253824.0
[CLEANUP], MinLatency(us), 2252800
[CLEANUP], MaxLatency(us), 2254847
[CLEANUP], 95thPercentileLatency(us), 2254847
[CLEANUP], 99thPercentileLatency(us), 2254847
[INSERT], Operations, 362
[INSERT], AverageLatency(us), 1463.767955801105
[INSERT], MinLatency(us), 542
[INSERT], MaxLatency(us), 68159
[INSERT], 95thPercentileLatency(us), 2189
[INSERT], 99thPercentileLatency(us), 6103
[INSERT], Return=OK, 362
[SCAN], Operations, 138
[SCAN], AverageLatency(us), 67593.73913043478
[SCAN], MinLatency(us), 40448
[SCAN], MaxLatency(us), 345343
[SCAN], 95thPercentileLatency(us), 100671
[SCAN], 99thPercentileLatency(us), 170239
[SCAN], Return=OK, 138
dblei-binding
CENAS
['java', '-cp', '/home/jose/Desktop/LEI/Graficos/Key-DocumentDBv1/YCSB-master/dblei/conf:/home/jose/Desktop/LEI/Graficos/Key-DocumentDBv1/YCSB-master/dblei/target/dblei-binding-0.16.0-SNAPSHOT.jar:/home/jose/.m2/repository/org/apache/htrace/htrace-core4/4.1.0-incubating/htrace-core4-4.1.0-incubating.jar:/home/jose/.m2/repository/org/slf4j/slf4j-api/1.7.25/slf4j-api-1.7.25.jar:/home/jose/.m2/repository/org/rocksdb/rocksdbjni/5.11.3/rocksdbjni-5.11.3.jar:/home/jose/.m2/repository/net/jcip/jcip-annotations/1.0/jcip-annotations-1.0.jar:/home/jose/Desktop/LEI/Graficos/Key-DocumentDBv1/YCSB-master/core/target/core-0.16.0-SNAPSHOT.jar:/home/jose/.m2/repository/org/hdrhistogram/HdrHistogram/2.1.4/HdrHistogram-2.1.4.jar:/home/jose/Desktop/LEI/Graficos/Key-DocumentDBv2/DB/target/bd-serverless-1.0-SNAPSHOT.jar:/home/jose/.m2/repository/org/codehaus/jackson/jackson-mapper-asl/1.9.4/jackson-mapper-asl-1.9.4.jar:/home/jose/.m2/repository/org/codehaus/jackson/jackson-core-asl/1.9.4/jackson-core-asl-1.9.4.jar', 'com.yahoo.ycsb.Client', '-db', 'com.yahoo.ycsb.db.dblei.DBLEIClient', '-P', 'workloads/workloade', '-p', 'operationcount=500', '-s']
FIM
