[WARN]  Running against a source checkout. In order to get our runtime dependencies we'll have to invoke Maven. Depending on the state of your system, this may take ~30-45 seconds
[DEBUG]  Running 'mvn -pl com.yahoo.ycsb:dblei-binding -am package -DskipTests dependency:build-classpath -DincludeScope=compile -Dmdep.outputFilterFile=true'
java -cp /home/jose/Desktop/LEI/Graficos/Key-DocumentDBv1/YCSB-master/dblei/conf:/home/jose/Desktop/LEI/Graficos/Key-DocumentDBv1/YCSB-master/dblei/target/dblei-binding-0.16.0-SNAPSHOT.jar:/home/jose/.m2/repository/org/apache/htrace/htrace-core4/4.1.0-incubating/htrace-core4-4.1.0-incubating.jar:/home/jose/.m2/repository/org/slf4j/slf4j-api/1.7.25/slf4j-api-1.7.25.jar:/home/jose/.m2/repository/org/rocksdb/rocksdbjni/5.11.3/rocksdbjni-5.11.3.jar:/home/jose/.m2/repository/net/jcip/jcip-annotations/1.0/jcip-annotations-1.0.jar:/home/jose/Desktop/LEI/Graficos/Key-DocumentDBv1/YCSB-master/core/target/core-0.16.0-SNAPSHOT.jar:/home/jose/.m2/repository/org/hdrhistogram/HdrHistogram/2.1.4/HdrHistogram-2.1.4.jar:/home/jose/Desktop/LEI/Key-DocumentDB/DB/target/bd-serverless-1.0-SNAPSHOT.jar:/home/jose/.m2/repository/org/codehaus/jackson/jackson-mapper-asl/1.9.4/jackson-mapper-asl-1.9.4.jar:/home/jose/.m2/repository/org/codehaus/jackson/jackson-core-asl/1.9.4/jackson-core-asl-1.9.4.jar com.yahoo.ycsb.Client -db com.yahoo.ycsb.db.dblei.DBLEIClient -P workloads/workloade -p operationcount=3500 -s -t
Command line: -db com.yahoo.ycsb.db.dblei.DBLEIClient -P workloads/workloade -p operationcount=3500 -s -t
YCSB Client 0.16.0-SNAPSHOT

Loading workload...
Starting test.
2019-06-23 17:16:57:657 0 sec: 0 operations; est completion in 0 second 
Vou conectar ao spread
[Thread-3] WARN io.atomix.cluster.messaging.impl.NettyMessagingService - Disabling TLS for intra-cluster messaging; Could not load cluster key store: ../config/atomix.jks (No such file or directory)
[netty-messaging-event-epoll-server-0] WARN io.atomix.cluster.messaging.impl.NettyMessagingService - localhost/127.0.0.1 failed to bind to port 12340 due to {}
io.netty.channel.unix.Errors$NativeIoException: bind(..) failed: Address already in use
	at io.netty.channel.unix.Errors.newIOException(Errors.java:122)
	at io.netty.channel.unix.Socket.bind(Socket.java:287)
	at io.netty.channel.epoll.AbstractEpollChannel.doBind(AbstractEpollChannel.java:684)
	at io.netty.channel.epoll.EpollServerSocketChannel.doBind(EpollServerSocketChannel.java:70)
	at io.netty.channel.AbstractChannel$AbstractUnsafe.bind(AbstractChannel.java:558)
	at io.netty.channel.DefaultChannelPipeline$HeadContext.bind(DefaultChannelPipeline.java:1358)
	at io.netty.channel.AbstractChannelHandlerContext.invokeBind(AbstractChannelHandlerContext.java:501)
	at io.netty.channel.AbstractChannelHandlerContext.bind(AbstractChannelHandlerContext.java:486)
	at io.netty.channel.DefaultChannelPipeline.bind(DefaultChannelPipeline.java:1019)
	at io.netty.channel.AbstractChannel.bind(AbstractChannel.java:254)
	at io.netty.bootstrap.AbstractBootstrap$2.run(AbstractBootstrap.java:366)
	at io.netty.util.concurrent.AbstractEventExecutor.safeExecute(AbstractEventExecutor.java:163)
	at io.netty.util.concurrent.SingleThreadEventExecutor.runAllTasks(SingleThreadEventExecutor.java:404)
	at io.netty.channel.epoll.EpollEventLoop.run(EpollEventLoop.java:322)
	at io.netty.util.concurrent.SingleThreadEventExecutor$5.run(SingleThreadEventExecutor.java:884)
	at java.lang.Thread.run(Thread.java:748)
Porta em uso: 12340
[Thread-3] WARN io.atomix.cluster.messaging.impl.NettyMessagingService - Disabling TLS for intra-cluster messaging; Could not load cluster key store: ../config/atomix.jks (No such file or directory)
[netty-messaging-event-epoll-server-0] WARN io.atomix.cluster.messaging.impl.NettyMessagingService - localhost/127.0.0.1 failed to bind to port 12341 due to {}
io.netty.channel.unix.Errors$NativeIoException: bind(..) failed: Address already in use
	at io.netty.channel.unix.Errors.newIOException(Errors.java:122)
	at io.netty.channel.unix.Socket.bind(Socket.java:287)
	at io.netty.channel.epoll.AbstractEpollChannel.doBind(AbstractEpollChannel.java:684)
	at io.netty.channel.epoll.EpollServerSocketChannel.doBind(EpollServerSocketChannel.java:70)
	at io.netty.channel.AbstractChannel$AbstractUnsafe.bind(AbstractChannel.java:558)
	at io.netty.channel.DefaultChannelPipeline$HeadContext.bind(DefaultChannelPipeline.java:1358)
	at io.netty.channel.AbstractChannelHandlerContext.invokeBind(AbstractChannelHandlerContext.java:501)
	at io.netty.channel.AbstractChannelHandlerContext.bind(AbstractChannelHandlerContext.java:486)
	at io.netty.channel.DefaultChannelPipeline.bind(DefaultChannelPipeline.java:1019)
	at io.netty.channel.AbstractChannel.bind(AbstractChannel.java:254)
	at io.netty.bootstrap.AbstractBootstrap$2.run(AbstractBootstrap.java:366)
	at io.netty.util.concurrent.AbstractEventExecutor.safeExecute(AbstractEventExecutor.java:163)
	at io.netty.util.concurrent.SingleThreadEventExecutor.runAllTasks(SingleThreadEventExecutor.java:404)
	at io.netty.channel.epoll.EpollEventLoop.run(EpollEventLoop.java:322)
	at io.netty.util.concurrent.SingleThreadEventExecutor$5.run(SingleThreadEventExecutor.java:884)
	at java.lang.Thread.run(Thread.java:748)
Porta em uso: 12341
[Thread-3] WARN io.atomix.cluster.messaging.impl.NettyMessagingService - Disabling TLS for intra-cluster messaging; Could not load cluster key store: ../config/atomix.jks (No such file or directory)
[netty-messaging-event-epoll-server-0] WARN io.atomix.cluster.messaging.impl.NettyMessagingService - localhost/127.0.0.1 failed to bind to port 12342 due to {}
io.netty.channel.unix.Errors$NativeIoException: bind(..) failed: Address already in use
	at io.netty.channel.unix.Errors.newIOException(Errors.java:122)
	at io.netty.channel.unix.Socket.bind(Socket.java:287)
	at io.netty.channel.epoll.AbstractEpollChannel.doBind(AbstractEpollChannel.java:684)
	at io.netty.channel.epoll.EpollServerSocketChannel.doBind(EpollServerSocketChannel.java:70)
	at io.netty.channel.AbstractChannel$AbstractUnsafe.bind(AbstractChannel.java:558)
	at io.netty.channel.DefaultChannelPipeline$HeadContext.bind(DefaultChannelPipeline.java:1358)
	at io.netty.channel.AbstractChannelHandlerContext.invokeBind(AbstractChannelHandlerContext.java:501)
	at io.netty.channel.AbstractChannelHandlerContext.bind(AbstractChannelHandlerContext.java:486)
	at io.netty.channel.DefaultChannelPipeline.bind(DefaultChannelPipeline.java:1019)
	at io.netty.channel.AbstractChannel.bind(AbstractChannel.java:254)
	at io.netty.bootstrap.AbstractBootstrap$2.run(AbstractBootstrap.java:366)
	at io.netty.util.concurrent.AbstractEventExecutor.safeExecute(AbstractEventExecutor.java:163)
	at io.netty.util.concurrent.SingleThreadEventExecutor.runAllTasks(SingleThreadEventExecutor.java:404)
	at io.netty.channel.epoll.EpollEventLoop.run(EpollEventLoop.java:322)
	at io.netty.util.concurrent.SingleThreadEventExecutor$5.run(SingleThreadEventExecutor.java:884)
	at java.lang.Thread.run(Thread.java:748)
Porta em uso: 12342
[Thread-3] WARN io.atomix.cluster.messaging.impl.NettyMessagingService - Disabling TLS for intra-cluster messaging; Could not load cluster key store: ../config/atomix.jks (No such file or directory)
[netty-messaging-event-epoll-server-0] INFO io.atomix.cluster.messaging.impl.NettyMessagingService - localhost/127.0.0.1 accepting incoming connections on port 12343
[netty-messaging-event-epoll-server-0] INFO io.atomix.cluster.messaging.impl.NettyMessagingService - Started
DBWrapper: report latency for each error is false and specific error codes to track for latency are: []
java.lang.Exception: Não existem mais
java.lang.Exception: Não existem mais
java.lang.Exception: Não existem mais
java.lang.Exception: Não existem mais
java.lang.Exception: Não existem mais
java.lang.Exception: Não existem mais
java.lang.Exception: Não existem mais
java.lang.Exception: Não existem mais
java.lang.Exception: Não existem mais
java.lang.Exception: Não existem mais
java.lang.Exception: Não existem mais
java.lang.Exception: Não existem mais
java.lang.Exception: Não existem mais
java.lang.Exception: Não existem mais
java.lang.Exception: Não existem mais
java.lang.Exception: Não existem mais
java.lang.Exception: Não existem mais
java.lang.Exception: Não existem mais
java.lang.Exception: Não existem mais
java.lang.Exception: Não existem mais
java.lang.Exception: Não existem mais
java.lang.Exception: Não existem mais
java.lang.Exception: Não existem mais
java.lang.Exception: Não existem mais
java.lang.Exception: Não existem mais
java.lang.Exception: Não existem mais
java.lang.Exception: Não existem mais
java.lang.Exception: Não existem mais
java.lang.Exception: Não existem mais
java.lang.Exception: Não existem mais
java.lang.Exception: Não existem mais
java.lang.Exception: Não existem mais
java.lang.Exception: Não existem mais
java.lang.Exception: Não existem mais
java.lang.Exception: Não existem mais
java.lang.Exception: Não existem mais
java.lang.Exception: Não existem mais
java.lang.Exception: Não existem mais
java.lang.Exception: Não existem mais
java.lang.Exception: Não existem mais
java.lang.Exception: Não existem mais
java.lang.Exception: Não existem mais
java.lang.Exception: Não existem mais
java.lang.Exception: Não existem mais
java.lang.Exception: Não existem mais
java.lang.Exception: Não existem mais
java.lang.Exception: Não existem mais
java.lang.Exception: Não existem mais
java.lang.Exception: Não existem mais
java.lang.Exception: Não existem mais
java.lang.Exception: Não existem mais
java.lang.Exception: Não existem mais
java.lang.Exception: Não existem mais
java.lang.Exception: Não existem mais
java.lang.Exception: Não existem mais
java.lang.Exception: Não existem mais
java.lang.Exception: Não existem mais
java.lang.Exception: Não existem mais
java.lang.Exception: Não existem mais
java.lang.Exception: Não existem mais
java.lang.Exception: Não existem mais
java.lang.Exception: Não existem mais
java.lang.Exception: Não existem mais
java.lang.Exception: Não existem mais
java.lang.Exception: Não existem mais
java.lang.Exception: Não existem mais
java.lang.Exception: Não existem mais
java.lang.Exception: Não existem mais
java.lang.Exception: Não existem mais
java.lang.Exception: Não existem mais
java.lang.Exception: Não existem mais
java.lang.Exception: Não existem mais
java.lang.Exception: Não existem mais
java.lang.Exception: Não existem mais
java.lang.Exception: Não existem mais
java.lang.Exception: Não existem mais
java.lang.Exception: Não existem mais
java.lang.Exception: Não existem mais
java.lang.Exception: Não existem mais
java.lang.Exception: Não existem mais
java.lang.Exception: Não existem mais
java.lang.Exception: Não existem mais
java.lang.Exception: Não existem mais
java.lang.Exception: Não existem mais
java.lang.Exception: Não existem mais
java.lang.Exception: Não existem mais
java.lang.Exception: Não existem mais
java.lang.Exception: Não existem mais
java.lang.Exception: Não existem mais
java.lang.Exception: Não existem mais
java.lang.Exception: Não existem mais
java.lang.Exception: Não existem mais
java.lang.Exception: Não existem mais
java.lang.Exception: Não existem mais
java.lang.Exception: Não existem mais
java.lang.Exception: Não existem mais
java.lang.Exception: Não existem mais
java.lang.Exception: Não existem mais
java.lang.Exception: Não existem mais
java.lang.Exception: Não existem mais
java.lang.Exception: Não existem mais
java.lang.Exception: Não existem mais
java.lang.Exception: Não existem mais
java.lang.Exception: Não existem mais
java.lang.Exception: Não existem mais
java.lang.Exception: Não existem mais
java.lang.Exception: Não existem mais
java.lang.Exception: Não existem mais
java.lang.Exception: Não existem mais
java.lang.Exception: Não existem mais
java.lang.Exception: Não existem mais
java.lang.Exception: Não existem mais
java.lang.Exception: Não existem mais
java.lang.Exception: Não existem mais
java.lang.Exception: Não existem mais
java.lang.Exception: Não existem mais
java.lang.Exception: Não existem mais
java.lang.Exception: Não existem mais
java.lang.Exception: Não existem mais
java.lang.Exception: Não existem mais
java.lang.Exception: Não existem mais
java.lang.Exception: Não existem mais
java.lang.Exception: Não existem mais
java.lang.Exception: Não existem mais
java.lang.Exception: Não existem mais
java.lang.Exception: Não existem mais
java.lang.Exception: Não existem mais
java.lang.Exception: Não existem mais
java.lang.Exception: Não existem mais
java.lang.Exception: Não existem mais
java.lang.Exception: Não existem mais
java.lang.Exception: Não existem mais
java.lang.Exception: Não existem mais
java.lang.Exception: Não existem mais
java.lang.Exception: Não existem mais
java.lang.Exception: Não existem mais
java.lang.Exception: Não existem mais
java.lang.Exception: Não existem mais
java.lang.Exception: Não existem mais
java.lang.Exception: Não existem mais
java.lang.Exception: Não existem mais
java.lang.Exception: Não existem mais
java.lang.Exception: Não existem mais
java.lang.Exception: Não existem mais
java.lang.Exception: Não existem mais
java.lang.Exception: Não existem mais
java.lang.Exception: Não existem mais
java.lang.Exception: Não existem mais
java.lang.Exception: Não existem mais
java.lang.Exception: Não existem mais
java.lang.Exception: Não existem mais
java.lang.Exception: Não existem mais
java.lang.Exception: Não existem mais
java.lang.Exception: Não existem mais
java.lang.Exception: Não existem mais
java.lang.Exception: Não existem mais
java.lang.Exception: Não existem mais
java.lang.Exception: Não existem mais
java.lang.Exception: Não existem mais
java.lang.Exception: Não existem mais
java.lang.Exception: Não existem mais
java.lang.Exception: Não existem mais
java.lang.Exception: Não existem mais
java.lang.Exception: Não existem mais
java.lang.Exception: Não existem mais
java.lang.Exception: Não existem mais
java.lang.Exception: Não existem mais
java.lang.Exception: Não existem mais
java.lang.Exception: Não existem mais
java.lang.Exception: Não existem mais
java.lang.Exception: Não existem mais
java.lang.Exception: Não existem mais
java.lang.Exception: Não existem mais
java.lang.Exception: Não existem mais
java.lang.Exception: Não existem mais
java.lang.Exception: Não existem mais
java.lang.Exception: Não existem mais
java.lang.Exception: Não existem mais
java.lang.Exception: Não existem mais
java.lang.Exception: Não existem mais
java.lang.Exception: Não existem mais
java.lang.Exception: Não existem mais
java.lang.Exception: Não existem mais
java.lang.Exception: Não existem mais
java.lang.Exception: Não existem mais
java.lang.Exception: Não existem mais
java.lang.Exception: Não existem mais
java.lang.Exception: Não existem mais
java.lang.Exception: Não existem mais
java.lang.Exception: Não existem mais
java.lang.Exception: Não existem mais
2019-06-23 17:17:07:638 10 sec: 593 operations; 59,3 current ops/sec; est completion in 50 seconds [INSERT: Count=402, Max=63135, Min=368, Avg=1060,37, 90=1201, 99=2553, 99.9=63135, 99.99=63135] [SCAN: Count=191, Max=136319, Min=31840, Avg=46193,34, 90=56671, 99=92671, 99.9=136319, 99.99=136319] 
java.lang.Exception: Não existem mais
java.lang.Exception: Não existem mais
java.lang.Exception: Não existem mais
java.lang.Exception: Não existem mais
java.lang.Exception: Não existem mais
java.lang.Exception: Não existem mais
java.lang.Exception: Não existem mais
java.lang.Exception: Não existem mais
java.lang.Exception: Não existem mais
java.lang.Exception: Não existem mais
java.lang.Exception: Não existem mais
java.lang.Exception: Não existem mais
java.lang.Exception: Não existem mais
java.lang.Exception: Não existem mais
java.lang.Exception: Não existem mais
java.lang.Exception: Não existem mais
java.lang.Exception: Não existem mais
java.lang.Exception: Não existem mais
java.lang.Exception: Não existem mais
java.lang.Exception: Não existem mais
java.lang.Exception: Não existem mais
java.lang.Exception: Não existem mais
java.lang.Exception: Não existem mais
java.lang.Exception: Não existem mais
java.lang.Exception: Não existem mais
java.lang.Exception: Não existem mais
java.lang.Exception: Não existem mais
java.lang.Exception: Não existem mais
java.lang.Exception: Não existem mais
java.lang.Exception: Não existem mais
java.lang.Exception: Não existem mais
java.lang.Exception: Não existem mais
java.lang.Exception: Não existem mais
java.lang.Exception: Não existem mais
java.lang.Exception: Não existem mais
java.lang.Exception: Não existem mais
java.lang.Exception: Não existem mais
java.lang.Exception: Não existem mais
java.lang.Exception: Não existem mais
java.lang.Exception: Não existem mais
java.lang.Exception: Não existem mais
java.lang.Exception: Não existem mais
java.lang.Exception: Não existem mais
java.lang.Exception: Não existem mais
java.lang.Exception: Não existem mais
java.lang.Exception: Não existem mais
java.lang.Exception: Não existem mais
java.lang.Exception: Não existem mais
java.lang.Exception: Não existem mais
java.lang.Exception: Não existem mais
java.lang.Exception: Não existem mais
java.lang.Exception: Não existem mais
java.lang.Exception: Não existem mais
java.lang.Exception: Não existem mais
java.lang.Exception: Não existem mais
java.lang.Exception: Não existem mais
java.lang.Exception: Não existem mais
java.lang.Exception: Não existem mais
java.lang.Exception: Não existem mais
java.lang.Exception: Não existem mais
java.lang.Exception: Não existem mais
java.lang.Exception: Não existem mais
java.lang.Exception: Não existem mais
java.lang.Exception: Não existem mais
java.lang.Exception: Não existem mais
java.lang.Exception: Não existem mais
java.lang.Exception: Não existem mais
java.lang.Exception: Não existem mais
java.lang.Exception: Não existem mais
java.lang.Exception: Não existem mais
java.lang.Exception: Não existem mais
java.lang.Exception: Não existem mais
java.lang.Exception: Não existem mais
java.lang.Exception: Não existem mais
java.lang.Exception: Não existem mais
java.lang.Exception: Não existem mais
java.lang.Exception: Não existem mais
java.lang.Exception: Não existem mais
java.lang.Exception: Não existem mais
java.lang.Exception: Não existem mais
java.lang.Exception: Não existem mais
java.lang.Exception: Não existem mais
java.lang.Exception: Não existem mais
java.lang.Exception: Não existem mais
java.lang.Exception: Não existem mais
java.lang.Exception: Não existem mais
java.lang.Exception: Não existem mais
java.lang.Exception: Não existem mais
java.lang.Exception: Não existem mais
java.lang.Exception: Não existem mais
java.lang.Exception: Não existem mais
java.lang.Exception: Não existem mais
java.lang.Exception: Não existem mais
java.lang.Exception: Não existem mais
java.lang.Exception: Não existem mais
java.lang.Exception: Não existem mais
java.lang.Exception: Não existem mais
java.lang.Exception: Não existem mais
java.lang.Exception: Não existem mais
java.lang.Exception: Não existem mais
java.lang.Exception: Não existem mais
java.lang.Exception: Não existem mais
java.lang.Exception: Não existem mais
java.lang.Exception: Não existem mais
java.lang.Exception: Não existem mais
java.lang.Exception: Não existem mais
java.lang.Exception: Não existem mais
java.lang.Exception: Não existem mais
java.lang.Exception: Não existem mais
java.lang.Exception: Não existem mais
java.lang.Exception: Não existem mais
java.lang.Exception: Não existem mais
java.lang.Exception: Não existem mais
java.lang.Exception: Não existem mais
java.lang.Exception: Não existem mais
java.lang.Exception: Não existem mais
java.lang.Exception: Não existem mais
java.lang.Exception: Não existem mais
java.lang.Exception: Não existem mais
java.lang.Exception: Não existem mais
java.lang.Exception: Não existem mais
java.lang.Exception: Não existem mais
java.lang.Exception: Não existem mais
java.lang.Exception: Não existem mais
java.lang.Exception: Não existem mais
java.lang.Exception: Não existem mais
java.lang.Exception: Não existem mais
java.lang.Exception: Não existem mais
java.lang.Exception: Não existem mais
java.lang.Exception: Não existem mais
java.lang.Exception: Não existem mais
java.lang.Exception: Não existem mais
java.lang.Exception: Não existem mais
java.lang.Exception: Não existem mais
java.lang.Exception: Não existem mais
java.lang.Exception: Não existem mais
java.lang.Exception: Não existem mais
java.lang.Exception: Não existem mais
java.lang.Exception: Não existem mais
java.lang.Exception: Não existem mais
java.lang.Exception: Não existem mais
java.lang.Exception: Não existem mais
java.lang.Exception: Não existem mais
java.lang.Exception: Não existem mais
java.lang.Exception: Não existem mais
java.lang.Exception: Não existem mais
java.lang.Exception: Não existem mais
java.lang.Exception: Não existem mais
java.lang.Exception: Não existem mais
java.lang.Exception: Não existem mais
java.lang.Exception: Não existem mais
java.lang.Exception: Não existem mais
java.lang.Exception: Não existem mais
java.lang.Exception: Não existem mais
java.lang.Exception: Não existem mais
java.lang.Exception: Não existem mais
java.lang.Exception: Não existem mais
java.lang.Exception: Não existem mais
java.lang.Exception: Não existem mais
java.lang.Exception: Não existem mais
java.lang.Exception: Não existem mais
java.lang.Exception: Não existem mais
java.lang.Exception: Não existem mais
java.lang.Exception: Não existem mais
java.lang.Exception: Não existem mais
java.lang.Exception: Não existem mais
java.lang.Exception: Não existem mais
java.lang.Exception: Não existem mais
java.lang.Exception: Não existem mais
java.lang.Exception: Não existem mais
java.lang.Exception: Não existem mais
java.lang.Exception: Não existem mais
java.lang.Exception: Não existem mais
java.lang.Exception: Não existem mais
java.lang.Exception: Não existem mais
java.lang.Exception: Não existem mais
java.lang.Exception: Não existem mais
java.lang.Exception: Não existem mais
java.lang.Exception: Não existem mais
java.lang.Exception: Não existem mais
java.lang.Exception: Não existem mais
java.lang.Exception: Não existem mais
java.lang.Exception: Não existem mais
java.lang.Exception: Não existem mais
java.lang.Exception: Não existem mais
java.lang.Exception: Não existem mais
java.lang.Exception: Não existem mais
java.lang.Exception: Não existem mais
java.lang.Exception: Não existem mais
java.lang.Exception: Não existem mais
java.lang.Exception: Não existem mais
java.lang.Exception: Não existem mais
java.lang.Exception: Não existem mais
java.lang.Exception: Não existem mais
java.lang.Exception: Não existem mais
java.lang.Exception: Não existem mais
java.lang.Exception: Não existem mais
java.lang.Exception: Não existem mais
java.lang.Exception: Não existem mais
java.lang.Exception: Não existem mais
java.lang.Exception: Não existem mais
java.lang.Exception: Não existem mais
java.lang.Exception: Não existem mais
java.lang.Exception: Não existem mais
java.lang.Exception: Não existem mais
java.lang.Exception: Não existem mais
java.lang.Exception: Não existem mais
java.lang.Exception: Não existem mais
java.lang.Exception: Não existem mais
java.lang.Exception: Não existem mais
java.lang.Exception: Não existem mais
java.lang.Exception: Não existem mais
java.lang.Exception: Não existem mais
java.lang.Exception: Não existem mais
java.lang.Exception: Não existem mais
java.lang.Exception: Não existem mais
java.lang.Exception: Não existem mais
java.lang.Exception: Não existem mais
java.lang.Exception: Não existem mais
java.lang.Exception: Não existem mais
java.lang.Exception: Não existem mais
java.lang.Exception: Não existem mais
java.lang.Exception: Não existem mais
java.lang.Exception: Não existem mais
java.lang.Exception: Não existem mais
java.lang.Exception: Não existem mais
java.lang.Exception: Não existem mais
java.lang.Exception: Não existem mais
java.lang.Exception: Não existem mais
java.lang.Exception: Não existem mais
java.lang.Exception: Não existem mais
java.lang.Exception: Não existem mais
java.lang.Exception: Não existem mais
java.lang.Exception: Não existem mais
java.lang.Exception: Não existem mais
java.lang.Exception: Não existem mais
java.lang.Exception: Não existem mais
java.lang.Exception: Não existem mais
java.lang.Exception: Não existem mais
2019-06-23 17:17:17:638 20 sec: 1381 operations; 78,8 current ops/sec; est completion in 31 seconds [INSERT: Count=549, Max=3925, Min=355, Avg=767,28, 90=1063, 99=2471, 99.9=3151, 99.99=3925] [SCAN: Count=239, Max=56223, Min=28608, Avg=39949,59, 90=46239, 99=53663, 99.9=56223, 99.99=56223] 
java.lang.Exception: Não existem mais
java.lang.Exception: Não existem mais
java.lang.Exception: Não existem mais
java.lang.Exception: Não existem mais
java.lang.Exception: Não existem mais
java.lang.Exception: Não existem mais
java.lang.Exception: Não existem mais
java.lang.Exception: Não existem mais
java.lang.Exception: Não existem mais
java.lang.Exception: Não existem mais
java.lang.Exception: Não existem mais
java.lang.Exception: Não existem mais
java.lang.Exception: Não existem mais
java.lang.Exception: Não existem mais
java.lang.Exception: Não existem mais
java.lang.Exception: Não existem mais
java.lang.Exception: Não existem mais
java.lang.Exception: Não existem mais
java.lang.Exception: Não existem mais
java.lang.Exception: Não existem mais
java.lang.Exception: Não existem mais
java.lang.Exception: Não existem mais
java.lang.Exception: Não existem mais
java.lang.Exception: Não existem mais
java.lang.Exception: Não existem mais
java.lang.Exception: Não existem mais
java.lang.Exception: Não existem mais
java.lang.Exception: Não existem mais
java.lang.Exception: Não existem mais
java.lang.Exception: Não existem mais
java.lang.Exception: Não existem mais
java.lang.Exception: Não existem mais
java.lang.Exception: Não existem mais
java.lang.Exception: Não existem mais
java.lang.Exception: Não existem mais
java.lang.Exception: Não existem mais
java.lang.Exception: Não existem mais
java.lang.Exception: Não existem mais
java.lang.Exception: Não existem mais
java.lang.Exception: Não existem mais
java.lang.Exception: Não existem mais
java.lang.Exception: Não existem mais
java.lang.Exception: Não existem mais
java.lang.Exception: Não existem mais
java.lang.Exception: Não existem mais
java.lang.Exception: Não existem mais
java.lang.Exception: Não existem mais
java.lang.Exception: Não existem mais
java.lang.Exception: Não existem mais
java.lang.Exception: Não existem mais
java.lang.Exception: Não existem mais
java.lang.Exception: Não existem mais
java.lang.Exception: Não existem mais
java.lang.Exception: Não existem mais
java.lang.Exception: Não existem mais
java.lang.Exception: Não existem mais
java.lang.Exception: Não existem mais
java.lang.Exception: Não existem mais
java.lang.Exception: Não existem mais
java.lang.Exception: Não existem mais
java.lang.Exception: Não existem mais
java.lang.Exception: Não existem mais
java.lang.Exception: Não existem mais
java.lang.Exception: Não existem mais
java.lang.Exception: Não existem mais
java.lang.Exception: Não existem mais
java.lang.Exception: Não existem mais
java.lang.Exception: Não existem mais
java.lang.Exception: Não existem mais
java.lang.Exception: Não existem mais
java.lang.Exception: Não existem mais
java.lang.Exception: Não existem mais
java.lang.Exception: Não existem mais
java.lang.Exception: Não existem mais
java.lang.Exception: Não existem mais
java.lang.Exception: Não existem mais
java.lang.Exception: Não existem mais
java.lang.Exception: Não existem mais
java.lang.Exception: Não existem mais
java.lang.Exception: Não existem mais
java.lang.Exception: Não existem mais
java.lang.Exception: Não existem mais
java.lang.Exception: Não existem mais
java.lang.Exception: Não existem mais
java.lang.Exception: Não existem mais
java.lang.Exception: Não existem mais
java.lang.Exception: Não existem mais
java.lang.Exception: Não existem mais
java.lang.Exception: Não existem mais
java.lang.Exception: Não existem mais
java.lang.Exception: Não existem mais
java.lang.Exception: Não existem mais
java.lang.Exception: Não existem mais
java.lang.Exception: Não existem mais
java.lang.Exception: Não existem mais
java.lang.Exception: Não existem mais
java.lang.Exception: Não existem mais
java.lang.Exception: Não existem mais
java.lang.Exception: Não existem mais
java.lang.Exception: Não existem mais
java.lang.Exception: Não existem mais
java.lang.Exception: Não existem mais
java.lang.Exception: Não existem mais
java.lang.Exception: Não existem mais
java.lang.Exception: Não existem mais
java.lang.Exception: Não existem mais
java.lang.Exception: Não existem mais
java.lang.Exception: Não existem mais
java.lang.Exception: Não existem mais
java.lang.Exception: Não existem mais
java.lang.Exception: Não existem mais
java.lang.Exception: Não existem mais
java.lang.Exception: Não existem mais
java.lang.Exception: Não existem mais
java.lang.Exception: Não existem mais
java.lang.Exception: Não existem mais
java.lang.Exception: Não existem mais
java.lang.Exception: Não existem mais
java.lang.Exception: Não existem mais
java.lang.Exception: Não existem mais
java.lang.Exception: Não existem mais
java.lang.Exception: Não existem mais
java.lang.Exception: Não existem mais
java.lang.Exception: Não existem mais
java.lang.Exception: Não existem mais
java.lang.Exception: Não existem mais
java.lang.Exception: Não existem mais
java.lang.Exception: Não existem mais
java.lang.Exception: Não existem mais
java.lang.Exception: Não existem mais
java.lang.Exception: Não existem mais
java.lang.Exception: Não existem mais
java.lang.Exception: Não existem mais
java.lang.Exception: Não existem mais
java.lang.Exception: Não existem mais
java.lang.Exception: Não existem mais
java.lang.Exception: Não existem mais
java.lang.Exception: Não existem mais
java.lang.Exception: Não existem mais
java.lang.Exception: Não existem mais
java.lang.Exception: Não existem mais
java.lang.Exception: Não existem mais
java.lang.Exception: Não existem mais
java.lang.Exception: Não existem mais
java.lang.Exception: Não existem mais
java.lang.Exception: Não existem mais
java.lang.Exception: Não existem mais
java.lang.Exception: Não existem mais
java.lang.Exception: Não existem mais
java.lang.Exception: Não existem mais
java.lang.Exception: Não existem mais
java.lang.Exception: Não existem mais
java.lang.Exception: Não existem mais
java.lang.Exception: Não existem mais
java.lang.Exception: Não existem mais
java.lang.Exception: Não existem mais
java.lang.Exception: Não existem mais
java.lang.Exception: Não existem mais
java.lang.Exception: Não existem mais
java.lang.Exception: Não existem mais
java.lang.Exception: Não existem mais
java.lang.Exception: Não existem mais
java.lang.Exception: Não existem mais
java.lang.Exception: Não existem mais
java.lang.Exception: Não existem mais
java.lang.Exception: Não existem mais
java.lang.Exception: Não existem mais
java.lang.Exception: Não existem mais
java.lang.Exception: Não existem mais
java.lang.Exception: Não existem mais
java.lang.Exception: Não existem mais
java.lang.Exception: Não existem mais
java.lang.Exception: Não existem mais
java.lang.Exception: Não existem mais
java.lang.Exception: Não existem mais
java.lang.Exception: Não existem mais
java.lang.Exception: Não existem mais
java.lang.Exception: Não existem mais
java.lang.Exception: Não existem mais
java.lang.Exception: Não existem mais
java.lang.Exception: Não existem mais
java.lang.Exception: Não existem mais
java.lang.Exception: Não existem mais
java.lang.Exception: Não existem mais
java.lang.Exception: Não existem mais
java.lang.Exception: Não existem mais
java.lang.Exception: Não existem mais
java.lang.Exception: Não existem mais
java.lang.Exception: Não existem mais
java.lang.Exception: Não existem mais
java.lang.Exception: Não existem mais
java.lang.Exception: Não existem mais
java.lang.Exception: Não existem mais
java.lang.Exception: Não existem mais
java.lang.Exception: Não existem mais
java.lang.Exception: Não existem mais
java.lang.Exception: Não existem mais
java.lang.Exception: Não existem mais
java.lang.Exception: Não existem mais
java.lang.Exception: Não existem mais
java.lang.Exception: Não existem mais
java.lang.Exception: Não existem mais
java.lang.Exception: Não existem mais
java.lang.Exception: Não existem mais
java.lang.Exception: Não existem mais
java.lang.Exception: Não existem mais
java.lang.Exception: Não existem mais
java.lang.Exception: Não existem mais
java.lang.Exception: Não existem mais
java.lang.Exception: Não existem mais
java.lang.Exception: Não existem mais
java.lang.Exception: Não existem mais
java.lang.Exception: Não existem mais
java.lang.Exception: Não existem mais
java.lang.Exception: Não existem mais
java.lang.Exception: Não existem mais
java.lang.Exception: Não existem mais
java.lang.Exception: Não existem mais
java.lang.Exception: Não existem mais
java.lang.Exception: Não existem mais
java.lang.Exception: Não existem mais
java.lang.Exception: Não existem mais
java.lang.Exception: Não existem mais
java.lang.Exception: Não existem mais
java.lang.Exception: Não existem mais
java.lang.Exception: Não existem mais
java.lang.Exception: Não existem mais
java.lang.Exception: Não existem mais
java.lang.Exception: Não existem mais
java.lang.Exception: Não existem mais
java.lang.Exception: Não existem mais
java.lang.Exception: Não existem mais
java.lang.Exception: Não existem mais
java.lang.Exception: Não existem mais
java.lang.Exception: Não existem mais
java.lang.Exception: Não existem mais
java.lang.Exception: Não existem mais
2019-06-23 17:17:27:638 30 sec: 2197 operations; 81,6 current ops/sec; est completion in 18 seconds [INSERT: Count=579, Max=3209, Min=328, Avg=754,88, 90=1058, 99=2749, 99.9=3061, 99.99=3209] [SCAN: Count=237, Max=57631, Min=29312, Avg=40275,38, 90=46271, 99=52959, 99.9=57631, 99.99=57631] 
java.lang.Exception: Não existem mais
java.lang.Exception: Não existem mais
java.lang.Exception: Não existem mais
java.lang.Exception: Não existem mais
java.lang.Exception: Não existem mais
java.lang.Exception: Não existem mais
java.lang.Exception: Não existem mais
java.lang.Exception: Não existem mais
java.lang.Exception: Não existem mais
java.lang.Exception: Não existem mais
java.lang.Exception: Não existem mais
java.lang.Exception: Não existem mais
java.lang.Exception: Não existem mais
java.lang.Exception: Não existem mais
java.lang.Exception: Não existem mais
java.lang.Exception: Não existem mais
java.lang.Exception: Não existem mais
java.lang.Exception: Não existem mais
java.lang.Exception: Não existem mais
java.lang.Exception: Não existem mais
java.lang.Exception: Não existem mais
java.lang.Exception: Não existem mais
java.lang.Exception: Não existem mais
java.lang.Exception: Não existem mais
java.lang.Exception: Não existem mais
java.lang.Exception: Não existem mais
java.lang.Exception: Não existem mais
java.lang.Exception: Não existem mais
java.lang.Exception: Não existem mais
java.lang.Exception: Não existem mais
java.lang.Exception: Não existem mais
java.lang.Exception: Não existem mais
java.lang.Exception: Não existem mais
java.lang.Exception: Não existem mais
java.lang.Exception: Não existem mais
java.lang.Exception: Não existem mais
java.lang.Exception: Não existem mais
java.lang.Exception: Não existem mais
java.lang.Exception: Não existem mais
java.lang.Exception: Não existem mais
java.lang.Exception: Não existem mais
java.lang.Exception: Não existem mais
java.lang.Exception: Não existem mais
java.lang.Exception: Não existem mais
java.lang.Exception: Não existem mais
java.lang.Exception: Não existem mais
java.lang.Exception: Não existem mais
java.lang.Exception: Não existem mais
java.lang.Exception: Não existem mais
java.lang.Exception: Não existem mais
java.lang.Exception: Não existem mais
java.lang.Exception: Não existem mais
java.lang.Exception: Não existem mais
java.lang.Exception: Não existem mais
java.lang.Exception: Não existem mais
java.lang.Exception: Não existem mais
java.lang.Exception: Não existem mais
java.lang.Exception: Não existem mais
java.lang.Exception: Não existem mais
java.lang.Exception: Não existem mais
java.lang.Exception: Não existem mais
java.lang.Exception: Não existem mais
java.lang.Exception: Não existem mais
java.lang.Exception: Não existem mais
java.lang.Exception: Não existem mais
java.lang.Exception: Não existem mais
java.lang.Exception: Não existem mais
java.lang.Exception: Não existem mais
java.lang.Exception: Não existem mais
java.lang.Exception: Não existem mais
java.lang.Exception: Não existem mais
java.lang.Exception: Não existem mais
java.lang.Exception: Não existem mais
java.lang.Exception: Não existem mais
java.lang.Exception: Não existem mais
java.lang.Exception: Não existem mais
java.lang.Exception: Não existem mais
java.lang.Exception: Não existem mais
java.lang.Exception: Não existem mais
java.lang.Exception: Não existem mais
java.lang.Exception: Não existem mais
java.lang.Exception: Não existem mais
java.lang.Exception: Não existem mais
java.lang.Exception: Não existem mais
java.lang.Exception: Não existem mais
java.lang.Exception: Não existem mais
java.lang.Exception: Não existem mais
java.lang.Exception: Não existem mais
java.lang.Exception: Não existem mais
java.lang.Exception: Não existem mais
java.lang.Exception: Não existem mais
java.lang.Exception: Não existem mais
java.lang.Exception: Não existem mais
java.lang.Exception: Não existem mais
java.lang.Exception: Não existem mais
java.lang.Exception: Não existem mais
java.lang.Exception: Não existem mais
java.lang.Exception: Não existem mais
java.lang.Exception: Não existem mais
java.lang.Exception: Não existem mais
java.lang.Exception: Não existem mais
java.lang.Exception: Não existem mais
java.lang.Exception: Não existem mais
java.lang.Exception: Não existem mais
java.lang.Exception: Não existem mais
java.lang.Exception: Não existem mais
java.lang.Exception: Não existem mais
java.lang.Exception: Não existem mais
java.lang.Exception: Não existem mais
java.lang.Exception: Não existem mais
java.lang.Exception: Não existem mais
java.lang.Exception: Não existem mais
java.lang.Exception: Não existem mais
java.lang.Exception: Não existem mais
java.lang.Exception: Não existem mais
java.lang.Exception: Não existem mais
java.lang.Exception: Não existem mais
java.lang.Exception: Não existem mais
java.lang.Exception: Não existem mais
java.lang.Exception: Não existem mais
java.lang.Exception: Não existem mais
java.lang.Exception: Não existem mais
java.lang.Exception: Não existem mais
java.lang.Exception: Não existem mais
java.lang.Exception: Não existem mais
java.lang.Exception: Não existem mais
java.lang.Exception: Não existem mais
java.lang.Exception: Não existem mais
java.lang.Exception: Não existem mais
java.lang.Exception: Não existem mais
java.lang.Exception: Não existem mais
java.lang.Exception: Não existem mais
java.lang.Exception: Não existem mais
java.lang.Exception: Não existem mais
java.lang.Exception: Não existem mais
java.lang.Exception: Não existem mais
java.lang.Exception: Não existem mais
java.lang.Exception: Não existem mais
java.lang.Exception: Não existem mais
java.lang.Exception: Não existem mais
java.lang.Exception: Não existem mais
java.lang.Exception: Não existem mais
java.lang.Exception: Não existem mais
java.lang.Exception: Não existem mais
java.lang.Exception: Não existem mais
java.lang.Exception: Não existem mais
java.lang.Exception: Não existem mais
java.lang.Exception: Não existem mais
java.lang.Exception: Não existem mais
java.lang.Exception: Não existem mais
java.lang.Exception: Não existem mais
java.lang.Exception: Não existem mais
java.lang.Exception: Não existem mais
java.lang.Exception: Não existem mais
java.lang.Exception: Não existem mais
java.lang.Exception: Não existem mais
java.lang.Exception: Não existem mais
java.lang.Exception: Não existem mais
java.lang.Exception: Não existem mais
java.lang.Exception: Não existem mais
java.lang.Exception: Não existem mais
java.lang.Exception: Não existem mais
java.lang.Exception: Não existem mais
java.lang.Exception: Não existem mais
java.lang.Exception: Não existem mais
java.lang.Exception: Não existem mais
java.lang.Exception: Não existem mais
java.lang.Exception: Não existem mais
java.lang.Exception: Não existem mais
java.lang.Exception: Não existem mais
java.lang.Exception: Não existem mais
java.lang.Exception: Não existem mais
java.lang.Exception: Não existem mais
java.lang.Exception: Não existem mais
java.lang.Exception: Não existem mais
java.lang.Exception: Não existem mais
java.lang.Exception: Não existem mais
java.lang.Exception: Não existem mais
java.lang.Exception: Não existem mais
java.lang.Exception: Não existem mais
java.lang.Exception: Não existem mais
java.lang.Exception: Não existem mais
java.lang.Exception: Não existem mais
java.lang.Exception: Não existem mais
java.lang.Exception: Não existem mais
java.lang.Exception: Não existem mais
java.lang.Exception: Não existem mais
java.lang.Exception: Não existem mais
java.lang.Exception: Não existem mais
java.lang.Exception: Não existem mais
java.lang.Exception: Não existem mais
java.lang.Exception: Não existem mais
java.lang.Exception: Não existem mais
java.lang.Exception: Não existem mais
java.lang.Exception: Não existem mais
java.lang.Exception: Não existem mais
java.lang.Exception: Não existem mais
java.lang.Exception: Não existem mais
java.lang.Exception: Não existem mais
java.lang.Exception: Não existem mais
java.lang.Exception: Não existem mais
java.lang.Exception: Não existem mais
java.lang.Exception: Não existem mais
java.lang.Exception: Não existem mais
java.lang.Exception: Não existem mais
java.lang.Exception: Não existem mais
java.lang.Exception: Não existem mais
java.lang.Exception: Não existem mais
java.lang.Exception: Não existem mais
java.lang.Exception: Não existem mais
java.lang.Exception: Não existem mais
java.lang.Exception: Não existem mais
java.lang.Exception: Não existem mais
java.lang.Exception: Não existem mais
java.lang.Exception: Não existem mais
java.lang.Exception: Não existem mais
java.lang.Exception: Não existem mais
java.lang.Exception: Não existem mais
java.lang.Exception: Não existem mais
java.lang.Exception: Não existem mais
java.lang.Exception: Não existem mais
java.lang.Exception: Não existem mais
java.lang.Exception: Não existem mais
java.lang.Exception: Não existem mais
java.lang.Exception: Não existem mais
java.lang.Exception: Não existem mais
java.lang.Exception: Não existem mais
java.lang.Exception: Não existem mais
java.lang.Exception: Não existem mais
java.lang.Exception: Não existem mais
java.lang.Exception: Não existem mais
java.lang.Exception: Não existem mais
java.lang.Exception: Não existem mais
java.lang.Exception: Não existem mais
java.lang.Exception: Não existem mais
java.lang.Exception: Não existem mais
java.lang.Exception: Não existem mais
java.lang.Exception: Não existem mais
java.lang.Exception: Não existem mais
java.lang.Exception: Não existem mais
java.lang.Exception: Não existem mais
java.lang.Exception: Não existem mais
java.lang.Exception: Não existem mais
java.lang.Exception: Não existem mais
java.lang.Exception: Não existem mais
java.lang.Exception: Não existem mais
2019-06-23 17:17:37:638 40 sec: 3062 operations; 86,5 current ops/sec; est completion in 6 second [INSERT: Count=619, Max=2693, Min=338, Avg=679,43, 90=992, 99=1980, 99.9=2539, 99.99=2693] [SCAN: Count=246, Max=151679, Min=28928, Avg=38775,74, 90=44703, 99=54335, 99.9=151679, 99.99=151679] 
java.lang.Exception: Não existem mais
java.lang.Exception: Não existem mais
java.lang.Exception: Não existem mais
java.lang.Exception: Não existem mais
java.lang.Exception: Não existem mais
java.lang.Exception: Não existem mais
java.lang.Exception: Não existem mais
java.lang.Exception: Não existem mais
java.lang.Exception: Não existem mais
java.lang.Exception: Não existem mais
java.lang.Exception: Não existem mais
java.lang.Exception: Não existem mais
java.lang.Exception: Não existem mais
java.lang.Exception: Não existem mais
java.lang.Exception: Não existem mais
java.lang.Exception: Não existem mais
java.lang.Exception: Não existem mais
java.lang.Exception: Não existem mais
java.lang.Exception: Não existem mais
java.lang.Exception: Não existem mais
java.lang.Exception: Não existem mais
java.lang.Exception: Não existem mais
java.lang.Exception: Não existem mais
java.lang.Exception: Não existem mais
java.lang.Exception: Não existem mais
java.lang.Exception: Não existem mais
java.lang.Exception: Não existem mais
java.lang.Exception: Não existem mais
java.lang.Exception: Não existem mais
java.lang.Exception: Não existem mais
java.lang.Exception: Não existem mais
java.lang.Exception: Não existem mais
java.lang.Exception: Não existem mais
java.lang.Exception: Não existem mais
java.lang.Exception: Não existem mais
java.lang.Exception: Não existem mais
java.lang.Exception: Não existem mais
java.lang.Exception: Não existem mais
java.lang.Exception: Não existem mais
java.lang.Exception: Não existem mais
java.lang.Exception: Não existem mais
java.lang.Exception: Não existem mais
java.lang.Exception: Não existem mais
java.lang.Exception: Não existem mais
java.lang.Exception: Não existem mais
java.lang.Exception: Não existem mais
java.lang.Exception: Não existem mais
java.lang.Exception: Não existem mais
java.lang.Exception: Não existem mais
java.lang.Exception: Não existem mais
java.lang.Exception: Não existem mais
java.lang.Exception: Não existem mais
java.lang.Exception: Não existem mais
java.lang.Exception: Não existem mais
java.lang.Exception: Não existem mais
java.lang.Exception: Não existem mais
java.lang.Exception: Não existem mais
java.lang.Exception: Não existem mais
java.lang.Exception: Não existem mais
java.lang.Exception: Não existem mais
java.lang.Exception: Não existem mais
java.lang.Exception: Não existem mais
java.lang.Exception: Não existem mais
java.lang.Exception: Não existem mais
java.lang.Exception: Não existem mais
java.lang.Exception: Não existem mais
java.lang.Exception: Não existem mais
java.lang.Exception: Não existem mais
java.lang.Exception: Não existem mais
java.lang.Exception: Não existem mais
java.lang.Exception: Não existem mais
java.lang.Exception: Não existem mais
java.lang.Exception: Não existem mais
java.lang.Exception: Não existem mais
java.lang.Exception: Não existem mais
java.lang.Exception: Não existem mais
java.lang.Exception: Não existem mais
java.lang.Exception: Não existem mais
java.lang.Exception: Não existem mais
java.lang.Exception: Não existem mais
java.lang.Exception: Não existem mais
java.lang.Exception: Não existem mais
java.lang.Exception: Não existem mais
java.lang.Exception: Não existem mais
java.lang.Exception: Não existem mais
java.lang.Exception: Não existem mais
java.lang.Exception: Não existem mais
java.lang.Exception: Não existem mais
java.lang.Exception: Não existem mais
java.lang.Exception: Não existem mais
java.lang.Exception: Não existem mais
java.lang.Exception: Não existem mais
java.lang.Exception: Não existem mais
java.lang.Exception: Não existem mais
java.lang.Exception: Não existem mais
java.lang.Exception: Não existem mais
java.lang.Exception: Não existem mais
java.lang.Exception: Não existem mais
java.lang.Exception: Não existem mais
java.lang.Exception: Não existem mais
java.lang.Exception: Não existem mais
java.lang.Exception: Não existem mais
java.lang.Exception: Não existem mais
java.lang.Exception: Não existem mais
java.lang.Exception: Não existem mais
java.lang.Exception: Não existem mais
java.lang.Exception: Não existem mais
java.lang.Exception: Não existem mais
java.lang.Exception: Não existem mais
java.lang.Exception: Não existem mais
java.lang.Exception: Não existem mais
java.lang.Exception: Não existem mais
java.lang.Exception: Não existem mais
java.lang.Exception: Não existem mais
java.lang.Exception: Não existem mais
java.lang.Exception: Não existem mais
java.lang.Exception: Não existem mais
java.lang.Exception: Não existem mais
java.lang.Exception: Não existem mais
java.lang.Exception: Não existem mais
java.lang.Exception: Não existem mais
java.lang.Exception: Não existem mais
java.lang.Exception: Não existem mais
java.lang.Exception: Não existem mais
java.lang.Exception: Não existem mais
java.lang.Exception: Não existem mais
java.lang.Exception: Não existem mais
java.lang.Exception: Não existem mais
java.lang.Exception: Não existem mais
java.lang.Exception: Não existem mais
java.lang.Exception: Não existem mais
java.lang.Exception: Não existem mais
java.lang.Exception: Não existem mais
[ForkJoinPool.commonPool-worker-1] INFO io.atomix.cluster.messaging.impl.NettyMessagingService - Stopped
2019-06-23 17:17:45:406 47 sec: 3500 operations; 56,39 current ops/sec; [CLEANUP: Count=1, Max=2244607, Min=2242560, Avg=2243584, 90=2244607, 99=2244607, 99.9=2244607, 99.99=2244607] [INSERT: Count=305, Max=2423, Min=342, Avg=696,96, 90=1033, 99=1895, 99.9=2423, 99.99=2423] [SCAN: Count=133, Max=56767, Min=30432, Avg=40168,24, 90=47007, 99=54847, 99.9=56767, 99.99=56767] 
[OVERALL], RunTime(ms), 47768
[OVERALL], Throughput(ops/sec), 73.27080890973036
[TOTAL_GCS_PS_Scavenge], Count, 167
[TOTAL_GC_TIME_PS_Scavenge], Time(ms), 260
[TOTAL_GC_TIME_%_PS_Scavenge], Time(%), 0.5442974376151399
[TOTAL_GCS_PS_MarkSweep], Count, 1
[TOTAL_GC_TIME_PS_MarkSweep], Time(ms), 110
[TOTAL_GC_TIME_%_PS_MarkSweep], Time(%), 0.23027968514486688
[TOTAL_GCs], Count, 168
[TOTAL_GC_TIME], Time(ms), 370
[TOTAL_GC_TIME_%], Time(%), 0.7745771227600067
[CLEANUP], Operations, 1
[CLEANUP], AverageLatency(us), 2243584.0
[CLEANUP], MinLatency(us), 2242560
[CLEANUP], MaxLatency(us), 2244607
[CLEANUP], 95thPercentileLatency(us), 2244607
[CLEANUP], 99thPercentileLatency(us), 2244607
[INSERT], Operations, 2454
[INSERT], AverageLatency(us), 781.4657701711492
[INSERT], MinLatency(us), 328
[INSERT], MaxLatency(us), 63135
[INSERT], 95thPercentileLatency(us), 1161
[INSERT], 99thPercentileLatency(us), 2345
[INSERT], Return=OK, 2454
[SCAN], Operations, 1046
[SCAN], AverageLatency(us), 40915.25047801147
[SCAN], MinLatency(us), 28608
[SCAN], MaxLatency(us), 151679
[SCAN], 95thPercentileLatency(us), 52127
[SCAN], 99thPercentileLatency(us), 62111
[SCAN], Return=OK, 1046
dblei-binding
CENAS
['java', '-cp', '/home/jose/Desktop/LEI/Graficos/Key-DocumentDBv1/YCSB-master/dblei/conf:/home/jose/Desktop/LEI/Graficos/Key-DocumentDBv1/YCSB-master/dblei/target/dblei-binding-0.16.0-SNAPSHOT.jar:/home/jose/.m2/repository/org/apache/htrace/htrace-core4/4.1.0-incubating/htrace-core4-4.1.0-incubating.jar:/home/jose/.m2/repository/org/slf4j/slf4j-api/1.7.25/slf4j-api-1.7.25.jar:/home/jose/.m2/repository/org/rocksdb/rocksdbjni/5.11.3/rocksdbjni-5.11.3.jar:/home/jose/.m2/repository/net/jcip/jcip-annotations/1.0/jcip-annotations-1.0.jar:/home/jose/Desktop/LEI/Graficos/Key-DocumentDBv1/YCSB-master/core/target/core-0.16.0-SNAPSHOT.jar:/home/jose/.m2/repository/org/hdrhistogram/HdrHistogram/2.1.4/HdrHistogram-2.1.4.jar:/home/jose/Desktop/LEI/Key-DocumentDB/DB/target/bd-serverless-1.0-SNAPSHOT.jar:/home/jose/.m2/repository/org/codehaus/jackson/jackson-mapper-asl/1.9.4/jackson-mapper-asl-1.9.4.jar:/home/jose/.m2/repository/org/codehaus/jackson/jackson-core-asl/1.9.4/jackson-core-asl-1.9.4.jar', 'com.yahoo.ycsb.Client', '-db', 'com.yahoo.ycsb.db.dblei.DBLEIClient', '-P', 'workloads/workloade', '-p', 'operationcount=3500', '-s']
FIM
