[WARN]  Running against a source checkout. In order to get our runtime dependencies we'll have to invoke Maven. Depending on the state of your system, this may take ~30-45 seconds
[DEBUG]  Running 'mvn -pl com.yahoo.ycsb:dblei-binding -am package -DskipTests dependency:build-classpath -DincludeScope=compile -Dmdep.outputFilterFile=true'
java -cp /home/jose/Desktop/LEI/Graficos/Key-DocumentDBv1/YCSB-master/dblei/conf:/home/jose/Desktop/LEI/Graficos/Key-DocumentDBv1/YCSB-master/dblei/target/dblei-binding-0.16.0-SNAPSHOT.jar:/home/jose/.m2/repository/org/apache/htrace/htrace-core4/4.1.0-incubating/htrace-core4-4.1.0-incubating.jar:/home/jose/.m2/repository/org/slf4j/slf4j-api/1.7.25/slf4j-api-1.7.25.jar:/home/jose/.m2/repository/org/rocksdb/rocksdbjni/5.11.3/rocksdbjni-5.11.3.jar:/home/jose/.m2/repository/net/jcip/jcip-annotations/1.0/jcip-annotations-1.0.jar:/home/jose/Desktop/LEI/Graficos/Key-DocumentDBv1/YCSB-master/core/target/core-0.16.0-SNAPSHOT.jar:/home/jose/.m2/repository/org/hdrhistogram/HdrHistogram/2.1.4/HdrHistogram-2.1.4.jar:/home/jose/Desktop/LEI/Key-DocumentDB/DB/target/bd-serverless-1.0-SNAPSHOT.jar:/home/jose/.m2/repository/org/codehaus/jackson/jackson-mapper-asl/1.9.4/jackson-mapper-asl-1.9.4.jar:/home/jose/.m2/repository/org/codehaus/jackson/jackson-core-asl/1.9.4/jackson-core-asl-1.9.4.jar com.yahoo.ycsb.Client -db com.yahoo.ycsb.db.dblei.DBLEIClient -P workloads/workloade -p operationcount=2500 -s -t
Command line: -db com.yahoo.ycsb.db.dblei.DBLEIClient -P workloads/workloade -p operationcount=2500 -s -t
YCSB Client 0.16.0-SNAPSHOT

Loading workload...
Starting test.
2019-06-23 17:15:30:993 0 sec: 0 operations; est completion in 0 second 
Vou conectar ao spread
[Thread-3] WARN io.atomix.cluster.messaging.impl.NettyMessagingService - Disabling TLS for intra-cluster messaging; Could not load cluster key store: ../config/atomix.jks (No such file or directory)
[netty-messaging-event-epoll-server-0] WARN io.atomix.cluster.messaging.impl.NettyMessagingService - localhost/127.0.0.1 failed to bind to port 12340 due to {}
io.netty.channel.unix.Errors$NativeIoException: bind(..) failed: Address already in use
	at io.netty.channel.unix.Errors.newIOException(Errors.java:122)
	at io.netty.channel.unix.Socket.bind(Socket.java:287)
	at io.netty.channel.epoll.AbstractEpollChannel.doBind(AbstractEpollChannel.java:684)
	at io.netty.channel.epoll.EpollServerSocketChannel.doBind(EpollServerSocketChannel.java:70)
	at io.netty.channel.AbstractChannel$AbstractUnsafe.bind(AbstractChannel.java:558)
	at io.netty.channel.DefaultChannelPipeline$HeadContext.bind(DefaultChannelPipeline.java:1358)
	at io.netty.channel.AbstractChannelHandlerContext.invokeBind(AbstractChannelHandlerContext.java:501)
	at io.netty.channel.AbstractChannelHandlerContext.bind(AbstractChannelHandlerContext.java:486)
	at io.netty.channel.DefaultChannelPipeline.bind(DefaultChannelPipeline.java:1019)
	at io.netty.channel.AbstractChannel.bind(AbstractChannel.java:254)
	at io.netty.bootstrap.AbstractBootstrap$2.run(AbstractBootstrap.java:366)
	at io.netty.util.concurrent.AbstractEventExecutor.safeExecute(AbstractEventExecutor.java:163)
	at io.netty.util.concurrent.SingleThreadEventExecutor.runAllTasks(SingleThreadEventExecutor.java:404)
	at io.netty.channel.epoll.EpollEventLoop.run(EpollEventLoop.java:322)
	at io.netty.util.concurrent.SingleThreadEventExecutor$5.run(SingleThreadEventExecutor.java:884)
	at java.lang.Thread.run(Thread.java:748)
Porta em uso: 12340
[Thread-3] WARN io.atomix.cluster.messaging.impl.NettyMessagingService - Disabling TLS for intra-cluster messaging; Could not load cluster key store: ../config/atomix.jks (No such file or directory)
[netty-messaging-event-epoll-server-0] WARN io.atomix.cluster.messaging.impl.NettyMessagingService - localhost/127.0.0.1 failed to bind to port 12341 due to {}
io.netty.channel.unix.Errors$NativeIoException: bind(..) failed: Address already in use
	at io.netty.channel.unix.Errors.newIOException(Errors.java:122)
	at io.netty.channel.unix.Socket.bind(Socket.java:287)
	at io.netty.channel.epoll.AbstractEpollChannel.doBind(AbstractEpollChannel.java:684)
	at io.netty.channel.epoll.EpollServerSocketChannel.doBind(EpollServerSocketChannel.java:70)
	at io.netty.channel.AbstractChannel$AbstractUnsafe.bind(AbstractChannel.java:558)
	at io.netty.channel.DefaultChannelPipeline$HeadContext.bind(DefaultChannelPipeline.java:1358)
	at io.netty.channel.AbstractChannelHandlerContext.invokeBind(AbstractChannelHandlerContext.java:501)
	at io.netty.channel.AbstractChannelHandlerContext.bind(AbstractChannelHandlerContext.java:486)
	at io.netty.channel.DefaultChannelPipeline.bind(DefaultChannelPipeline.java:1019)
	at io.netty.channel.AbstractChannel.bind(AbstractChannel.java:254)
	at io.netty.bootstrap.AbstractBootstrap$2.run(AbstractBootstrap.java:366)
	at io.netty.util.concurrent.AbstractEventExecutor.safeExecute(AbstractEventExecutor.java:163)
	at io.netty.util.concurrent.SingleThreadEventExecutor.runAllTasks(SingleThreadEventExecutor.java:404)
	at io.netty.channel.epoll.EpollEventLoop.run(EpollEventLoop.java:322)
	at io.netty.util.concurrent.SingleThreadEventExecutor$5.run(SingleThreadEventExecutor.java:884)
	at java.lang.Thread.run(Thread.java:748)
Porta em uso: 12341
[Thread-3] WARN io.atomix.cluster.messaging.impl.NettyMessagingService - Disabling TLS for intra-cluster messaging; Could not load cluster key store: ../config/atomix.jks (No such file or directory)
[netty-messaging-event-epoll-server-0] WARN io.atomix.cluster.messaging.impl.NettyMessagingService - localhost/127.0.0.1 failed to bind to port 12342 due to {}
io.netty.channel.unix.Errors$NativeIoException: bind(..) failed: Address already in use
	at io.netty.channel.unix.Errors.newIOException(Errors.java:122)
	at io.netty.channel.unix.Socket.bind(Socket.java:287)
	at io.netty.channel.epoll.AbstractEpollChannel.doBind(AbstractEpollChannel.java:684)
	at io.netty.channel.epoll.EpollServerSocketChannel.doBind(EpollServerSocketChannel.java:70)
	at io.netty.channel.AbstractChannel$AbstractUnsafe.bind(AbstractChannel.java:558)
	at io.netty.channel.DefaultChannelPipeline$HeadContext.bind(DefaultChannelPipeline.java:1358)
	at io.netty.channel.AbstractChannelHandlerContext.invokeBind(AbstractChannelHandlerContext.java:501)
	at io.netty.channel.AbstractChannelHandlerContext.bind(AbstractChannelHandlerContext.java:486)
	at io.netty.channel.DefaultChannelPipeline.bind(DefaultChannelPipeline.java:1019)
	at io.netty.channel.AbstractChannel.bind(AbstractChannel.java:254)
	at io.netty.bootstrap.AbstractBootstrap$2.run(AbstractBootstrap.java:366)
	at io.netty.util.concurrent.AbstractEventExecutor.safeExecute(AbstractEventExecutor.java:163)
	at io.netty.util.concurrent.SingleThreadEventExecutor.runAllTasks(SingleThreadEventExecutor.java:404)
	at io.netty.channel.epoll.EpollEventLoop.run(EpollEventLoop.java:322)
	at io.netty.util.concurrent.SingleThreadEventExecutor$5.run(SingleThreadEventExecutor.java:884)
	at java.lang.Thread.run(Thread.java:748)
Porta em uso: 12342
[Thread-3] WARN io.atomix.cluster.messaging.impl.NettyMessagingService - Disabling TLS for intra-cluster messaging; Could not load cluster key store: ../config/atomix.jks (No such file or directory)
[netty-messaging-event-epoll-server-0] INFO io.atomix.cluster.messaging.impl.NettyMessagingService - localhost/127.0.0.1 accepting incoming connections on port 12343
[netty-messaging-event-epoll-server-0] INFO io.atomix.cluster.messaging.impl.NettyMessagingService - Started
DBWrapper: report latency for each error is false and specific error codes to track for latency are: []
java.lang.Exception: Não existem mais
java.lang.Exception: Não existem mais
java.lang.Exception: Não existem mais
java.lang.Exception: Não existem mais
java.lang.Exception: Não existem mais
java.lang.Exception: Não existem mais
java.lang.Exception: Não existem mais
java.lang.Exception: Não existem mais
java.lang.Exception: Não existem mais
java.lang.Exception: Não existem mais
java.lang.Exception: Não existem mais
java.lang.Exception: Não existem mais
java.lang.Exception: Não existem mais
java.lang.Exception: Não existem mais
java.lang.Exception: Não existem mais
java.lang.Exception: Não existem mais
java.lang.Exception: Não existem mais
java.lang.Exception: Não existem mais
java.lang.Exception: Não existem mais
java.lang.Exception: Não existem mais
java.lang.Exception: Não existem mais
java.lang.Exception: Não existem mais
java.lang.Exception: Não existem mais
java.lang.Exception: Não existem mais
java.lang.Exception: Não existem mais
java.lang.Exception: Não existem mais
java.lang.Exception: Não existem mais
java.lang.Exception: Não existem mais
java.lang.Exception: Não existem mais
java.lang.Exception: Não existem mais
java.lang.Exception: Não existem mais
java.lang.Exception: Não existem mais
java.lang.Exception: Não existem mais
java.lang.Exception: Não existem mais
java.lang.Exception: Não existem mais
java.lang.Exception: Não existem mais
java.lang.Exception: Não existem mais
java.lang.Exception: Não existem mais
java.lang.Exception: Não existem mais
java.lang.Exception: Não existem mais
java.lang.Exception: Não existem mais
java.lang.Exception: Não existem mais
java.lang.Exception: Não existem mais
java.lang.Exception: Não existem mais
java.lang.Exception: Não existem mais
java.lang.Exception: Não existem mais
java.lang.Exception: Não existem mais
java.lang.Exception: Não existem mais
java.lang.Exception: Não existem mais
java.lang.Exception: Não existem mais
java.lang.Exception: Não existem mais
java.lang.Exception: Não existem mais
java.lang.Exception: Não existem mais
java.lang.Exception: Não existem mais
java.lang.Exception: Não existem mais
java.lang.Exception: Não existem mais
java.lang.Exception: Não existem mais
java.lang.Exception: Não existem mais
java.lang.Exception: Não existem mais
java.lang.Exception: Não existem mais
java.lang.Exception: Não existem mais
java.lang.Exception: Não existem mais
java.lang.Exception: Não existem mais
java.lang.Exception: Não existem mais
java.lang.Exception: Não existem mais
java.lang.Exception: Não existem mais
java.lang.Exception: Não existem mais
java.lang.Exception: Não existem mais
java.lang.Exception: Não existem mais
java.lang.Exception: Não existem mais
java.lang.Exception: Não existem mais
java.lang.Exception: Não existem mais
java.lang.Exception: Não existem mais
java.lang.Exception: Não existem mais
java.lang.Exception: Não existem mais
java.lang.Exception: Não existem mais
java.lang.Exception: Não existem mais
java.lang.Exception: Não existem mais
java.lang.Exception: Não existem mais
java.lang.Exception: Não existem mais
java.lang.Exception: Não existem mais
java.lang.Exception: Não existem mais
java.lang.Exception: Não existem mais
java.lang.Exception: Não existem mais
java.lang.Exception: Não existem mais
java.lang.Exception: Não existem mais
java.lang.Exception: Não existem mais
java.lang.Exception: Não existem mais
java.lang.Exception: Não existem mais
java.lang.Exception: Não existem mais
java.lang.Exception: Não existem mais
java.lang.Exception: Não existem mais
java.lang.Exception: Não existem mais
java.lang.Exception: Não existem mais
java.lang.Exception: Não existem mais
java.lang.Exception: Não existem mais
java.lang.Exception: Não existem mais
java.lang.Exception: Não existem mais
java.lang.Exception: Não existem mais
java.lang.Exception: Não existem mais
java.lang.Exception: Não existem mais
java.lang.Exception: Não existem mais
java.lang.Exception: Não existem mais
java.lang.Exception: Não existem mais
java.lang.Exception: Não existem mais
java.lang.Exception: Não existem mais
java.lang.Exception: Não existem mais
java.lang.Exception: Não existem mais
java.lang.Exception: Não existem mais
java.lang.Exception: Não existem mais
java.lang.Exception: Não existem mais
java.lang.Exception: Não existem mais
java.lang.Exception: Não existem mais
java.lang.Exception: Não existem mais
java.lang.Exception: Não existem mais
java.lang.Exception: Não existem mais
java.lang.Exception: Não existem mais
java.lang.Exception: Não existem mais
java.lang.Exception: Não existem mais
java.lang.Exception: Não existem mais
java.lang.Exception: Não existem mais
java.lang.Exception: Não existem mais
java.lang.Exception: Não existem mais
java.lang.Exception: Não existem mais
java.lang.Exception: Não existem mais
java.lang.Exception: Não existem mais
java.lang.Exception: Não existem mais
java.lang.Exception: Não existem mais
java.lang.Exception: Não existem mais
java.lang.Exception: Não existem mais
java.lang.Exception: Não existem mais
java.lang.Exception: Não existem mais
java.lang.Exception: Não existem mais
java.lang.Exception: Não existem mais
java.lang.Exception: Não existem mais
java.lang.Exception: Não existem mais
java.lang.Exception: Não existem mais
java.lang.Exception: Não existem mais
java.lang.Exception: Não existem mais
java.lang.Exception: Não existem mais
java.lang.Exception: Não existem mais
java.lang.Exception: Não existem mais
java.lang.Exception: Não existem mais
java.lang.Exception: Não existem mais
java.lang.Exception: Não existem mais
java.lang.Exception: Não existem mais
java.lang.Exception: Não existem mais
java.lang.Exception: Não existem mais
java.lang.Exception: Não existem mais
java.lang.Exception: Não existem mais
java.lang.Exception: Não existem mais
java.lang.Exception: Não existem mais
java.lang.Exception: Não existem mais
java.lang.Exception: Não existem mais
java.lang.Exception: Não existem mais
java.lang.Exception: Não existem mais
java.lang.Exception: Não existem mais
java.lang.Exception: Não existem mais
java.lang.Exception: Não existem mais
java.lang.Exception: Não existem mais
java.lang.Exception: Não existem mais
java.lang.Exception: Não existem mais
java.lang.Exception: Não existem mais
java.lang.Exception: Não existem mais
java.lang.Exception: Não existem mais
java.lang.Exception: Não existem mais
java.lang.Exception: Não existem mais
java.lang.Exception: Não existem mais
java.lang.Exception: Não existem mais
java.lang.Exception: Não existem mais
java.lang.Exception: Não existem mais
java.lang.Exception: Não existem mais
java.lang.Exception: Não existem mais
java.lang.Exception: Não existem mais
java.lang.Exception: Não existem mais
java.lang.Exception: Não existem mais
java.lang.Exception: Não existem mais
java.lang.Exception: Não existem mais
java.lang.Exception: Não existem mais
java.lang.Exception: Não existem mais
java.lang.Exception: Não existem mais
java.lang.Exception: Não existem mais
java.lang.Exception: Não existem mais
java.lang.Exception: Não existem mais
java.lang.Exception: Não existem mais
java.lang.Exception: Não existem mais
java.lang.Exception: Não existem mais
java.lang.Exception: Não existem mais
java.lang.Exception: Não existem mais
java.lang.Exception: Não existem mais
java.lang.Exception: Não existem mais
java.lang.Exception: Não existem mais
java.lang.Exception: Não existem mais
java.lang.Exception: Não existem mais
java.lang.Exception: Não existem mais
java.lang.Exception: Não existem mais
java.lang.Exception: Não existem mais
2019-06-23 17:15:40:976 10 sec: 652 operations; 65,2 current ops/sec; est completion in 29 seconds [INSERT: Count=455, Max=69631, Min=394, Avg=1038,21, 90=1214, 99=2465, 99.9=69631, 99.99=69631] [SCAN: Count=197, Max=150783, Min=31696, Avg=44602,96, 90=53823, 99=85951, 99.9=150783, 99.99=150783] 
java.lang.Exception: Não existem mais
java.lang.Exception: Não existem mais
java.lang.Exception: Não existem mais
java.lang.Exception: Não existem mais
java.lang.Exception: Não existem mais
java.lang.Exception: Não existem mais
java.lang.Exception: Não existem mais
java.lang.Exception: Não existem mais
java.lang.Exception: Não existem mais
java.lang.Exception: Não existem mais
java.lang.Exception: Não existem mais
java.lang.Exception: Não existem mais
java.lang.Exception: Não existem mais
java.lang.Exception: Não existem mais
java.lang.Exception: Não existem mais
java.lang.Exception: Não existem mais
java.lang.Exception: Não existem mais
java.lang.Exception: Não existem mais
java.lang.Exception: Não existem mais
java.lang.Exception: Não existem mais
java.lang.Exception: Não existem mais
java.lang.Exception: Não existem mais
java.lang.Exception: Não existem mais
java.lang.Exception: Não existem mais
java.lang.Exception: Não existem mais
java.lang.Exception: Não existem mais
java.lang.Exception: Não existem mais
java.lang.Exception: Não existem mais
java.lang.Exception: Não existem mais
java.lang.Exception: Não existem mais
java.lang.Exception: Não existem mais
java.lang.Exception: Não existem mais
java.lang.Exception: Não existem mais
java.lang.Exception: Não existem mais
java.lang.Exception: Não existem mais
java.lang.Exception: Não existem mais
java.lang.Exception: Não existem mais
java.lang.Exception: Não existem mais
java.lang.Exception: Não existem mais
java.lang.Exception: Não existem mais
java.lang.Exception: Não existem mais
java.lang.Exception: Não existem mais
java.lang.Exception: Não existem mais
java.lang.Exception: Não existem mais
java.lang.Exception: Não existem mais
java.lang.Exception: Não existem mais
java.lang.Exception: Não existem mais
java.lang.Exception: Não existem mais
java.lang.Exception: Não existem mais
java.lang.Exception: Não existem mais
java.lang.Exception: Não existem mais
java.lang.Exception: Não existem mais
java.lang.Exception: Não existem mais
java.lang.Exception: Não existem mais
java.lang.Exception: Não existem mais
java.lang.Exception: Não existem mais
java.lang.Exception: Não existem mais
java.lang.Exception: Não existem mais
java.lang.Exception: Não existem mais
java.lang.Exception: Não existem mais
java.lang.Exception: Não existem mais
java.lang.Exception: Não existem mais
java.lang.Exception: Não existem mais
java.lang.Exception: Não existem mais
java.lang.Exception: Não existem mais
java.lang.Exception: Não existem mais
java.lang.Exception: Não existem mais
java.lang.Exception: Não existem mais
java.lang.Exception: Não existem mais
java.lang.Exception: Não existem mais
java.lang.Exception: Não existem mais
java.lang.Exception: Não existem mais
java.lang.Exception: Não existem mais
java.lang.Exception: Não existem mais
java.lang.Exception: Não existem mais
java.lang.Exception: Não existem mais
java.lang.Exception: Não existem mais
java.lang.Exception: Não existem mais
java.lang.Exception: Não existem mais
java.lang.Exception: Não existem mais
java.lang.Exception: Não existem mais
java.lang.Exception: Não existem mais
java.lang.Exception: Não existem mais
java.lang.Exception: Não existem mais
java.lang.Exception: Não existem mais
java.lang.Exception: Não existem mais
java.lang.Exception: Não existem mais
java.lang.Exception: Não existem mais
java.lang.Exception: Não existem mais
java.lang.Exception: Não existem mais
java.lang.Exception: Não existem mais
java.lang.Exception: Não existem mais
java.lang.Exception: Não existem mais
java.lang.Exception: Não existem mais
java.lang.Exception: Não existem mais
java.lang.Exception: Não existem mais
java.lang.Exception: Não existem mais
java.lang.Exception: Não existem mais
java.lang.Exception: Não existem mais
java.lang.Exception: Não existem mais
java.lang.Exception: Não existem mais
java.lang.Exception: Não existem mais
java.lang.Exception: Não existem mais
java.lang.Exception: Não existem mais
java.lang.Exception: Não existem mais
java.lang.Exception: Não existem mais
java.lang.Exception: Não existem mais
java.lang.Exception: Não existem mais
java.lang.Exception: Não existem mais
java.lang.Exception: Não existem mais
java.lang.Exception: Não existem mais
java.lang.Exception: Não existem mais
java.lang.Exception: Não existem mais
java.lang.Exception: Não existem mais
java.lang.Exception: Não existem mais
java.lang.Exception: Não existem mais
java.lang.Exception: Não existem mais
java.lang.Exception: Não existem mais
java.lang.Exception: Não existem mais
java.lang.Exception: Não existem mais
java.lang.Exception: Não existem mais
java.lang.Exception: Não existem mais
java.lang.Exception: Não existem mais
java.lang.Exception: Não existem mais
java.lang.Exception: Não existem mais
java.lang.Exception: Não existem mais
java.lang.Exception: Não existem mais
java.lang.Exception: Não existem mais
java.lang.Exception: Não existem mais
java.lang.Exception: Não existem mais
java.lang.Exception: Não existem mais
java.lang.Exception: Não existem mais
java.lang.Exception: Não existem mais
java.lang.Exception: Não existem mais
java.lang.Exception: Não existem mais
java.lang.Exception: Não existem mais
java.lang.Exception: Não existem mais
java.lang.Exception: Não existem mais
java.lang.Exception: Não existem mais
java.lang.Exception: Não existem mais
java.lang.Exception: Não existem mais
java.lang.Exception: Não existem mais
java.lang.Exception: Não existem mais
java.lang.Exception: Não existem mais
java.lang.Exception: Não existem mais
java.lang.Exception: Não existem mais
java.lang.Exception: Não existem mais
java.lang.Exception: Não existem mais
java.lang.Exception: Não existem mais
java.lang.Exception: Não existem mais
java.lang.Exception: Não existem mais
java.lang.Exception: Não existem mais
java.lang.Exception: Não existem mais
java.lang.Exception: Não existem mais
java.lang.Exception: Não existem mais
java.lang.Exception: Não existem mais
java.lang.Exception: Não existem mais
java.lang.Exception: Não existem mais
java.lang.Exception: Não existem mais
java.lang.Exception: Não existem mais
java.lang.Exception: Não existem mais
java.lang.Exception: Não existem mais
java.lang.Exception: Não existem mais
java.lang.Exception: Não existem mais
java.lang.Exception: Não existem mais
java.lang.Exception: Não existem mais
java.lang.Exception: Não existem mais
java.lang.Exception: Não existem mais
java.lang.Exception: Não existem mais
java.lang.Exception: Não existem mais
java.lang.Exception: Não existem mais
java.lang.Exception: Não existem mais
java.lang.Exception: Não existem mais
java.lang.Exception: Não existem mais
java.lang.Exception: Não existem mais
java.lang.Exception: Não existem mais
java.lang.Exception: Não existem mais
java.lang.Exception: Não existem mais
java.lang.Exception: Não existem mais
java.lang.Exception: Não existem mais
java.lang.Exception: Não existem mais
java.lang.Exception: Não existem mais
java.lang.Exception: Não existem mais
java.lang.Exception: Não existem mais
java.lang.Exception: Não existem mais
java.lang.Exception: Não existem mais
java.lang.Exception: Não existem mais
java.lang.Exception: Não existem mais
java.lang.Exception: Não existem mais
java.lang.Exception: Não existem mais
java.lang.Exception: Não existem mais
java.lang.Exception: Não existem mais
java.lang.Exception: Não existem mais
java.lang.Exception: Não existem mais
java.lang.Exception: Não existem mais
java.lang.Exception: Não existem mais
java.lang.Exception: Não existem mais
java.lang.Exception: Não existem mais
java.lang.Exception: Não existem mais
java.lang.Exception: Não existem mais
java.lang.Exception: Não existem mais
java.lang.Exception: Não existem mais
java.lang.Exception: Não existem mais
java.lang.Exception: Não existem mais
java.lang.Exception: Não existem mais
java.lang.Exception: Não existem mais
java.lang.Exception: Não existem mais
java.lang.Exception: Não existem mais
java.lang.Exception: Não existem mais
java.lang.Exception: Não existem mais
java.lang.Exception: Não existem mais
java.lang.Exception: Não existem mais
java.lang.Exception: Não existem mais
java.lang.Exception: Não existem mais
java.lang.Exception: Não existem mais
java.lang.Exception: Não existem mais
java.lang.Exception: Não existem mais
java.lang.Exception: Não existem mais
java.lang.Exception: Não existem mais
java.lang.Exception: Não existem mais
java.lang.Exception: Não existem mais
java.lang.Exception: Não existem mais
java.lang.Exception: Não existem mais
java.lang.Exception: Não existem mais
java.lang.Exception: Não existem mais
java.lang.Exception: Não existem mais
java.lang.Exception: Não existem mais
java.lang.Exception: Não existem mais
java.lang.Exception: Não existem mais
java.lang.Exception: Não existem mais
java.lang.Exception: Não existem mais
2019-06-23 17:15:50:976 20 sec: 1386 operations; 73,4 current ops/sec; est completion in 17 seconds [INSERT: Count=503, Max=6039, Min=379, Avg=790,91, 90=1105, 99=2139, 99.9=2815, 99.99=6039] [SCAN: Count=231, Max=69055, Min=30112, Avg=41425,59, 90=48607, 99=66687, 99.9=69055, 99.99=69055] 
java.lang.Exception: Não existem mais
java.lang.Exception: Não existem mais
java.lang.Exception: Não existem mais
java.lang.Exception: Não existem mais
java.lang.Exception: Não existem mais
java.lang.Exception: Não existem mais
java.lang.Exception: Não existem mais
java.lang.Exception: Não existem mais
java.lang.Exception: Não existem mais
java.lang.Exception: Não existem mais
java.lang.Exception: Não existem mais
java.lang.Exception: Não existem mais
java.lang.Exception: Não existem mais
java.lang.Exception: Não existem mais
java.lang.Exception: Não existem mais
java.lang.Exception: Não existem mais
java.lang.Exception: Não existem mais
java.lang.Exception: Não existem mais
java.lang.Exception: Não existem mais
java.lang.Exception: Não existem mais
java.lang.Exception: Não existem mais
java.lang.Exception: Não existem mais
java.lang.Exception: Não existem mais
java.lang.Exception: Não existem mais
java.lang.Exception: Não existem mais
java.lang.Exception: Não existem mais
java.lang.Exception: Não existem mais
java.lang.Exception: Não existem mais
java.lang.Exception: Não existem mais
java.lang.Exception: Não existem mais
java.lang.Exception: Não existem mais
java.lang.Exception: Não existem mais
java.lang.Exception: Não existem mais
java.lang.Exception: Não existem mais
java.lang.Exception: Não existem mais
java.lang.Exception: Não existem mais
java.lang.Exception: Não existem mais
java.lang.Exception: Não existem mais
java.lang.Exception: Não existem mais
java.lang.Exception: Não existem mais
java.lang.Exception: Não existem mais
java.lang.Exception: Não existem mais
java.lang.Exception: Não existem mais
java.lang.Exception: Não existem mais
java.lang.Exception: Não existem mais
java.lang.Exception: Não existem mais
java.lang.Exception: Não existem mais
java.lang.Exception: Não existem mais
java.lang.Exception: Não existem mais
java.lang.Exception: Não existem mais
java.lang.Exception: Não existem mais
java.lang.Exception: Não existem mais
java.lang.Exception: Não existem mais
java.lang.Exception: Não existem mais
java.lang.Exception: Não existem mais
java.lang.Exception: Não existem mais
java.lang.Exception: Não existem mais
java.lang.Exception: Não existem mais
java.lang.Exception: Não existem mais
java.lang.Exception: Não existem mais
java.lang.Exception: Não existem mais
java.lang.Exception: Não existem mais
java.lang.Exception: Não existem mais
java.lang.Exception: Não existem mais
java.lang.Exception: Não existem mais
java.lang.Exception: Não existem mais
java.lang.Exception: Não existem mais
java.lang.Exception: Não existem mais
java.lang.Exception: Não existem mais
java.lang.Exception: Não existem mais
java.lang.Exception: Não existem mais
java.lang.Exception: Não existem mais
java.lang.Exception: Não existem mais
java.lang.Exception: Não existem mais
java.lang.Exception: Não existem mais
java.lang.Exception: Não existem mais
java.lang.Exception: Não existem mais
java.lang.Exception: Não existem mais
java.lang.Exception: Não existem mais
java.lang.Exception: Não existem mais
java.lang.Exception: Não existem mais
java.lang.Exception: Não existem mais
java.lang.Exception: Não existem mais
java.lang.Exception: Não existem mais
java.lang.Exception: Não existem mais
java.lang.Exception: Não existem mais
java.lang.Exception: Não existem mais
java.lang.Exception: Não existem mais
java.lang.Exception: Não existem mais
java.lang.Exception: Não existem mais
java.lang.Exception: Não existem mais
java.lang.Exception: Não existem mais
java.lang.Exception: Não existem mais
java.lang.Exception: Não existem mais
java.lang.Exception: Não existem mais
java.lang.Exception: Não existem mais
java.lang.Exception: Não existem mais
java.lang.Exception: Não existem mais
java.lang.Exception: Não existem mais
java.lang.Exception: Não existem mais
java.lang.Exception: Não existem mais
java.lang.Exception: Não existem mais
java.lang.Exception: Não existem mais
java.lang.Exception: Não existem mais
java.lang.Exception: Não existem mais
java.lang.Exception: Não existem mais
java.lang.Exception: Não existem mais
java.lang.Exception: Não existem mais
java.lang.Exception: Não existem mais
java.lang.Exception: Não existem mais
java.lang.Exception: Não existem mais
java.lang.Exception: Não existem mais
java.lang.Exception: Não existem mais
java.lang.Exception: Não existem mais
java.lang.Exception: Não existem mais
java.lang.Exception: Não existem mais
java.lang.Exception: Não existem mais
java.lang.Exception: Não existem mais
java.lang.Exception: Não existem mais
java.lang.Exception: Não existem mais
java.lang.Exception: Não existem mais
java.lang.Exception: Não existem mais
java.lang.Exception: Não existem mais
java.lang.Exception: Não existem mais
java.lang.Exception: Não existem mais
java.lang.Exception: Não existem mais
java.lang.Exception: Não existem mais
java.lang.Exception: Não existem mais
java.lang.Exception: Não existem mais
java.lang.Exception: Não existem mais
java.lang.Exception: Não existem mais
java.lang.Exception: Não existem mais
java.lang.Exception: Não existem mais
java.lang.Exception: Não existem mais
java.lang.Exception: Não existem mais
java.lang.Exception: Não existem mais
java.lang.Exception: Não existem mais
java.lang.Exception: Não existem mais
java.lang.Exception: Não existem mais
java.lang.Exception: Não existem mais
java.lang.Exception: Não existem mais
java.lang.Exception: Não existem mais
java.lang.Exception: Não existem mais
java.lang.Exception: Não existem mais
java.lang.Exception: Não existem mais
java.lang.Exception: Não existem mais
java.lang.Exception: Não existem mais
java.lang.Exception: Não existem mais
java.lang.Exception: Não existem mais
java.lang.Exception: Não existem mais
java.lang.Exception: Não existem mais
java.lang.Exception: Não existem mais
java.lang.Exception: Não existem mais
java.lang.Exception: Não existem mais
java.lang.Exception: Não existem mais
java.lang.Exception: Não existem mais
java.lang.Exception: Não existem mais
java.lang.Exception: Não existem mais
java.lang.Exception: Não existem mais
java.lang.Exception: Não existem mais
java.lang.Exception: Não existem mais
java.lang.Exception: Não existem mais
java.lang.Exception: Não existem mais
java.lang.Exception: Não existem mais
java.lang.Exception: Não existem mais
java.lang.Exception: Não existem mais
java.lang.Exception: Não existem mais
java.lang.Exception: Não existem mais
java.lang.Exception: Não existem mais
java.lang.Exception: Não existem mais
java.lang.Exception: Não existem mais
java.lang.Exception: Não existem mais
java.lang.Exception: Não existem mais
java.lang.Exception: Não existem mais
java.lang.Exception: Não existem mais
java.lang.Exception: Não existem mais
java.lang.Exception: Não existem mais
java.lang.Exception: Não existem mais
java.lang.Exception: Não existem mais
java.lang.Exception: Não existem mais
java.lang.Exception: Não existem mais
java.lang.Exception: Não existem mais
java.lang.Exception: Não existem mais
java.lang.Exception: Não existem mais
java.lang.Exception: Não existem mais
java.lang.Exception: Não existem mais
java.lang.Exception: Não existem mais
java.lang.Exception: Não existem mais
java.lang.Exception: Não existem mais
java.lang.Exception: Não existem mais
java.lang.Exception: Não existem mais
java.lang.Exception: Não existem mais
java.lang.Exception: Não existem mais
java.lang.Exception: Não existem mais
java.lang.Exception: Não existem mais
java.lang.Exception: Não existem mais
java.lang.Exception: Não existem mais
java.lang.Exception: Não existem mais
java.lang.Exception: Não existem mais
java.lang.Exception: Não existem mais
java.lang.Exception: Não existem mais
java.lang.Exception: Não existem mais
java.lang.Exception: Não existem mais
java.lang.Exception: Não existem mais
java.lang.Exception: Não existem mais
java.lang.Exception: Não existem mais
java.lang.Exception: Não existem mais
java.lang.Exception: Não existem mais
java.lang.Exception: Não existem mais
java.lang.Exception: Não existem mais
java.lang.Exception: Não existem mais
java.lang.Exception: Não existem mais
java.lang.Exception: Não existem mais
java.lang.Exception: Não existem mais
java.lang.Exception: Não existem mais
java.lang.Exception: Não existem mais
java.lang.Exception: Não existem mais
java.lang.Exception: Não existem mais
java.lang.Exception: Não existem mais
java.lang.Exception: Não existem mais
java.lang.Exception: Não existem mais
java.lang.Exception: Não existem mais
java.lang.Exception: Não existem mais
java.lang.Exception: Não existem mais
java.lang.Exception: Não existem mais
java.lang.Exception: Não existem mais
java.lang.Exception: Não existem mais
java.lang.Exception: Não existem mais
java.lang.Exception: Não existem mais
java.lang.Exception: Não existem mais
java.lang.Exception: Não existem mais
java.lang.Exception: Não existem mais
java.lang.Exception: Não existem mais
java.lang.Exception: Não existem mais
java.lang.Exception: Não existem mais
java.lang.Exception: Não existem mais
java.lang.Exception: Não existem mais
java.lang.Exception: Não existem mais
java.lang.Exception: Não existem mais
java.lang.Exception: Não existem mais
java.lang.Exception: Não existem mais
2019-06-23 17:16:00:976 30 sec: 2124 operations; 73,8 current ops/sec; est completion in 6 second [INSERT: Count=497, Max=2483, Min=369, Avg=745,04, 90=1052, 99=1377, 99.9=2483, 99.99=2483] [SCAN: Count=241, Max=63103, Min=29008, Avg=39910,04, 90=47391, 99=56895, 99.9=63103, 99.99=63103] 
java.lang.Exception: Não existem mais
java.lang.Exception: Não existem mais
java.lang.Exception: Não existem mais
java.lang.Exception: Não existem mais
java.lang.Exception: Não existem mais
java.lang.Exception: Não existem mais
java.lang.Exception: Não existem mais
java.lang.Exception: Não existem mais
java.lang.Exception: Não existem mais
java.lang.Exception: Não existem mais
java.lang.Exception: Não existem mais
java.lang.Exception: Não existem mais
java.lang.Exception: Não existem mais
java.lang.Exception: Não existem mais
java.lang.Exception: Não existem mais
java.lang.Exception: Não existem mais
java.lang.Exception: Não existem mais
java.lang.Exception: Não existem mais
java.lang.Exception: Não existem mais
java.lang.Exception: Não existem mais
java.lang.Exception: Não existem mais
java.lang.Exception: Não existem mais
java.lang.Exception: Não existem mais
java.lang.Exception: Não existem mais
java.lang.Exception: Não existem mais
java.lang.Exception: Não existem mais
java.lang.Exception: Não existem mais
java.lang.Exception: Não existem mais
java.lang.Exception: Não existem mais
java.lang.Exception: Não existem mais
java.lang.Exception: Não existem mais
java.lang.Exception: Não existem mais
java.lang.Exception: Não existem mais
java.lang.Exception: Não existem mais
java.lang.Exception: Não existem mais
java.lang.Exception: Não existem mais
java.lang.Exception: Não existem mais
java.lang.Exception: Não existem mais
java.lang.Exception: Não existem mais
java.lang.Exception: Não existem mais
java.lang.Exception: Não existem mais
java.lang.Exception: Não existem mais
java.lang.Exception: Não existem mais
java.lang.Exception: Não existem mais
java.lang.Exception: Não existem mais
java.lang.Exception: Não existem mais
java.lang.Exception: Não existem mais
java.lang.Exception: Não existem mais
java.lang.Exception: Não existem mais
java.lang.Exception: Não existem mais
java.lang.Exception: Não existem mais
java.lang.Exception: Não existem mais
java.lang.Exception: Não existem mais
java.lang.Exception: Não existem mais
java.lang.Exception: Não existem mais
java.lang.Exception: Não existem mais
java.lang.Exception: Não existem mais
java.lang.Exception: Não existem mais
java.lang.Exception: Não existem mais
java.lang.Exception: Não existem mais
java.lang.Exception: Não existem mais
java.lang.Exception: Não existem mais
java.lang.Exception: Não existem mais
java.lang.Exception: Não existem mais
java.lang.Exception: Não existem mais
java.lang.Exception: Não existem mais
java.lang.Exception: Não existem mais
java.lang.Exception: Não existem mais
java.lang.Exception: Não existem mais
java.lang.Exception: Não existem mais
java.lang.Exception: Não existem mais
java.lang.Exception: Não existem mais
java.lang.Exception: Não existem mais
java.lang.Exception: Não existem mais
java.lang.Exception: Não existem mais
java.lang.Exception: Não existem mais
java.lang.Exception: Não existem mais
java.lang.Exception: Não existem mais
java.lang.Exception: Não existem mais
java.lang.Exception: Não existem mais
java.lang.Exception: Não existem mais
java.lang.Exception: Não existem mais
java.lang.Exception: Não existem mais
java.lang.Exception: Não existem mais
java.lang.Exception: Não existem mais
java.lang.Exception: Não existem mais
java.lang.Exception: Não existem mais
java.lang.Exception: Não existem mais
java.lang.Exception: Não existem mais
java.lang.Exception: Não existem mais
java.lang.Exception: Não existem mais
java.lang.Exception: Não existem mais
java.lang.Exception: Não existem mais
java.lang.Exception: Não existem mais
java.lang.Exception: Não existem mais
java.lang.Exception: Não existem mais
java.lang.Exception: Não existem mais
java.lang.Exception: Não existem mais
java.lang.Exception: Não existem mais
java.lang.Exception: Não existem mais
java.lang.Exception: Não existem mais
java.lang.Exception: Não existem mais
java.lang.Exception: Não existem mais
java.lang.Exception: Não existem mais
java.lang.Exception: Não existem mais
java.lang.Exception: Não existem mais
java.lang.Exception: Não existem mais
[ForkJoinPool.commonPool-worker-1] INFO io.atomix.cluster.messaging.impl.NettyMessagingService - Stopped
2019-06-23 17:16:07:825 36 sec: 2500 operations; 54,9 current ops/sec; [CLEANUP: Count=1, Max=2244607, Min=2242560, Avg=2243584, 90=2244607, 99=2244607, 99.9=2244607, 99.99=2244607] [INSERT: Count=269, Max=2295, Min=386, Avg=727,83, 90=1046, 99=1486, 99.9=2295, 99.99=2295] [SCAN: Count=107, Max=148607, Min=30048, Avg=41308,56, 90=45663, 99=57951, 99.9=148607, 99.99=148607] 
[OVERALL], RunTime(ms), 36849
[OVERALL], Throughput(ops/sec), 67.84444625362968
[TOTAL_GCS_PS_Scavenge], Count, 122
[TOTAL_GC_TIME_PS_Scavenge], Time(ms), 189
[TOTAL_GC_TIME_%_PS_Scavenge], Time(%), 0.5129040136774404
[TOTAL_GCS_PS_MarkSweep], Count, 1
[TOTAL_GC_TIME_PS_MarkSweep], Time(ms), 109
[TOTAL_GC_TIME_%_PS_MarkSweep], Time(%), 0.29580178566582543
[TOTAL_GCs], Count, 123
[TOTAL_GC_TIME], Time(ms), 298
[TOTAL_GC_TIME_%], Time(%), 0.8087057993432657
[CLEANUP], Operations, 1
[CLEANUP], AverageLatency(us), 2243584.0
[CLEANUP], MinLatency(us), 2242560
[CLEANUP], MaxLatency(us), 2244607
[CLEANUP], 95thPercentileLatency(us), 2244607
[CLEANUP], 99thPercentileLatency(us), 2244607
[INSERT], Operations, 1724
[INSERT], AverageLatency(us), 833.1090487238979
[INSERT], MinLatency(us), 369
[INSERT], MaxLatency(us), 69631
[INSERT], 95thPercentileLatency(us), 1227
[INSERT], 99thPercentileLatency(us), 2221
[INSERT], Return=OK, 1724
[SCAN], Operations, 776
[SCAN], AverageLatency(us), 41745.40206185567
[SCAN], MinLatency(us), 29008
[SCAN], MaxLatency(us), 150783
[SCAN], 95thPercentileLatency(us), 52383
[SCAN], 99thPercentileLatency(us), 66687
[SCAN], Return=OK, 776
dblei-binding
CENAS
['java', '-cp', '/home/jose/Desktop/LEI/Graficos/Key-DocumentDBv1/YCSB-master/dblei/conf:/home/jose/Desktop/LEI/Graficos/Key-DocumentDBv1/YCSB-master/dblei/target/dblei-binding-0.16.0-SNAPSHOT.jar:/home/jose/.m2/repository/org/apache/htrace/htrace-core4/4.1.0-incubating/htrace-core4-4.1.0-incubating.jar:/home/jose/.m2/repository/org/slf4j/slf4j-api/1.7.25/slf4j-api-1.7.25.jar:/home/jose/.m2/repository/org/rocksdb/rocksdbjni/5.11.3/rocksdbjni-5.11.3.jar:/home/jose/.m2/repository/net/jcip/jcip-annotations/1.0/jcip-annotations-1.0.jar:/home/jose/Desktop/LEI/Graficos/Key-DocumentDBv1/YCSB-master/core/target/core-0.16.0-SNAPSHOT.jar:/home/jose/.m2/repository/org/hdrhistogram/HdrHistogram/2.1.4/HdrHistogram-2.1.4.jar:/home/jose/Desktop/LEI/Key-DocumentDB/DB/target/bd-serverless-1.0-SNAPSHOT.jar:/home/jose/.m2/repository/org/codehaus/jackson/jackson-mapper-asl/1.9.4/jackson-mapper-asl-1.9.4.jar:/home/jose/.m2/repository/org/codehaus/jackson/jackson-core-asl/1.9.4/jackson-core-asl-1.9.4.jar', 'com.yahoo.ycsb.Client', '-db', 'com.yahoo.ycsb.db.dblei.DBLEIClient', '-P', 'workloads/workloade', '-p', 'operationcount=2500', '-s']
FIM
