[WARN]  Running against a source checkout. In order to get our runtime dependencies we'll have to invoke Maven. Depending on the state of your system, this may take ~30-45 seconds
[DEBUG]  Running 'mvn -pl com.yahoo.ycsb:rocksdb-binding -am package -DskipTests dependency:build-classpath -DincludeScope=compile -Dmdep.outputFilterFile=true'
java -cp /home/jose/Desktop/LEI/Graficos/Key-DocumentDBv1/YCSB-master/rocksdb/conf:/home/jose/Desktop/LEI/Graficos/Key-DocumentDBv1/YCSB-master/rocksdb/target/rocksdb-binding-0.16.0-SNAPSHOT.jar:/home/jose/.m2/repository/org/apache/htrace/htrace-core4/4.1.0-incubating/htrace-core4-4.1.0-incubating.jar:/home/jose/.m2/repository/org/slf4j/slf4j-api/1.7.25/slf4j-api-1.7.25.jar:/home/jose/.m2/repository/org/rocksdb/rocksdbjni/5.11.3/rocksdbjni-5.11.3.jar:/home/jose/.m2/repository/net/jcip/jcip-annotations/1.0/jcip-annotations-1.0.jar:/home/jose/Desktop/LEI/Graficos/Key-DocumentDBv1/YCSB-master/core/target/core-0.16.0-SNAPSHOT.jar:/home/jose/.m2/repository/org/hdrhistogram/HdrHistogram/2.1.4/HdrHistogram-2.1.4.jar:/home/jose/.m2/repository/org/codehaus/jackson/jackson-mapper-asl/1.9.4/jackson-mapper-asl-1.9.4.jar:/home/jose/.m2/repository/org/codehaus/jackson/jackson-core-asl/1.9.4/jackson-core-asl-1.9.4.jar com.yahoo.ycsb.Client -db com.yahoo.ycsb.db.rocksdb.RocksDBClient -P workloads/workloada -p operationcount=1000 -p rocksdb.dir=./dbR/ycsb-rocksdb-dataV2 -s -t
Command line: -db com.yahoo.ycsb.db.rocksdb.RocksDBClient -P workloads/workloada -p operationcount=1000 -p rocksdb.dir=./dbR/ycsb-rocksdb-dataV2 -s -t
YCSB Client 0.16.0-SNAPSHOT

Loading workload...
Starting test.
SLF4J: Failed to load class "org.slf4j.impl.StaticLoggerBinder".
SLF4J: Defaulting to no-operation (NOP) logger implementation
SLF4J: See http://www.slf4j.org/codes.html#StaticLoggerBinder for further details.
2019-06-22 19:31:17:776 0 sec: 0 operations; est completion in 0 second 
DBWrapper: report latency for each error is false and specific error codes to track for latency are: []
2019-06-22 19:31:18:136 0 sec: 1000 operations; 2645,5 current ops/sec; [READ: Count=528, Max=5799, Min=7, Avg=58,88, 90=83, 99=249, 99.9=994, 99.99=5799] [CLEANUP: Count=1, Max=24655, Min=24640, Avg=24648, 90=24655, 99=24655, 99.9=24655, 99.99=24655] [UPDATE: Count=472, Max=11575, Min=54, Avg=220,99, 90=252, 99=2121, 99.9=11575, 99.99=11575] 
[OVERALL], RunTime(ms), 378
[OVERALL], Throughput(ops/sec), 2645.5026455026455
[TOTAL_GCS_PS_Scavenge], Count, 0
[TOTAL_GC_TIME_PS_Scavenge], Time(ms), 0
[TOTAL_GC_TIME_%_PS_Scavenge], Time(%), 0.0
[TOTAL_GCS_PS_MarkSweep], Count, 0
[TOTAL_GC_TIME_PS_MarkSweep], Time(ms), 0
[TOTAL_GC_TIME_%_PS_MarkSweep], Time(%), 0.0
[TOTAL_GCs], Count, 0
[TOTAL_GC_TIME], Time(ms), 0
[TOTAL_GC_TIME_%], Time(%), 0.0
[READ], Operations, 528
[READ], AverageLatency(us), 58.878787878787875
[READ], MinLatency(us), 7
[READ], MaxLatency(us), 5799
[READ], 95thPercentileLatency(us), 104
[READ], 99thPercentileLatency(us), 249
[READ], Return=OK, 528
[CLEANUP], Operations, 1
[CLEANUP], AverageLatency(us), 24648.0
[CLEANUP], MinLatency(us), 24640
[CLEANUP], MaxLatency(us), 24655
[CLEANUP], 95thPercentileLatency(us), 24655
[CLEANUP], 99thPercentileLatency(us), 24655
[UPDATE], Operations, 472
[UPDATE], AverageLatency(us), 220.98728813559322
[UPDATE], MinLatency(us), 54
[UPDATE], MaxLatency(us), 11575
[UPDATE], 95thPercentileLatency(us), 385
[UPDATE], 99thPercentileLatency(us), 2121
[UPDATE], Return=OK, 472
rocksdb-binding
CENAS
['java', '-cp', '/home/jose/Desktop/LEI/Graficos/Key-DocumentDBv1/YCSB-master/rocksdb/conf:/home/jose/Desktop/LEI/Graficos/Key-DocumentDBv1/YCSB-master/rocksdb/target/rocksdb-binding-0.16.0-SNAPSHOT.jar:/home/jose/.m2/repository/org/apache/htrace/htrace-core4/4.1.0-incubating/htrace-core4-4.1.0-incubating.jar:/home/jose/.m2/repository/org/slf4j/slf4j-api/1.7.25/slf4j-api-1.7.25.jar:/home/jose/.m2/repository/org/rocksdb/rocksdbjni/5.11.3/rocksdbjni-5.11.3.jar:/home/jose/.m2/repository/net/jcip/jcip-annotations/1.0/jcip-annotations-1.0.jar:/home/jose/Desktop/LEI/Graficos/Key-DocumentDBv1/YCSB-master/core/target/core-0.16.0-SNAPSHOT.jar:/home/jose/.m2/repository/org/hdrhistogram/HdrHistogram/2.1.4/HdrHistogram-2.1.4.jar:/home/jose/.m2/repository/org/codehaus/jackson/jackson-mapper-asl/1.9.4/jackson-mapper-asl-1.9.4.jar:/home/jose/.m2/repository/org/codehaus/jackson/jackson-core-asl/1.9.4/jackson-core-asl-1.9.4.jar', 'com.yahoo.ycsb.Client', '-db', 'com.yahoo.ycsb.db.rocksdb.RocksDBClient', '-P', 'workloads/workloada', '-p', 'operationcount=1000', '-p', 'rocksdb.dir=./dbR/ycsb-rocksdb-dataV2', '-s']
FIM
