[WARN]  Running against a source checkout. In order to get our runtime dependencies we'll have to invoke Maven. Depending on the state of your system, this may take ~30-45 seconds
[DEBUG]  Running 'mvn -pl com.yahoo.ycsb:rocksdb-binding -am package -DskipTests dependency:build-classpath -DincludeScope=compile -Dmdep.outputFilterFile=true'
java -cp /home/jose/Desktop/LEI/Graficos/Key-DocumentDBv1/YCSB-master/rocksdb/conf:/home/jose/Desktop/LEI/Graficos/Key-DocumentDBv1/YCSB-master/rocksdb/target/rocksdb-binding-0.16.0-SNAPSHOT.jar:/home/jose/.m2/repository/org/apache/htrace/htrace-core4/4.1.0-incubating/htrace-core4-4.1.0-incubating.jar:/home/jose/.m2/repository/org/slf4j/slf4j-api/1.7.25/slf4j-api-1.7.25.jar:/home/jose/.m2/repository/org/rocksdb/rocksdbjni/5.11.3/rocksdbjni-5.11.3.jar:/home/jose/.m2/repository/net/jcip/jcip-annotations/1.0/jcip-annotations-1.0.jar:/home/jose/Desktop/LEI/Graficos/Key-DocumentDBv1/YCSB-master/core/target/core-0.16.0-SNAPSHOT.jar:/home/jose/.m2/repository/org/hdrhistogram/HdrHistogram/2.1.4/HdrHistogram-2.1.4.jar:/home/jose/.m2/repository/org/codehaus/jackson/jackson-mapper-asl/1.9.4/jackson-mapper-asl-1.9.4.jar:/home/jose/.m2/repository/org/codehaus/jackson/jackson-core-asl/1.9.4/jackson-core-asl-1.9.4.jar com.yahoo.ycsb.Client -db com.yahoo.ycsb.db.rocksdb.RocksDBClient -P workloads/workloade -p operationcount=2000 -p rocksdb.dir=./dbR/ycsb-rocksdb-data -s -t
Command line: -db com.yahoo.ycsb.db.rocksdb.RocksDBClient -P workloads/workloade -p operationcount=2000 -p rocksdb.dir=./dbR/ycsb-rocksdb-data -s -t
YCSB Client 0.16.0-SNAPSHOT

Loading workload...
Starting test.
SLF4J: Failed to load class "org.slf4j.impl.StaticLoggerBinder".
SLF4J: Defaulting to no-operation (NOP) logger implementation
SLF4J: See http://www.slf4j.org/codes.html#StaticLoggerBinder for further details.
2019-06-22 19:32:59:767 0 sec: 0 operations; est completion in 0 second 
DBWrapper: report latency for each error is false and specific error codes to track for latency are: []
2019-06-22 19:33:00:157 0 sec: 2000 operations; 4866,18 current ops/sec; [CLEANUP: Count=1, Max=2209, Min=2208, Avg=2209, 90=2209, 99=2209, 99.9=2209, 99.99=2209] [INSERT: Count=1412, Max=877, Min=12, Avg=35,3, 90=63, 99=187, 99.9=479, 99.99=877] [SCAN: Count=588, Max=5535, Min=13, Avg=316,32, 90=564, 99=1655, 99.9=5071, 99.99=5535] 
[OVERALL], RunTime(ms), 411
[OVERALL], Throughput(ops/sec), 4866.1800486618
[TOTAL_GCS_PS_Scavenge], Count, 3
[TOTAL_GC_TIME_PS_Scavenge], Time(ms), 7
[TOTAL_GC_TIME_%_PS_Scavenge], Time(%), 1.70316301703163
[TOTAL_GCS_PS_MarkSweep], Count, 0
[TOTAL_GC_TIME_PS_MarkSweep], Time(ms), 0
[TOTAL_GC_TIME_%_PS_MarkSweep], Time(%), 0.0
[TOTAL_GCs], Count, 3
[TOTAL_GC_TIME], Time(ms), 7
[TOTAL_GC_TIME_%], Time(%), 1.70316301703163
[CLEANUP], Operations, 1
[CLEANUP], AverageLatency(us), 2209.0
[CLEANUP], MinLatency(us), 2208
[CLEANUP], MaxLatency(us), 2209
[CLEANUP], 95thPercentileLatency(us), 2209
[CLEANUP], 99thPercentileLatency(us), 2209
[INSERT], Operations, 1412
[INSERT], AverageLatency(us), 35.29603399433428
[INSERT], MinLatency(us), 12
[INSERT], MaxLatency(us), 877
[INSERT], 95thPercentileLatency(us), 84
[INSERT], 99thPercentileLatency(us), 187
[INSERT], Return=OK, 1412
[SCAN], Operations, 588
[SCAN], AverageLatency(us), 316.3248299319728
[SCAN], MinLatency(us), 13
[SCAN], MaxLatency(us), 5535
[SCAN], 95thPercentileLatency(us), 869
[SCAN], 99thPercentileLatency(us), 1655
[SCAN], Return=OK, 588
rocksdb-binding
CENAS
['java', '-cp', '/home/jose/Desktop/LEI/Graficos/Key-DocumentDBv1/YCSB-master/rocksdb/conf:/home/jose/Desktop/LEI/Graficos/Key-DocumentDBv1/YCSB-master/rocksdb/target/rocksdb-binding-0.16.0-SNAPSHOT.jar:/home/jose/.m2/repository/org/apache/htrace/htrace-core4/4.1.0-incubating/htrace-core4-4.1.0-incubating.jar:/home/jose/.m2/repository/org/slf4j/slf4j-api/1.7.25/slf4j-api-1.7.25.jar:/home/jose/.m2/repository/org/rocksdb/rocksdbjni/5.11.3/rocksdbjni-5.11.3.jar:/home/jose/.m2/repository/net/jcip/jcip-annotations/1.0/jcip-annotations-1.0.jar:/home/jose/Desktop/LEI/Graficos/Key-DocumentDBv1/YCSB-master/core/target/core-0.16.0-SNAPSHOT.jar:/home/jose/.m2/repository/org/hdrhistogram/HdrHistogram/2.1.4/HdrHistogram-2.1.4.jar:/home/jose/.m2/repository/org/codehaus/jackson/jackson-mapper-asl/1.9.4/jackson-mapper-asl-1.9.4.jar:/home/jose/.m2/repository/org/codehaus/jackson/jackson-core-asl/1.9.4/jackson-core-asl-1.9.4.jar', 'com.yahoo.ycsb.Client', '-db', 'com.yahoo.ycsb.db.rocksdb.RocksDBClient', '-P', 'workloads/workloade', '-p', 'operationcount=2000', '-p', 'rocksdb.dir=./dbR/ycsb-rocksdb-data', '-s']
FIM
