[WARN]  Running against a source checkout. In order to get our runtime dependencies we'll have to invoke Maven. Depending on the state of your system, this may take ~30-45 seconds
[DEBUG]  Running 'mvn -pl com.yahoo.ycsb:rocksdb-binding -am package -DskipTests dependency:build-classpath -DincludeScope=compile -Dmdep.outputFilterFile=true'
java -cp /home/jose/Desktop/LEI/Graficos/Key-DocumentDBv1/YCSB-master/rocksdb/conf:/home/jose/Desktop/LEI/Graficos/Key-DocumentDBv1/YCSB-master/rocksdb/target/rocksdb-binding-0.16.0-SNAPSHOT.jar:/home/jose/.m2/repository/org/apache/htrace/htrace-core4/4.1.0-incubating/htrace-core4-4.1.0-incubating.jar:/home/jose/.m2/repository/org/slf4j/slf4j-api/1.7.25/slf4j-api-1.7.25.jar:/home/jose/.m2/repository/org/rocksdb/rocksdbjni/5.11.3/rocksdbjni-5.11.3.jar:/home/jose/.m2/repository/net/jcip/jcip-annotations/1.0/jcip-annotations-1.0.jar:/home/jose/Desktop/LEI/Graficos/Key-DocumentDBv1/YCSB-master/core/target/core-0.16.0-SNAPSHOT.jar:/home/jose/.m2/repository/org/hdrhistogram/HdrHistogram/2.1.4/HdrHistogram-2.1.4.jar:/home/jose/.m2/repository/org/codehaus/jackson/jackson-mapper-asl/1.9.4/jackson-mapper-asl-1.9.4.jar:/home/jose/.m2/repository/org/codehaus/jackson/jackson-core-asl/1.9.4/jackson-core-asl-1.9.4.jar com.yahoo.ycsb.Client -db com.yahoo.ycsb.db.rocksdb.RocksDBClient -P workloads/workloade -p operationcount=500 -p rocksdb.dir=./dbR/ycsb-rocksdb-data -s -t
Command line: -db com.yahoo.ycsb.db.rocksdb.RocksDBClient -P workloads/workloade -p operationcount=500 -p rocksdb.dir=./dbR/ycsb-rocksdb-data -s -t
YCSB Client 0.16.0-SNAPSHOT

Loading workload...
Starting test.
SLF4J: Failed to load class "org.slf4j.impl.StaticLoggerBinder".
SLF4J: Defaulting to no-operation (NOP) logger implementation
SLF4J: See http://www.slf4j.org/codes.html#StaticLoggerBinder for further details.
2019-06-22 19:32:35:585 0 sec: 0 operations; est completion in 0 second 
DBWrapper: report latency for each error is false and specific error codes to track for latency are: []
2019-06-22 19:32:35:894 0 sec: 500 operations; 1510,57 current ops/sec; [CLEANUP: Count=1, Max=9367, Min=9360, Avg=9364, 90=9367, 99=9367, 99.9=9367, 99.99=9367] [INSERT: Count=356, Max=1205, Min=26, Avg=71,77, 90=116, 99=261, 99.9=1205, 99.99=1205] [SCAN: Count=144, Max=4703, Min=137, Avg=959,81, 90=1815, 99=2895, 99.9=4703, 99.99=4703] 
[OVERALL], RunTime(ms), 332
[OVERALL], Throughput(ops/sec), 1506.0240963855422
[TOTAL_GCS_PS_Scavenge], Count, 0
[TOTAL_GC_TIME_PS_Scavenge], Time(ms), 0
[TOTAL_GC_TIME_%_PS_Scavenge], Time(%), 0.0
[TOTAL_GCS_PS_MarkSweep], Count, 0
[TOTAL_GC_TIME_PS_MarkSweep], Time(ms), 0
[TOTAL_GC_TIME_%_PS_MarkSweep], Time(%), 0.0
[TOTAL_GCs], Count, 0
[TOTAL_GC_TIME], Time(ms), 0
[TOTAL_GC_TIME_%], Time(%), 0.0
[CLEANUP], Operations, 1
[CLEANUP], AverageLatency(us), 9364.0
[CLEANUP], MinLatency(us), 9360
[CLEANUP], MaxLatency(us), 9367
[CLEANUP], 95thPercentileLatency(us), 9367
[CLEANUP], 99thPercentileLatency(us), 9367
[INSERT], Operations, 356
[INSERT], AverageLatency(us), 71.76966292134831
[INSERT], MinLatency(us), 26
[INSERT], MaxLatency(us), 1205
[INSERT], 95thPercentileLatency(us), 158
[INSERT], 99thPercentileLatency(us), 261
[INSERT], Return=OK, 356
[SCAN], Operations, 144
[SCAN], AverageLatency(us), 959.8125
[SCAN], MinLatency(us), 137
[SCAN], MaxLatency(us), 4703
[SCAN], 95thPercentileLatency(us), 2035
[SCAN], 99thPercentileLatency(us), 2895
[SCAN], Return=OK, 144
rocksdb-binding
CENAS
['java', '-cp', '/home/jose/Desktop/LEI/Graficos/Key-DocumentDBv1/YCSB-master/rocksdb/conf:/home/jose/Desktop/LEI/Graficos/Key-DocumentDBv1/YCSB-master/rocksdb/target/rocksdb-binding-0.16.0-SNAPSHOT.jar:/home/jose/.m2/repository/org/apache/htrace/htrace-core4/4.1.0-incubating/htrace-core4-4.1.0-incubating.jar:/home/jose/.m2/repository/org/slf4j/slf4j-api/1.7.25/slf4j-api-1.7.25.jar:/home/jose/.m2/repository/org/rocksdb/rocksdbjni/5.11.3/rocksdbjni-5.11.3.jar:/home/jose/.m2/repository/net/jcip/jcip-annotations/1.0/jcip-annotations-1.0.jar:/home/jose/Desktop/LEI/Graficos/Key-DocumentDBv1/YCSB-master/core/target/core-0.16.0-SNAPSHOT.jar:/home/jose/.m2/repository/org/hdrhistogram/HdrHistogram/2.1.4/HdrHistogram-2.1.4.jar:/home/jose/.m2/repository/org/codehaus/jackson/jackson-mapper-asl/1.9.4/jackson-mapper-asl-1.9.4.jar:/home/jose/.m2/repository/org/codehaus/jackson/jackson-core-asl/1.9.4/jackson-core-asl-1.9.4.jar', 'com.yahoo.ycsb.Client', '-db', 'com.yahoo.ycsb.db.rocksdb.RocksDBClient', '-P', 'workloads/workloade', '-p', 'operationcount=500', '-p', 'rocksdb.dir=./dbR/ycsb-rocksdb-data', '-s']
FIM
