[WARN]  Running against a source checkout. In order to get our runtime dependencies we'll have to invoke Maven. Depending on the state of your system, this may take ~30-45 seconds
[DEBUG]  Running 'mvn -pl com.yahoo.ycsb:rocksdb-binding -am package -DskipTests dependency:build-classpath -DincludeScope=compile -Dmdep.outputFilterFile=true'
java -cp /home/jose/Desktop/LEI/Graficos/Key-DocumentDBv1/YCSB-master/rocksdb/conf:/home/jose/Desktop/LEI/Graficos/Key-DocumentDBv1/YCSB-master/rocksdb/target/rocksdb-binding-0.16.0-SNAPSHOT.jar:/home/jose/.m2/repository/org/apache/htrace/htrace-core4/4.1.0-incubating/htrace-core4-4.1.0-incubating.jar:/home/jose/.m2/repository/org/slf4j/slf4j-api/1.7.25/slf4j-api-1.7.25.jar:/home/jose/.m2/repository/org/rocksdb/rocksdbjni/5.11.3/rocksdbjni-5.11.3.jar:/home/jose/.m2/repository/net/jcip/jcip-annotations/1.0/jcip-annotations-1.0.jar:/home/jose/Desktop/LEI/Graficos/Key-DocumentDBv1/YCSB-master/core/target/core-0.16.0-SNAPSHOT.jar:/home/jose/.m2/repository/org/hdrhistogram/HdrHistogram/2.1.4/HdrHistogram-2.1.4.jar:/home/jose/.m2/repository/org/codehaus/jackson/jackson-mapper-asl/1.9.4/jackson-mapper-asl-1.9.4.jar:/home/jose/.m2/repository/org/codehaus/jackson/jackson-core-asl/1.9.4/jackson-core-asl-1.9.4.jar com.yahoo.ycsb.Client -db com.yahoo.ycsb.db.rocksdb.RocksDBClient -P workloads/workloada -p operationcount=3500 -p rocksdb.dir=./dbR/ycsb-rocksdb-dataV2 -s -t
Command line: -db com.yahoo.ycsb.db.rocksdb.RocksDBClient -P workloads/workloada -p operationcount=3500 -p rocksdb.dir=./dbR/ycsb-rocksdb-dataV2 -s -t
YCSB Client 0.16.0-SNAPSHOT

Loading workload...
Starting test.
SLF4J: Failed to load class "org.slf4j.impl.StaticLoggerBinder".
SLF4J: Defaulting to no-operation (NOP) logger implementation
SLF4J: See http://www.slf4j.org/codes.html#StaticLoggerBinder for further details.
2019-06-22 19:31:53:741 0 sec: 0 operations; est completion in 0 second 
DBWrapper: report latency for each error is false and specific error codes to track for latency are: []
2019-06-22 19:31:53:993 0 sec: 3500 operations; 12962,96 current ops/sec; [READ: Count=1728, Max=120, Min=2, Avg=13,47, 90=29, 99=73, 99.9=96, 99.99=120] [CLEANUP: Count=1, Max=2245, Min=2244, Avg=2245, 90=2245, 99=2245, 99.9=2245, 99.99=2245] [UPDATE: Count=1772, Max=3803, Min=15, Avg=48,73, 90=76, 99=200, 99.9=347, 99.99=3803] 
[OVERALL], RunTime(ms), 270
[OVERALL], Throughput(ops/sec), 12962.962962962964
[TOTAL_GCS_PS_Scavenge], Count, 1
[TOTAL_GC_TIME_PS_Scavenge], Time(ms), 3
[TOTAL_GC_TIME_%_PS_Scavenge], Time(%), 1.1111111111111112
[TOTAL_GCS_PS_MarkSweep], Count, 0
[TOTAL_GC_TIME_PS_MarkSweep], Time(ms), 0
[TOTAL_GC_TIME_%_PS_MarkSweep], Time(%), 0.0
[TOTAL_GCs], Count, 1
[TOTAL_GC_TIME], Time(ms), 3
[TOTAL_GC_TIME_%], Time(%), 1.1111111111111112
[READ], Operations, 1728
[READ], AverageLatency(us), 13.465277777777779
[READ], MinLatency(us), 2
[READ], MaxLatency(us), 120
[READ], 95thPercentileLatency(us), 42
[READ], 99thPercentileLatency(us), 73
[READ], Return=OK, 1728
[CLEANUP], Operations, 1
[CLEANUP], AverageLatency(us), 2245.0
[CLEANUP], MinLatency(us), 2244
[CLEANUP], MaxLatency(us), 2245
[CLEANUP], 95thPercentileLatency(us), 2245
[CLEANUP], 99thPercentileLatency(us), 2245
[UPDATE], Operations, 1772
[UPDATE], AverageLatency(us), 48.72686230248307
[UPDATE], MinLatency(us), 15
[UPDATE], MaxLatency(us), 3803
[UPDATE], 95thPercentileLatency(us), 98
[UPDATE], 99thPercentileLatency(us), 200
[UPDATE], Return=OK, 1772
rocksdb-binding
CENAS
['java', '-cp', '/home/jose/Desktop/LEI/Graficos/Key-DocumentDBv1/YCSB-master/rocksdb/conf:/home/jose/Desktop/LEI/Graficos/Key-DocumentDBv1/YCSB-master/rocksdb/target/rocksdb-binding-0.16.0-SNAPSHOT.jar:/home/jose/.m2/repository/org/apache/htrace/htrace-core4/4.1.0-incubating/htrace-core4-4.1.0-incubating.jar:/home/jose/.m2/repository/org/slf4j/slf4j-api/1.7.25/slf4j-api-1.7.25.jar:/home/jose/.m2/repository/org/rocksdb/rocksdbjni/5.11.3/rocksdbjni-5.11.3.jar:/home/jose/.m2/repository/net/jcip/jcip-annotations/1.0/jcip-annotations-1.0.jar:/home/jose/Desktop/LEI/Graficos/Key-DocumentDBv1/YCSB-master/core/target/core-0.16.0-SNAPSHOT.jar:/home/jose/.m2/repository/org/hdrhistogram/HdrHistogram/2.1.4/HdrHistogram-2.1.4.jar:/home/jose/.m2/repository/org/codehaus/jackson/jackson-mapper-asl/1.9.4/jackson-mapper-asl-1.9.4.jar:/home/jose/.m2/repository/org/codehaus/jackson/jackson-core-asl/1.9.4/jackson-core-asl-1.9.4.jar', 'com.yahoo.ycsb.Client', '-db', 'com.yahoo.ycsb.db.rocksdb.RocksDBClient', '-P', 'workloads/workloada', '-p', 'operationcount=3500', '-p', 'rocksdb.dir=./dbR/ycsb-rocksdb-dataV2', '-s']
FIM
